ARM GAS  C:\Users\84886\AppData\Local\Temp\ccE2d3wh.s 			page 1


   1              		.cpu cortex-m3
   2              		.eabi_attribute 20, 1
   3              		.eabi_attribute 21, 1
   4              		.eabi_attribute 23, 3
   5              		.eabi_attribute 24, 1
   6              		.eabi_attribute 25, 1
   7              		.eabi_attribute 26, 1
   8              		.eabi_attribute 30, 1
   9              		.eabi_attribute 34, 1
  10              		.eabi_attribute 18, 4
  11              		.file	"stm32f1xx_it.c"
  12              		.text
  13              	.Ltext0:
  14              		.cfi_sections	.debug_frame
  15              		.section	.text.NMI_Handler,"ax",%progbits
  16              		.align	1
  17              		.global	NMI_Handler
  18              		.arch armv7-m
  19              		.syntax unified
  20              		.thumb
  21              		.thumb_func
  22              		.fpu softvfp
  24              	NMI_Handler:
  25              	.LFB65:
  26              		.file 1 "Core/Src/stm32f1xx_it.c"
   1:Core/Src/stm32f1xx_it.c **** /* USER CODE BEGIN Header */
   2:Core/Src/stm32f1xx_it.c **** /**
   3:Core/Src/stm32f1xx_it.c ****   ******************************************************************************
   4:Core/Src/stm32f1xx_it.c ****   * @file    stm32f1xx_it.c
   5:Core/Src/stm32f1xx_it.c ****   * @brief   Interrupt Service Routines.
   6:Core/Src/stm32f1xx_it.c ****   ******************************************************************************
   7:Core/Src/stm32f1xx_it.c ****   * @attention
   8:Core/Src/stm32f1xx_it.c ****   *
   9:Core/Src/stm32f1xx_it.c ****   * Copyright (c) 2023 STMicroelectronics.
  10:Core/Src/stm32f1xx_it.c ****   * All rights reserved.
  11:Core/Src/stm32f1xx_it.c ****   *
  12:Core/Src/stm32f1xx_it.c ****   * This software is licensed under terms that can be found in the LICENSE file
  13:Core/Src/stm32f1xx_it.c ****   * in the root directory of this software component.
  14:Core/Src/stm32f1xx_it.c ****   * If no LICENSE file comes with this software, it is provided AS-IS.
  15:Core/Src/stm32f1xx_it.c ****   *
  16:Core/Src/stm32f1xx_it.c ****   ******************************************************************************
  17:Core/Src/stm32f1xx_it.c ****   */
  18:Core/Src/stm32f1xx_it.c **** /* USER CODE END Header */
  19:Core/Src/stm32f1xx_it.c **** 
  20:Core/Src/stm32f1xx_it.c **** /* Includes ------------------------------------------------------------------*/
  21:Core/Src/stm32f1xx_it.c **** #include "main.h"
  22:Core/Src/stm32f1xx_it.c **** #include "stm32f1xx_it.h"
  23:Core/Src/stm32f1xx_it.c **** /* Private includes ----------------------------------------------------------*/
  24:Core/Src/stm32f1xx_it.c **** /* USER CODE BEGIN Includes */
  25:Core/Src/stm32f1xx_it.c **** /* USER CODE END Includes */
  26:Core/Src/stm32f1xx_it.c **** 
  27:Core/Src/stm32f1xx_it.c **** /* Private typedef -----------------------------------------------------------*/
  28:Core/Src/stm32f1xx_it.c **** /* USER CODE BEGIN TD */
  29:Core/Src/stm32f1xx_it.c **** 
  30:Core/Src/stm32f1xx_it.c **** /* USER CODE END TD */
  31:Core/Src/stm32f1xx_it.c **** 
  32:Core/Src/stm32f1xx_it.c **** /* Private define ------------------------------------------------------------*/
ARM GAS  C:\Users\84886\AppData\Local\Temp\ccE2d3wh.s 			page 2


  33:Core/Src/stm32f1xx_it.c **** /* USER CODE BEGIN PD */
  34:Core/Src/stm32f1xx_it.c **** 
  35:Core/Src/stm32f1xx_it.c **** /* USER CODE END PD */
  36:Core/Src/stm32f1xx_it.c **** 
  37:Core/Src/stm32f1xx_it.c **** /* Private macro -------------------------------------------------------------*/
  38:Core/Src/stm32f1xx_it.c **** /* USER CODE BEGIN PM */
  39:Core/Src/stm32f1xx_it.c **** 
  40:Core/Src/stm32f1xx_it.c **** /* USER CODE END PM */
  41:Core/Src/stm32f1xx_it.c **** 
  42:Core/Src/stm32f1xx_it.c **** /* Private variables ---------------------------------------------------------*/
  43:Core/Src/stm32f1xx_it.c **** /* USER CODE BEGIN PV */
  44:Core/Src/stm32f1xx_it.c **** 
  45:Core/Src/stm32f1xx_it.c **** /* USER CODE END PV */
  46:Core/Src/stm32f1xx_it.c **** 
  47:Core/Src/stm32f1xx_it.c **** /* Private function prototypes -----------------------------------------------*/
  48:Core/Src/stm32f1xx_it.c **** /* USER CODE BEGIN PFP */
  49:Core/Src/stm32f1xx_it.c **** 
  50:Core/Src/stm32f1xx_it.c **** /* USER CODE END PFP */
  51:Core/Src/stm32f1xx_it.c **** 
  52:Core/Src/stm32f1xx_it.c **** /* Private user code ---------------------------------------------------------*/
  53:Core/Src/stm32f1xx_it.c **** /* USER CODE BEGIN 0 */
  54:Core/Src/stm32f1xx_it.c **** 
  55:Core/Src/stm32f1xx_it.c **** /* USER CODE END 0 */
  56:Core/Src/stm32f1xx_it.c **** 
  57:Core/Src/stm32f1xx_it.c **** /* External variables --------------------------------------------------------*/
  58:Core/Src/stm32f1xx_it.c **** extern I2C_HandleTypeDef hi2c1;
  59:Core/Src/stm32f1xx_it.c **** extern TIM_HandleTypeDef htim1;
  60:Core/Src/stm32f1xx_it.c **** extern UART_HandleTypeDef huart2;
  61:Core/Src/stm32f1xx_it.c **** /* USER CODE BEGIN EV */
  62:Core/Src/stm32f1xx_it.c **** 
  63:Core/Src/stm32f1xx_it.c **** /* USER CODE END EV */
  64:Core/Src/stm32f1xx_it.c **** 
  65:Core/Src/stm32f1xx_it.c **** /******************************************************************************/
  66:Core/Src/stm32f1xx_it.c **** /*           Cortex-M3 Processor Interruption and Exception Handlers          */
  67:Core/Src/stm32f1xx_it.c **** /******************************************************************************/
  68:Core/Src/stm32f1xx_it.c **** /**
  69:Core/Src/stm32f1xx_it.c ****   * @brief This function handles Non maskable interrupt.
  70:Core/Src/stm32f1xx_it.c ****   */
  71:Core/Src/stm32f1xx_it.c **** void NMI_Handler(void)
  72:Core/Src/stm32f1xx_it.c **** {
  27              		.loc 1 72 1 view -0
  28              		.cfi_startproc
  29              		@ Volatile: function does not return.
  30              		@ args = 0, pretend = 0, frame = 0
  31              		@ frame_needed = 0, uses_anonymous_args = 0
  32              		@ link register save eliminated.
  33              	.L2:
  73:Core/Src/stm32f1xx_it.c ****   /* USER CODE BEGIN NonMaskableInt_IRQn 0 */
  74:Core/Src/stm32f1xx_it.c **** 
  75:Core/Src/stm32f1xx_it.c ****   /* USER CODE END NonMaskableInt_IRQn 0 */
  76:Core/Src/stm32f1xx_it.c ****   /* USER CODE BEGIN NonMaskableInt_IRQn 1 */
  77:Core/Src/stm32f1xx_it.c ****   while (1)
  34              		.loc 1 77 3 discriminator 1 view .LVU1
  78:Core/Src/stm32f1xx_it.c ****   {
  79:Core/Src/stm32f1xx_it.c ****   }
  35              		.loc 1 79 3 discriminator 1 view .LVU2
  77:Core/Src/stm32f1xx_it.c ****   {
ARM GAS  C:\Users\84886\AppData\Local\Temp\ccE2d3wh.s 			page 3


  36              		.loc 1 77 9 discriminator 1 view .LVU3
  37 0000 FEE7     		b	.L2
  38              		.cfi_endproc
  39              	.LFE65:
  41              		.section	.text.HardFault_Handler,"ax",%progbits
  42              		.align	1
  43              		.global	HardFault_Handler
  44              		.syntax unified
  45              		.thumb
  46              		.thumb_func
  47              		.fpu softvfp
  49              	HardFault_Handler:
  50              	.LFB66:
  80:Core/Src/stm32f1xx_it.c ****   /* USER CODE END NonMaskableInt_IRQn 1 */
  81:Core/Src/stm32f1xx_it.c **** }
  82:Core/Src/stm32f1xx_it.c **** 
  83:Core/Src/stm32f1xx_it.c **** /**
  84:Core/Src/stm32f1xx_it.c ****   * @brief This function handles Hard fault interrupt.
  85:Core/Src/stm32f1xx_it.c ****   */
  86:Core/Src/stm32f1xx_it.c **** void HardFault_Handler(void)
  87:Core/Src/stm32f1xx_it.c **** {
  51              		.loc 1 87 1 view -0
  52              		.cfi_startproc
  53              		@ Volatile: function does not return.
  54              		@ args = 0, pretend = 0, frame = 0
  55              		@ frame_needed = 0, uses_anonymous_args = 0
  56              		@ link register save eliminated.
  57              	.L4:
  88:Core/Src/stm32f1xx_it.c ****   /* USER CODE BEGIN HardFault_IRQn 0 */
  89:Core/Src/stm32f1xx_it.c **** 
  90:Core/Src/stm32f1xx_it.c ****   /* USER CODE END HardFault_IRQn 0 */
  91:Core/Src/stm32f1xx_it.c ****   while (1)
  58              		.loc 1 91 3 discriminator 1 view .LVU5
  92:Core/Src/stm32f1xx_it.c ****   {
  93:Core/Src/stm32f1xx_it.c ****     /* USER CODE BEGIN W1_HardFault_IRQn 0 */
  94:Core/Src/stm32f1xx_it.c ****     /* USER CODE END W1_HardFault_IRQn 0 */
  95:Core/Src/stm32f1xx_it.c ****   }
  59              		.loc 1 95 3 discriminator 1 view .LVU6
  91:Core/Src/stm32f1xx_it.c ****   {
  60              		.loc 1 91 9 discriminator 1 view .LVU7
  61 0000 FEE7     		b	.L4
  62              		.cfi_endproc
  63              	.LFE66:
  65              		.section	.text.MemManage_Handler,"ax",%progbits
  66              		.align	1
  67              		.global	MemManage_Handler
  68              		.syntax unified
  69              		.thumb
  70              		.thumb_func
  71              		.fpu softvfp
  73              	MemManage_Handler:
  74              	.LFB67:
  96:Core/Src/stm32f1xx_it.c **** }
  97:Core/Src/stm32f1xx_it.c **** 
  98:Core/Src/stm32f1xx_it.c **** /**
  99:Core/Src/stm32f1xx_it.c ****   * @brief This function handles Memory management fault.
 100:Core/Src/stm32f1xx_it.c ****   */
ARM GAS  C:\Users\84886\AppData\Local\Temp\ccE2d3wh.s 			page 4


 101:Core/Src/stm32f1xx_it.c **** void MemManage_Handler(void)
 102:Core/Src/stm32f1xx_it.c **** {
  75              		.loc 1 102 1 view -0
  76              		.cfi_startproc
  77              		@ Volatile: function does not return.
  78              		@ args = 0, pretend = 0, frame = 0
  79              		@ frame_needed = 0, uses_anonymous_args = 0
  80              		@ link register save eliminated.
  81              	.L6:
 103:Core/Src/stm32f1xx_it.c ****   /* USER CODE BEGIN MemoryManagement_IRQn 0 */
 104:Core/Src/stm32f1xx_it.c **** 
 105:Core/Src/stm32f1xx_it.c ****   /* USER CODE END MemoryManagement_IRQn 0 */
 106:Core/Src/stm32f1xx_it.c ****   while (1)
  82              		.loc 1 106 3 discriminator 1 view .LVU9
 107:Core/Src/stm32f1xx_it.c ****   {
 108:Core/Src/stm32f1xx_it.c ****     /* USER CODE BEGIN W1_MemoryManagement_IRQn 0 */
 109:Core/Src/stm32f1xx_it.c ****     /* USER CODE END W1_MemoryManagement_IRQn 0 */
 110:Core/Src/stm32f1xx_it.c ****   }
  83              		.loc 1 110 3 discriminator 1 view .LVU10
 106:Core/Src/stm32f1xx_it.c ****   {
  84              		.loc 1 106 9 discriminator 1 view .LVU11
  85 0000 FEE7     		b	.L6
  86              		.cfi_endproc
  87              	.LFE67:
  89              		.section	.text.BusFault_Handler,"ax",%progbits
  90              		.align	1
  91              		.global	BusFault_Handler
  92              		.syntax unified
  93              		.thumb
  94              		.thumb_func
  95              		.fpu softvfp
  97              	BusFault_Handler:
  98              	.LFB68:
 111:Core/Src/stm32f1xx_it.c **** }
 112:Core/Src/stm32f1xx_it.c **** 
 113:Core/Src/stm32f1xx_it.c **** /**
 114:Core/Src/stm32f1xx_it.c ****   * @brief This function handles Prefetch fault, memory access fault.
 115:Core/Src/stm32f1xx_it.c ****   */
 116:Core/Src/stm32f1xx_it.c **** void BusFault_Handler(void)
 117:Core/Src/stm32f1xx_it.c **** {
  99              		.loc 1 117 1 view -0
 100              		.cfi_startproc
 101              		@ Volatile: function does not return.
 102              		@ args = 0, pretend = 0, frame = 0
 103              		@ frame_needed = 0, uses_anonymous_args = 0
 104              		@ link register save eliminated.
 105              	.L8:
 118:Core/Src/stm32f1xx_it.c ****   /* USER CODE BEGIN BusFault_IRQn 0 */
 119:Core/Src/stm32f1xx_it.c **** 
 120:Core/Src/stm32f1xx_it.c ****   /* USER CODE END BusFault_IRQn 0 */
 121:Core/Src/stm32f1xx_it.c ****   while (1)
 106              		.loc 1 121 3 discriminator 1 view .LVU13
 122:Core/Src/stm32f1xx_it.c ****   {
 123:Core/Src/stm32f1xx_it.c ****     /* USER CODE BEGIN W1_BusFault_IRQn 0 */
 124:Core/Src/stm32f1xx_it.c ****     /* USER CODE END W1_BusFault_IRQn 0 */
 125:Core/Src/stm32f1xx_it.c ****   }
 107              		.loc 1 125 3 discriminator 1 view .LVU14
ARM GAS  C:\Users\84886\AppData\Local\Temp\ccE2d3wh.s 			page 5


 121:Core/Src/stm32f1xx_it.c ****   {
 108              		.loc 1 121 9 discriminator 1 view .LVU15
 109 0000 FEE7     		b	.L8
 110              		.cfi_endproc
 111              	.LFE68:
 113              		.section	.text.UsageFault_Handler,"ax",%progbits
 114              		.align	1
 115              		.global	UsageFault_Handler
 116              		.syntax unified
 117              		.thumb
 118              		.thumb_func
 119              		.fpu softvfp
 121              	UsageFault_Handler:
 122              	.LFB69:
 126:Core/Src/stm32f1xx_it.c **** }
 127:Core/Src/stm32f1xx_it.c **** 
 128:Core/Src/stm32f1xx_it.c **** /**
 129:Core/Src/stm32f1xx_it.c ****   * @brief This function handles Undefined instruction or illegal state.
 130:Core/Src/stm32f1xx_it.c ****   */
 131:Core/Src/stm32f1xx_it.c **** void UsageFault_Handler(void)
 132:Core/Src/stm32f1xx_it.c **** {
 123              		.loc 1 132 1 view -0
 124              		.cfi_startproc
 125              		@ Volatile: function does not return.
 126              		@ args = 0, pretend = 0, frame = 0
 127              		@ frame_needed = 0, uses_anonymous_args = 0
 128              		@ link register save eliminated.
 129              	.L10:
 133:Core/Src/stm32f1xx_it.c ****   /* USER CODE BEGIN UsageFault_IRQn 0 */
 134:Core/Src/stm32f1xx_it.c **** 
 135:Core/Src/stm32f1xx_it.c ****   /* USER CODE END UsageFault_IRQn 0 */
 136:Core/Src/stm32f1xx_it.c ****   while (1)
 130              		.loc 1 136 3 discriminator 1 view .LVU17
 137:Core/Src/stm32f1xx_it.c ****   {
 138:Core/Src/stm32f1xx_it.c ****     /* USER CODE BEGIN W1_UsageFault_IRQn 0 */
 139:Core/Src/stm32f1xx_it.c ****     /* USER CODE END W1_UsageFault_IRQn 0 */
 140:Core/Src/stm32f1xx_it.c ****   }
 131              		.loc 1 140 3 discriminator 1 view .LVU18
 136:Core/Src/stm32f1xx_it.c ****   {
 132              		.loc 1 136 9 discriminator 1 view .LVU19
 133 0000 FEE7     		b	.L10
 134              		.cfi_endproc
 135              	.LFE69:
 137              		.section	.text.SVC_Handler,"ax",%progbits
 138              		.align	1
 139              		.global	SVC_Handler
 140              		.syntax unified
 141              		.thumb
 142              		.thumb_func
 143              		.fpu softvfp
 145              	SVC_Handler:
 146              	.LFB70:
 141:Core/Src/stm32f1xx_it.c **** }
 142:Core/Src/stm32f1xx_it.c **** 
 143:Core/Src/stm32f1xx_it.c **** /**
 144:Core/Src/stm32f1xx_it.c ****   * @brief This function handles System service call via SWI instruction.
 145:Core/Src/stm32f1xx_it.c ****   */
ARM GAS  C:\Users\84886\AppData\Local\Temp\ccE2d3wh.s 			page 6


 146:Core/Src/stm32f1xx_it.c **** void SVC_Handler(void)
 147:Core/Src/stm32f1xx_it.c **** {
 147              		.loc 1 147 1 view -0
 148              		.cfi_startproc
 149              		@ args = 0, pretend = 0, frame = 0
 150              		@ frame_needed = 0, uses_anonymous_args = 0
 151              		@ link register save eliminated.
 148:Core/Src/stm32f1xx_it.c ****   /* USER CODE BEGIN SVCall_IRQn 0 */
 149:Core/Src/stm32f1xx_it.c **** 
 150:Core/Src/stm32f1xx_it.c ****   /* USER CODE END SVCall_IRQn 0 */
 151:Core/Src/stm32f1xx_it.c ****   /* USER CODE BEGIN SVCall_IRQn 1 */
 152:Core/Src/stm32f1xx_it.c **** 
 153:Core/Src/stm32f1xx_it.c ****   /* USER CODE END SVCall_IRQn 1 */
 154:Core/Src/stm32f1xx_it.c **** }
 152              		.loc 1 154 1 view .LVU21
 153 0000 7047     		bx	lr
 154              		.cfi_endproc
 155              	.LFE70:
 157              		.section	.text.DebugMon_Handler,"ax",%progbits
 158              		.align	1
 159              		.global	DebugMon_Handler
 160              		.syntax unified
 161              		.thumb
 162              		.thumb_func
 163              		.fpu softvfp
 165              	DebugMon_Handler:
 166              	.LFB71:
 155:Core/Src/stm32f1xx_it.c **** 
 156:Core/Src/stm32f1xx_it.c **** /**
 157:Core/Src/stm32f1xx_it.c ****   * @brief This function handles Debug monitor.
 158:Core/Src/stm32f1xx_it.c ****   */
 159:Core/Src/stm32f1xx_it.c **** void DebugMon_Handler(void)
 160:Core/Src/stm32f1xx_it.c **** {
 167              		.loc 1 160 1 view -0
 168              		.cfi_startproc
 169              		@ args = 0, pretend = 0, frame = 0
 170              		@ frame_needed = 0, uses_anonymous_args = 0
 171              		@ link register save eliminated.
 161:Core/Src/stm32f1xx_it.c ****   /* USER CODE BEGIN DebugMonitor_IRQn 0 */
 162:Core/Src/stm32f1xx_it.c **** 
 163:Core/Src/stm32f1xx_it.c ****   /* USER CODE END DebugMonitor_IRQn 0 */
 164:Core/Src/stm32f1xx_it.c ****   /* USER CODE BEGIN DebugMonitor_IRQn 1 */
 165:Core/Src/stm32f1xx_it.c **** 
 166:Core/Src/stm32f1xx_it.c ****   /* USER CODE END DebugMonitor_IRQn 1 */
 167:Core/Src/stm32f1xx_it.c **** }
 172              		.loc 1 167 1 view .LVU23
 173 0000 7047     		bx	lr
 174              		.cfi_endproc
 175              	.LFE71:
 177              		.section	.text.PendSV_Handler,"ax",%progbits
 178              		.align	1
 179              		.global	PendSV_Handler
 180              		.syntax unified
 181              		.thumb
 182              		.thumb_func
 183              		.fpu softvfp
 185              	PendSV_Handler:
ARM GAS  C:\Users\84886\AppData\Local\Temp\ccE2d3wh.s 			page 7


 186              	.LFB72:
 168:Core/Src/stm32f1xx_it.c **** 
 169:Core/Src/stm32f1xx_it.c **** /**
 170:Core/Src/stm32f1xx_it.c ****   * @brief This function handles Pendable request for system service.
 171:Core/Src/stm32f1xx_it.c ****   */
 172:Core/Src/stm32f1xx_it.c **** void PendSV_Handler(void)
 173:Core/Src/stm32f1xx_it.c **** {
 187              		.loc 1 173 1 view -0
 188              		.cfi_startproc
 189              		@ args = 0, pretend = 0, frame = 0
 190              		@ frame_needed = 0, uses_anonymous_args = 0
 191              		@ link register save eliminated.
 174:Core/Src/stm32f1xx_it.c ****   /* USER CODE BEGIN PendSV_IRQn 0 */
 175:Core/Src/stm32f1xx_it.c **** 
 176:Core/Src/stm32f1xx_it.c ****   /* USER CODE END PendSV_IRQn 0 */
 177:Core/Src/stm32f1xx_it.c ****   /* USER CODE BEGIN PendSV_IRQn 1 */
 178:Core/Src/stm32f1xx_it.c **** 
 179:Core/Src/stm32f1xx_it.c ****   /* USER CODE END PendSV_IRQn 1 */
 180:Core/Src/stm32f1xx_it.c **** }
 192              		.loc 1 180 1 view .LVU25
 193 0000 7047     		bx	lr
 194              		.cfi_endproc
 195              	.LFE72:
 197              		.section	.text.SysTick_Handler,"ax",%progbits
 198              		.align	1
 199              		.global	SysTick_Handler
 200              		.syntax unified
 201              		.thumb
 202              		.thumb_func
 203              		.fpu softvfp
 205              	SysTick_Handler:
 206              	.LFB73:
 181:Core/Src/stm32f1xx_it.c **** 
 182:Core/Src/stm32f1xx_it.c **** /**
 183:Core/Src/stm32f1xx_it.c ****   * @brief This function handles System tick timer.
 184:Core/Src/stm32f1xx_it.c ****   */
 185:Core/Src/stm32f1xx_it.c **** void SysTick_Handler(void)
 186:Core/Src/stm32f1xx_it.c **** {
 207              		.loc 1 186 1 view -0
 208              		.cfi_startproc
 209              		@ args = 0, pretend = 0, frame = 0
 210              		@ frame_needed = 0, uses_anonymous_args = 0
 211 0000 08B5     		push	{r3, lr}
 212              		.cfi_def_cfa_offset 8
 213              		.cfi_offset 3, -8
 214              		.cfi_offset 14, -4
 187:Core/Src/stm32f1xx_it.c ****   /* USER CODE BEGIN SysTick_IRQn 0 */
 188:Core/Src/stm32f1xx_it.c **** 
 189:Core/Src/stm32f1xx_it.c ****   /* USER CODE END SysTick_IRQn 0 */
 190:Core/Src/stm32f1xx_it.c ****   HAL_IncTick();
 215              		.loc 1 190 3 view .LVU27
 216 0002 FFF7FEFF 		bl	HAL_IncTick
 217              	.LVL0:
 191:Core/Src/stm32f1xx_it.c ****   /* USER CODE BEGIN SysTick_IRQn 1 */
 192:Core/Src/stm32f1xx_it.c **** 
 193:Core/Src/stm32f1xx_it.c ****   /* USER CODE END SysTick_IRQn 1 */
 194:Core/Src/stm32f1xx_it.c **** }
ARM GAS  C:\Users\84886\AppData\Local\Temp\ccE2d3wh.s 			page 8


 218              		.loc 1 194 1 is_stmt 0 view .LVU28
 219 0006 08BD     		pop	{r3, pc}
 220              		.cfi_endproc
 221              	.LFE73:
 223              		.section	.text.TIM1_BRK_IRQHandler,"ax",%progbits
 224              		.align	1
 225              		.global	TIM1_BRK_IRQHandler
 226              		.syntax unified
 227              		.thumb
 228              		.thumb_func
 229              		.fpu softvfp
 231              	TIM1_BRK_IRQHandler:
 232              	.LFB74:
 195:Core/Src/stm32f1xx_it.c **** 
 196:Core/Src/stm32f1xx_it.c **** /******************************************************************************/
 197:Core/Src/stm32f1xx_it.c **** /* STM32F1xx Peripheral Interrupt Handlers                                    */
 198:Core/Src/stm32f1xx_it.c **** /* Add here the Interrupt Handlers for the used peripherals.                  */
 199:Core/Src/stm32f1xx_it.c **** /* For the available peripheral interrupt handler names,                      */
 200:Core/Src/stm32f1xx_it.c **** /* please refer to the startup file (startup_stm32f1xx.s).                    */
 201:Core/Src/stm32f1xx_it.c **** /******************************************************************************/
 202:Core/Src/stm32f1xx_it.c **** 
 203:Core/Src/stm32f1xx_it.c **** /**
 204:Core/Src/stm32f1xx_it.c ****   * @brief This function handles TIM1 break interrupt.
 205:Core/Src/stm32f1xx_it.c ****   */
 206:Core/Src/stm32f1xx_it.c **** void TIM1_BRK_IRQHandler(void)
 207:Core/Src/stm32f1xx_it.c **** {
 233              		.loc 1 207 1 is_stmt 1 view -0
 234              		.cfi_startproc
 235              		@ args = 0, pretend = 0, frame = 0
 236              		@ frame_needed = 0, uses_anonymous_args = 0
 237 0000 08B5     		push	{r3, lr}
 238              		.cfi_def_cfa_offset 8
 239              		.cfi_offset 3, -8
 240              		.cfi_offset 14, -4
 208:Core/Src/stm32f1xx_it.c ****   /* USER CODE BEGIN TIM1_BRK_IRQn 0 */
 209:Core/Src/stm32f1xx_it.c **** 
 210:Core/Src/stm32f1xx_it.c ****   /* USER CODE END TIM1_BRK_IRQn 0 */
 211:Core/Src/stm32f1xx_it.c ****   HAL_TIM_IRQHandler(&htim1);
 241              		.loc 1 211 3 view .LVU30
 242 0002 0248     		ldr	r0, .L18
 243 0004 FFF7FEFF 		bl	HAL_TIM_IRQHandler
 244              	.LVL1:
 212:Core/Src/stm32f1xx_it.c ****   /* USER CODE BEGIN TIM1_BRK_IRQn 1 */
 213:Core/Src/stm32f1xx_it.c **** 
 214:Core/Src/stm32f1xx_it.c ****   /* USER CODE END TIM1_BRK_IRQn 1 */
 215:Core/Src/stm32f1xx_it.c **** }
 245              		.loc 1 215 1 is_stmt 0 view .LVU31
 246 0008 08BD     		pop	{r3, pc}
 247              	.L19:
 248 000a 00BF     		.align	2
 249              	.L18:
 250 000c 00000000 		.word	htim1
 251              		.cfi_endproc
 252              	.LFE74:
 254              		.section	.text.TIM1_UP_IRQHandler,"ax",%progbits
 255              		.align	1
 256              		.global	TIM1_UP_IRQHandler
ARM GAS  C:\Users\84886\AppData\Local\Temp\ccE2d3wh.s 			page 9


 257              		.syntax unified
 258              		.thumb
 259              		.thumb_func
 260              		.fpu softvfp
 262              	TIM1_UP_IRQHandler:
 263              	.LFB75:
 216:Core/Src/stm32f1xx_it.c **** 
 217:Core/Src/stm32f1xx_it.c **** /**
 218:Core/Src/stm32f1xx_it.c ****   * @brief This function handles TIM1 update interrupt.
 219:Core/Src/stm32f1xx_it.c ****   */
 220:Core/Src/stm32f1xx_it.c **** void TIM1_UP_IRQHandler(void)
 221:Core/Src/stm32f1xx_it.c **** {
 264              		.loc 1 221 1 is_stmt 1 view -0
 265              		.cfi_startproc
 266              		@ args = 0, pretend = 0, frame = 0
 267              		@ frame_needed = 0, uses_anonymous_args = 0
 268 0000 08B5     		push	{r3, lr}
 269              		.cfi_def_cfa_offset 8
 270              		.cfi_offset 3, -8
 271              		.cfi_offset 14, -4
 222:Core/Src/stm32f1xx_it.c ****   /* USER CODE BEGIN TIM1_UP_IRQn 0 */
 223:Core/Src/stm32f1xx_it.c **** 
 224:Core/Src/stm32f1xx_it.c ****   /* USER CODE END TIM1_UP_IRQn 0 */
 225:Core/Src/stm32f1xx_it.c ****   HAL_TIM_IRQHandler(&htim1);
 272              		.loc 1 225 3 view .LVU33
 273 0002 0248     		ldr	r0, .L22
 274 0004 FFF7FEFF 		bl	HAL_TIM_IRQHandler
 275              	.LVL2:
 226:Core/Src/stm32f1xx_it.c ****   /* USER CODE BEGIN TIM1_UP_IRQn 1 */
 227:Core/Src/stm32f1xx_it.c **** 
 228:Core/Src/stm32f1xx_it.c ****   /* USER CODE END TIM1_UP_IRQn 1 */
 229:Core/Src/stm32f1xx_it.c **** }
 276              		.loc 1 229 1 is_stmt 0 view .LVU34
 277 0008 08BD     		pop	{r3, pc}
 278              	.L23:
 279 000a 00BF     		.align	2
 280              	.L22:
 281 000c 00000000 		.word	htim1
 282              		.cfi_endproc
 283              	.LFE75:
 285              		.section	.text.TIM1_TRG_COM_IRQHandler,"ax",%progbits
 286              		.align	1
 287              		.global	TIM1_TRG_COM_IRQHandler
 288              		.syntax unified
 289              		.thumb
 290              		.thumb_func
 291              		.fpu softvfp
 293              	TIM1_TRG_COM_IRQHandler:
 294              	.LFB76:
 230:Core/Src/stm32f1xx_it.c **** 
 231:Core/Src/stm32f1xx_it.c **** /**
 232:Core/Src/stm32f1xx_it.c ****   * @brief This function handles TIM1 trigger and commutation interrupts.
 233:Core/Src/stm32f1xx_it.c ****   */
 234:Core/Src/stm32f1xx_it.c **** void TIM1_TRG_COM_IRQHandler(void)
 235:Core/Src/stm32f1xx_it.c **** {
 295              		.loc 1 235 1 is_stmt 1 view -0
 296              		.cfi_startproc
ARM GAS  C:\Users\84886\AppData\Local\Temp\ccE2d3wh.s 			page 10


 297              		@ args = 0, pretend = 0, frame = 0
 298              		@ frame_needed = 0, uses_anonymous_args = 0
 299 0000 08B5     		push	{r3, lr}
 300              		.cfi_def_cfa_offset 8
 301              		.cfi_offset 3, -8
 302              		.cfi_offset 14, -4
 236:Core/Src/stm32f1xx_it.c ****   /* USER CODE BEGIN TIM1_TRG_COM_IRQn 0 */
 237:Core/Src/stm32f1xx_it.c **** 
 238:Core/Src/stm32f1xx_it.c ****   /* USER CODE END TIM1_TRG_COM_IRQn 0 */
 239:Core/Src/stm32f1xx_it.c ****   HAL_TIM_IRQHandler(&htim1);
 303              		.loc 1 239 3 view .LVU36
 304 0002 0248     		ldr	r0, .L26
 305 0004 FFF7FEFF 		bl	HAL_TIM_IRQHandler
 306              	.LVL3:
 240:Core/Src/stm32f1xx_it.c ****   /* USER CODE BEGIN TIM1_TRG_COM_IRQn 1 */
 241:Core/Src/stm32f1xx_it.c **** 
 242:Core/Src/stm32f1xx_it.c ****   /* USER CODE END TIM1_TRG_COM_IRQn 1 */
 243:Core/Src/stm32f1xx_it.c **** }
 307              		.loc 1 243 1 is_stmt 0 view .LVU37
 308 0008 08BD     		pop	{r3, pc}
 309              	.L27:
 310 000a 00BF     		.align	2
 311              	.L26:
 312 000c 00000000 		.word	htim1
 313              		.cfi_endproc
 314              	.LFE76:
 316              		.section	.text.TIM1_CC_IRQHandler,"ax",%progbits
 317              		.align	1
 318              		.global	TIM1_CC_IRQHandler
 319              		.syntax unified
 320              		.thumb
 321              		.thumb_func
 322              		.fpu softvfp
 324              	TIM1_CC_IRQHandler:
 325              	.LFB77:
 244:Core/Src/stm32f1xx_it.c **** 
 245:Core/Src/stm32f1xx_it.c **** /**
 246:Core/Src/stm32f1xx_it.c ****   * @brief This function handles TIM1 capture compare interrupt.
 247:Core/Src/stm32f1xx_it.c ****   */
 248:Core/Src/stm32f1xx_it.c **** void TIM1_CC_IRQHandler(void)
 249:Core/Src/stm32f1xx_it.c **** {
 326              		.loc 1 249 1 is_stmt 1 view -0
 327              		.cfi_startproc
 328              		@ args = 0, pretend = 0, frame = 0
 329              		@ frame_needed = 0, uses_anonymous_args = 0
 330 0000 08B5     		push	{r3, lr}
 331              		.cfi_def_cfa_offset 8
 332              		.cfi_offset 3, -8
 333              		.cfi_offset 14, -4
 250:Core/Src/stm32f1xx_it.c ****   /* USER CODE BEGIN TIM1_CC_IRQn 0 */
 251:Core/Src/stm32f1xx_it.c **** 
 252:Core/Src/stm32f1xx_it.c ****   /* USER CODE END TIM1_CC_IRQn 0 */
 253:Core/Src/stm32f1xx_it.c ****   HAL_TIM_IRQHandler(&htim1);
 334              		.loc 1 253 3 view .LVU39
 335 0002 0248     		ldr	r0, .L30
 336 0004 FFF7FEFF 		bl	HAL_TIM_IRQHandler
 337              	.LVL4:
ARM GAS  C:\Users\84886\AppData\Local\Temp\ccE2d3wh.s 			page 11


 254:Core/Src/stm32f1xx_it.c ****   /* USER CODE BEGIN TIM1_CC_IRQn 1 */
 255:Core/Src/stm32f1xx_it.c **** 
 256:Core/Src/stm32f1xx_it.c ****   /* USER CODE END TIM1_CC_IRQn 1 */
 257:Core/Src/stm32f1xx_it.c **** }
 338              		.loc 1 257 1 is_stmt 0 view .LVU40
 339 0008 08BD     		pop	{r3, pc}
 340              	.L31:
 341 000a 00BF     		.align	2
 342              	.L30:
 343 000c 00000000 		.word	htim1
 344              		.cfi_endproc
 345              	.LFE77:
 347              		.section	.text.I2C1_EV_IRQHandler,"ax",%progbits
 348              		.align	1
 349              		.global	I2C1_EV_IRQHandler
 350              		.syntax unified
 351              		.thumb
 352              		.thumb_func
 353              		.fpu softvfp
 355              	I2C1_EV_IRQHandler:
 356              	.LFB78:
 258:Core/Src/stm32f1xx_it.c **** 
 259:Core/Src/stm32f1xx_it.c **** /**
 260:Core/Src/stm32f1xx_it.c ****   * @brief This function handles I2C1 event interrupt.
 261:Core/Src/stm32f1xx_it.c ****   */
 262:Core/Src/stm32f1xx_it.c **** void I2C1_EV_IRQHandler(void)
 263:Core/Src/stm32f1xx_it.c **** {
 357              		.loc 1 263 1 is_stmt 1 view -0
 358              		.cfi_startproc
 359              		@ args = 0, pretend = 0, frame = 0
 360              		@ frame_needed = 0, uses_anonymous_args = 0
 361 0000 08B5     		push	{r3, lr}
 362              		.cfi_def_cfa_offset 8
 363              		.cfi_offset 3, -8
 364              		.cfi_offset 14, -4
 264:Core/Src/stm32f1xx_it.c ****   /* USER CODE BEGIN I2C1_EV_IRQn 0 */
 265:Core/Src/stm32f1xx_it.c **** 
 266:Core/Src/stm32f1xx_it.c ****   /* USER CODE END I2C1_EV_IRQn 0 */
 267:Core/Src/stm32f1xx_it.c ****   HAL_I2C_EV_IRQHandler(&hi2c1);
 365              		.loc 1 267 3 view .LVU42
 366 0002 0248     		ldr	r0, .L34
 367 0004 FFF7FEFF 		bl	HAL_I2C_EV_IRQHandler
 368              	.LVL5:
 268:Core/Src/stm32f1xx_it.c ****   /* USER CODE BEGIN I2C1_EV_IRQn 1 */
 269:Core/Src/stm32f1xx_it.c **** 
 270:Core/Src/stm32f1xx_it.c ****   /* USER CODE END I2C1_EV_IRQn 1 */
 271:Core/Src/stm32f1xx_it.c **** }
 369              		.loc 1 271 1 is_stmt 0 view .LVU43
 370 0008 08BD     		pop	{r3, pc}
 371              	.L35:
 372 000a 00BF     		.align	2
 373              	.L34:
 374 000c 00000000 		.word	hi2c1
 375              		.cfi_endproc
 376              	.LFE78:
 378              		.section	.text.I2C1_ER_IRQHandler,"ax",%progbits
 379              		.align	1
ARM GAS  C:\Users\84886\AppData\Local\Temp\ccE2d3wh.s 			page 12


 380              		.global	I2C1_ER_IRQHandler
 381              		.syntax unified
 382              		.thumb
 383              		.thumb_func
 384              		.fpu softvfp
 386              	I2C1_ER_IRQHandler:
 387              	.LFB79:
 272:Core/Src/stm32f1xx_it.c **** 
 273:Core/Src/stm32f1xx_it.c **** /**
 274:Core/Src/stm32f1xx_it.c ****   * @brief This function handles I2C1 error interrupt.
 275:Core/Src/stm32f1xx_it.c ****   */
 276:Core/Src/stm32f1xx_it.c **** void I2C1_ER_IRQHandler(void)
 277:Core/Src/stm32f1xx_it.c **** {
 388              		.loc 1 277 1 is_stmt 1 view -0
 389              		.cfi_startproc
 390              		@ args = 0, pretend = 0, frame = 0
 391              		@ frame_needed = 0, uses_anonymous_args = 0
 392 0000 08B5     		push	{r3, lr}
 393              		.cfi_def_cfa_offset 8
 394              		.cfi_offset 3, -8
 395              		.cfi_offset 14, -4
 278:Core/Src/stm32f1xx_it.c ****   /* USER CODE BEGIN I2C1_ER_IRQn 0 */
 279:Core/Src/stm32f1xx_it.c **** 
 280:Core/Src/stm32f1xx_it.c ****   /* USER CODE END I2C1_ER_IRQn 0 */
 281:Core/Src/stm32f1xx_it.c ****   HAL_I2C_ER_IRQHandler(&hi2c1);
 396              		.loc 1 281 3 view .LVU45
 397 0002 0248     		ldr	r0, .L38
 398 0004 FFF7FEFF 		bl	HAL_I2C_ER_IRQHandler
 399              	.LVL6:
 282:Core/Src/stm32f1xx_it.c ****   /* USER CODE BEGIN I2C1_ER_IRQn 1 */
 283:Core/Src/stm32f1xx_it.c **** 
 284:Core/Src/stm32f1xx_it.c ****   /* USER CODE END I2C1_ER_IRQn 1 */
 285:Core/Src/stm32f1xx_it.c **** }
 400              		.loc 1 285 1 is_stmt 0 view .LVU46
 401 0008 08BD     		pop	{r3, pc}
 402              	.L39:
 403 000a 00BF     		.align	2
 404              	.L38:
 405 000c 00000000 		.word	hi2c1
 406              		.cfi_endproc
 407              	.LFE79:
 409              		.section	.text.USART2_IRQHandler,"ax",%progbits
 410              		.align	1
 411              		.global	USART2_IRQHandler
 412              		.syntax unified
 413              		.thumb
 414              		.thumb_func
 415              		.fpu softvfp
 417              	USART2_IRQHandler:
 418              	.LFB80:
 286:Core/Src/stm32f1xx_it.c **** 
 287:Core/Src/stm32f1xx_it.c **** /**
 288:Core/Src/stm32f1xx_it.c ****   * @brief This function handles USART2 global interrupt.
 289:Core/Src/stm32f1xx_it.c ****   */
 290:Core/Src/stm32f1xx_it.c **** void USART2_IRQHandler(void)
 291:Core/Src/stm32f1xx_it.c **** {
 419              		.loc 1 291 1 is_stmt 1 view -0
ARM GAS  C:\Users\84886\AppData\Local\Temp\ccE2d3wh.s 			page 13


 420              		.cfi_startproc
 421              		@ args = 0, pretend = 0, frame = 0
 422              		@ frame_needed = 0, uses_anonymous_args = 0
 423 0000 08B5     		push	{r3, lr}
 424              		.cfi_def_cfa_offset 8
 425              		.cfi_offset 3, -8
 426              		.cfi_offset 14, -4
 292:Core/Src/stm32f1xx_it.c ****   /* USER CODE BEGIN USART2_IRQn 0 */
 293:Core/Src/stm32f1xx_it.c **** 
 294:Core/Src/stm32f1xx_it.c ****   /* USER CODE END USART2_IRQn 0 */
 295:Core/Src/stm32f1xx_it.c ****   HAL_UART_IRQHandler(&huart2);
 427              		.loc 1 295 3 view .LVU48
 428 0002 0248     		ldr	r0, .L42
 429 0004 FFF7FEFF 		bl	HAL_UART_IRQHandler
 430              	.LVL7:
 296:Core/Src/stm32f1xx_it.c ****   /* USER CODE BEGIN USART2_IRQn 1 */
 297:Core/Src/stm32f1xx_it.c **** 
 298:Core/Src/stm32f1xx_it.c ****   /* USER CODE END USART2_IRQn 1 */
 299:Core/Src/stm32f1xx_it.c **** }
 431              		.loc 1 299 1 is_stmt 0 view .LVU49
 432 0008 08BD     		pop	{r3, pc}
 433              	.L43:
 434 000a 00BF     		.align	2
 435              	.L42:
 436 000c 00000000 		.word	huart2
 437              		.cfi_endproc
 438              	.LFE80:
 440              		.text
 441              	.Letext0:
 442              		.file 2 "c:\\users\\84886\\desktop\\project stm32\\tool\\arm-gnu-toolchain-12.2.mpacbti-rel1-mingw
 443              		.file 3 "c:\\users\\84886\\desktop\\project stm32\\tool\\arm-gnu-toolchain-12.2.mpacbti-rel1-mingw
 444              		.file 4 "Drivers/CMSIS/Include/core_cm3.h"
 445              		.file 5 "Drivers/CMSIS/Device/ST/STM32F1xx/Include/system_stm32f1xx.h"
 446              		.file 6 "Drivers/CMSIS/Device/ST/STM32F1xx/Include/stm32f103xb.h"
 447              		.file 7 "Drivers/STM32F1xx_HAL_Driver/Inc/stm32f1xx_hal_def.h"
 448              		.file 8 "Drivers/STM32F1xx_HAL_Driver/Inc/stm32f1xx_hal_dma.h"
 449              		.file 9 "Drivers/STM32F1xx_HAL_Driver/Inc/stm32f1xx_hal_i2c.h"
 450              		.file 10 "Drivers/STM32F1xx_HAL_Driver/Inc/stm32f1xx_hal_tim.h"
 451              		.file 11 "Drivers/STM32F1xx_HAL_Driver/Inc/stm32f1xx_hal_uart.h"
 452              		.file 12 "Drivers/STM32F1xx_HAL_Driver/Inc/stm32f1xx_hal.h"
ARM GAS  C:\Users\84886\AppData\Local\Temp\ccE2d3wh.s 			page 14


DEFINED SYMBOLS
                            *ABS*:00000000 stm32f1xx_it.c
C:\Users\84886\AppData\Local\Temp\ccE2d3wh.s:16     .text.NMI_Handler:00000000 $t
C:\Users\84886\AppData\Local\Temp\ccE2d3wh.s:24     .text.NMI_Handler:00000000 NMI_Handler
C:\Users\84886\AppData\Local\Temp\ccE2d3wh.s:42     .text.HardFault_Handler:00000000 $t
C:\Users\84886\AppData\Local\Temp\ccE2d3wh.s:49     .text.HardFault_Handler:00000000 HardFault_Handler
C:\Users\84886\AppData\Local\Temp\ccE2d3wh.s:66     .text.MemManage_Handler:00000000 $t
C:\Users\84886\AppData\Local\Temp\ccE2d3wh.s:73     .text.MemManage_Handler:00000000 MemManage_Handler
C:\Users\84886\AppData\Local\Temp\ccE2d3wh.s:90     .text.BusFault_Handler:00000000 $t
C:\Users\84886\AppData\Local\Temp\ccE2d3wh.s:97     .text.BusFault_Handler:00000000 BusFault_Handler
C:\Users\84886\AppData\Local\Temp\ccE2d3wh.s:114    .text.UsageFault_Handler:00000000 $t
C:\Users\84886\AppData\Local\Temp\ccE2d3wh.s:121    .text.UsageFault_Handler:00000000 UsageFault_Handler
C:\Users\84886\AppData\Local\Temp\ccE2d3wh.s:138    .text.SVC_Handler:00000000 $t
C:\Users\84886\AppData\Local\Temp\ccE2d3wh.s:145    .text.SVC_Handler:00000000 SVC_Handler
C:\Users\84886\AppData\Local\Temp\ccE2d3wh.s:158    .text.DebugMon_Handler:00000000 $t
C:\Users\84886\AppData\Local\Temp\ccE2d3wh.s:165    .text.DebugMon_Handler:00000000 DebugMon_Handler
C:\Users\84886\AppData\Local\Temp\ccE2d3wh.s:178    .text.PendSV_Handler:00000000 $t
C:\Users\84886\AppData\Local\Temp\ccE2d3wh.s:185    .text.PendSV_Handler:00000000 PendSV_Handler
C:\Users\84886\AppData\Local\Temp\ccE2d3wh.s:198    .text.SysTick_Handler:00000000 $t
C:\Users\84886\AppData\Local\Temp\ccE2d3wh.s:205    .text.SysTick_Handler:00000000 SysTick_Handler
C:\Users\84886\AppData\Local\Temp\ccE2d3wh.s:224    .text.TIM1_BRK_IRQHandler:00000000 $t
C:\Users\84886\AppData\Local\Temp\ccE2d3wh.s:231    .text.TIM1_BRK_IRQHandler:00000000 TIM1_BRK_IRQHandler
C:\Users\84886\AppData\Local\Temp\ccE2d3wh.s:250    .text.TIM1_BRK_IRQHandler:0000000c $d
C:\Users\84886\AppData\Local\Temp\ccE2d3wh.s:255    .text.TIM1_UP_IRQHandler:00000000 $t
C:\Users\84886\AppData\Local\Temp\ccE2d3wh.s:262    .text.TIM1_UP_IRQHandler:00000000 TIM1_UP_IRQHandler
C:\Users\84886\AppData\Local\Temp\ccE2d3wh.s:281    .text.TIM1_UP_IRQHandler:0000000c $d
C:\Users\84886\AppData\Local\Temp\ccE2d3wh.s:286    .text.TIM1_TRG_COM_IRQHandler:00000000 $t
C:\Users\84886\AppData\Local\Temp\ccE2d3wh.s:293    .text.TIM1_TRG_COM_IRQHandler:00000000 TIM1_TRG_COM_IRQHandler
C:\Users\84886\AppData\Local\Temp\ccE2d3wh.s:312    .text.TIM1_TRG_COM_IRQHandler:0000000c $d
C:\Users\84886\AppData\Local\Temp\ccE2d3wh.s:317    .text.TIM1_CC_IRQHandler:00000000 $t
C:\Users\84886\AppData\Local\Temp\ccE2d3wh.s:324    .text.TIM1_CC_IRQHandler:00000000 TIM1_CC_IRQHandler
C:\Users\84886\AppData\Local\Temp\ccE2d3wh.s:343    .text.TIM1_CC_IRQHandler:0000000c $d
C:\Users\84886\AppData\Local\Temp\ccE2d3wh.s:348    .text.I2C1_EV_IRQHandler:00000000 $t
C:\Users\84886\AppData\Local\Temp\ccE2d3wh.s:355    .text.I2C1_EV_IRQHandler:00000000 I2C1_EV_IRQHandler
C:\Users\84886\AppData\Local\Temp\ccE2d3wh.s:374    .text.I2C1_EV_IRQHandler:0000000c $d
C:\Users\84886\AppData\Local\Temp\ccE2d3wh.s:379    .text.I2C1_ER_IRQHandler:00000000 $t
C:\Users\84886\AppData\Local\Temp\ccE2d3wh.s:386    .text.I2C1_ER_IRQHandler:00000000 I2C1_ER_IRQHandler
C:\Users\84886\AppData\Local\Temp\ccE2d3wh.s:405    .text.I2C1_ER_IRQHandler:0000000c $d
C:\Users\84886\AppData\Local\Temp\ccE2d3wh.s:410    .text.USART2_IRQHandler:00000000 $t
C:\Users\84886\AppData\Local\Temp\ccE2d3wh.s:417    .text.USART2_IRQHandler:00000000 USART2_IRQHandler
C:\Users\84886\AppData\Local\Temp\ccE2d3wh.s:436    .text.USART2_IRQHandler:0000000c $d

UNDEFINED SYMBOLS
HAL_IncTick
HAL_TIM_IRQHandler
htim1
HAL_I2C_EV_IRQHandler
hi2c1
HAL_I2C_ER_IRQHandler
HAL_UART_IRQHandler
huart2
