ARM GAS  C:\Users\84886\AppData\Local\Temp\cciD62mn.s 			page 1


   1              		.cpu cortex-m3
   2              		.eabi_attribute 20, 1
   3              		.eabi_attribute 21, 1
   4              		.eabi_attribute 23, 3
   5              		.eabi_attribute 24, 1
   6              		.eabi_attribute 25, 1
   7              		.eabi_attribute 26, 1
   8              		.eabi_attribute 30, 1
   9              		.eabi_attribute 34, 1
  10              		.eabi_attribute 18, 4
  11              		.file	"stm32f1xx_hal.c"
  12              		.text
  13              	.Ltext0:
  14              		.cfi_sections	.debug_frame
  15              		.section	.text.HAL_MspInit,"ax",%progbits
  16              		.align	1
  17              		.weak	HAL_MspInit
  18              		.arch armv7-m
  19              		.syntax unified
  20              		.thumb
  21              		.thumb_func
  22              		.fpu softvfp
  24              	HAL_MspInit:
  25              	.LFB67:
  26              		.file 1 "Drivers/STM32F1xx_HAL_Driver/Src/stm32f1xx_hal.c"
   1:Drivers/STM32F1xx_HAL_Driver/Src/stm32f1xx_hal.c **** /**
   2:Drivers/STM32F1xx_HAL_Driver/Src/stm32f1xx_hal.c ****   ******************************************************************************
   3:Drivers/STM32F1xx_HAL_Driver/Src/stm32f1xx_hal.c ****   * @file    stm32f1xx_hal.c
   4:Drivers/STM32F1xx_HAL_Driver/Src/stm32f1xx_hal.c ****   * @author  MCD Application Team
   5:Drivers/STM32F1xx_HAL_Driver/Src/stm32f1xx_hal.c ****   * @brief   HAL module driver.
   6:Drivers/STM32F1xx_HAL_Driver/Src/stm32f1xx_hal.c ****   *          This is the common part of the HAL initialization
   7:Drivers/STM32F1xx_HAL_Driver/Src/stm32f1xx_hal.c ****   *
   8:Drivers/STM32F1xx_HAL_Driver/Src/stm32f1xx_hal.c ****   ******************************************************************************
   9:Drivers/STM32F1xx_HAL_Driver/Src/stm32f1xx_hal.c ****   * @attention
  10:Drivers/STM32F1xx_HAL_Driver/Src/stm32f1xx_hal.c ****   *
  11:Drivers/STM32F1xx_HAL_Driver/Src/stm32f1xx_hal.c ****   * Copyright (c) 2016 STMicroelectronics.
  12:Drivers/STM32F1xx_HAL_Driver/Src/stm32f1xx_hal.c ****   * All rights reserved.
  13:Drivers/STM32F1xx_HAL_Driver/Src/stm32f1xx_hal.c ****   *
  14:Drivers/STM32F1xx_HAL_Driver/Src/stm32f1xx_hal.c ****   * This software is licensed under terms that can be found in the LICENSE file
  15:Drivers/STM32F1xx_HAL_Driver/Src/stm32f1xx_hal.c ****   * in the root directory of this software component.
  16:Drivers/STM32F1xx_HAL_Driver/Src/stm32f1xx_hal.c ****   * If no LICENSE file comes with this software, it is provided AS-IS.
  17:Drivers/STM32F1xx_HAL_Driver/Src/stm32f1xx_hal.c ****   *
  18:Drivers/STM32F1xx_HAL_Driver/Src/stm32f1xx_hal.c ****   ******************************************************************************
  19:Drivers/STM32F1xx_HAL_Driver/Src/stm32f1xx_hal.c ****   @verbatim
  20:Drivers/STM32F1xx_HAL_Driver/Src/stm32f1xx_hal.c ****   ==============================================================================
  21:Drivers/STM32F1xx_HAL_Driver/Src/stm32f1xx_hal.c ****                      ##### How to use this driver #####
  22:Drivers/STM32F1xx_HAL_Driver/Src/stm32f1xx_hal.c ****   ==============================================================================
  23:Drivers/STM32F1xx_HAL_Driver/Src/stm32f1xx_hal.c ****     [..]
  24:Drivers/STM32F1xx_HAL_Driver/Src/stm32f1xx_hal.c ****     The common HAL driver contains a set of generic and common APIs that can be
  25:Drivers/STM32F1xx_HAL_Driver/Src/stm32f1xx_hal.c ****     used by the PPP peripheral drivers and the user to start using the HAL.
  26:Drivers/STM32F1xx_HAL_Driver/Src/stm32f1xx_hal.c ****     [..]
  27:Drivers/STM32F1xx_HAL_Driver/Src/stm32f1xx_hal.c ****     The HAL contains two APIs' categories:
  28:Drivers/STM32F1xx_HAL_Driver/Src/stm32f1xx_hal.c ****          (+) Common HAL APIs
  29:Drivers/STM32F1xx_HAL_Driver/Src/stm32f1xx_hal.c ****          (+) Services HAL APIs
  30:Drivers/STM32F1xx_HAL_Driver/Src/stm32f1xx_hal.c **** 
  31:Drivers/STM32F1xx_HAL_Driver/Src/stm32f1xx_hal.c ****   @endverbatim
  32:Drivers/STM32F1xx_HAL_Driver/Src/stm32f1xx_hal.c ****   ******************************************************************************
ARM GAS  C:\Users\84886\AppData\Local\Temp\cciD62mn.s 			page 2


  33:Drivers/STM32F1xx_HAL_Driver/Src/stm32f1xx_hal.c ****   */
  34:Drivers/STM32F1xx_HAL_Driver/Src/stm32f1xx_hal.c **** 
  35:Drivers/STM32F1xx_HAL_Driver/Src/stm32f1xx_hal.c **** /* Includes ------------------------------------------------------------------*/
  36:Drivers/STM32F1xx_HAL_Driver/Src/stm32f1xx_hal.c **** #include "stm32f1xx_hal.h"
  37:Drivers/STM32F1xx_HAL_Driver/Src/stm32f1xx_hal.c **** 
  38:Drivers/STM32F1xx_HAL_Driver/Src/stm32f1xx_hal.c **** /** @addtogroup STM32F1xx_HAL_Driver
  39:Drivers/STM32F1xx_HAL_Driver/Src/stm32f1xx_hal.c ****   * @{
  40:Drivers/STM32F1xx_HAL_Driver/Src/stm32f1xx_hal.c ****   */
  41:Drivers/STM32F1xx_HAL_Driver/Src/stm32f1xx_hal.c **** 
  42:Drivers/STM32F1xx_HAL_Driver/Src/stm32f1xx_hal.c **** /** @defgroup HAL HAL
  43:Drivers/STM32F1xx_HAL_Driver/Src/stm32f1xx_hal.c ****   * @brief HAL module driver.
  44:Drivers/STM32F1xx_HAL_Driver/Src/stm32f1xx_hal.c ****   * @{
  45:Drivers/STM32F1xx_HAL_Driver/Src/stm32f1xx_hal.c ****   */
  46:Drivers/STM32F1xx_HAL_Driver/Src/stm32f1xx_hal.c **** 
  47:Drivers/STM32F1xx_HAL_Driver/Src/stm32f1xx_hal.c **** #ifdef HAL_MODULE_ENABLED
  48:Drivers/STM32F1xx_HAL_Driver/Src/stm32f1xx_hal.c **** 
  49:Drivers/STM32F1xx_HAL_Driver/Src/stm32f1xx_hal.c **** /* Private typedef -----------------------------------------------------------*/
  50:Drivers/STM32F1xx_HAL_Driver/Src/stm32f1xx_hal.c **** /* Private define ------------------------------------------------------------*/
  51:Drivers/STM32F1xx_HAL_Driver/Src/stm32f1xx_hal.c **** 
  52:Drivers/STM32F1xx_HAL_Driver/Src/stm32f1xx_hal.c **** /** @defgroup HAL_Private_Constants HAL Private Constants
  53:Drivers/STM32F1xx_HAL_Driver/Src/stm32f1xx_hal.c ****   * @{
  54:Drivers/STM32F1xx_HAL_Driver/Src/stm32f1xx_hal.c ****   */
  55:Drivers/STM32F1xx_HAL_Driver/Src/stm32f1xx_hal.c **** /**
  56:Drivers/STM32F1xx_HAL_Driver/Src/stm32f1xx_hal.c ****  * @brief STM32F1xx HAL Driver version number
  57:Drivers/STM32F1xx_HAL_Driver/Src/stm32f1xx_hal.c ****    */
  58:Drivers/STM32F1xx_HAL_Driver/Src/stm32f1xx_hal.c **** #define __STM32F1xx_HAL_VERSION_MAIN   (0x01U) /*!< [31:24] main version */
  59:Drivers/STM32F1xx_HAL_Driver/Src/stm32f1xx_hal.c **** #define __STM32F1xx_HAL_VERSION_SUB1   (0x01U) /*!< [23:16] sub1 version */
  60:Drivers/STM32F1xx_HAL_Driver/Src/stm32f1xx_hal.c **** #define __STM32F1xx_HAL_VERSION_SUB2   (0x09U) /*!< [15:8]  sub2 version */
  61:Drivers/STM32F1xx_HAL_Driver/Src/stm32f1xx_hal.c **** #define __STM32F1xx_HAL_VERSION_RC     (0x00U) /*!< [7:0]  release candidate */
  62:Drivers/STM32F1xx_HAL_Driver/Src/stm32f1xx_hal.c **** #define __STM32F1xx_HAL_VERSION         ((__STM32F1xx_HAL_VERSION_MAIN << 24)\
  63:Drivers/STM32F1xx_HAL_Driver/Src/stm32f1xx_hal.c ****                                         |(__STM32F1xx_HAL_VERSION_SUB1 << 16)\
  64:Drivers/STM32F1xx_HAL_Driver/Src/stm32f1xx_hal.c ****                                         |(__STM32F1xx_HAL_VERSION_SUB2 << 8 )\
  65:Drivers/STM32F1xx_HAL_Driver/Src/stm32f1xx_hal.c ****                                         |(__STM32F1xx_HAL_VERSION_RC))
  66:Drivers/STM32F1xx_HAL_Driver/Src/stm32f1xx_hal.c **** 
  67:Drivers/STM32F1xx_HAL_Driver/Src/stm32f1xx_hal.c **** #define IDCODE_DEVID_MASK    0x00000FFFU
  68:Drivers/STM32F1xx_HAL_Driver/Src/stm32f1xx_hal.c **** 
  69:Drivers/STM32F1xx_HAL_Driver/Src/stm32f1xx_hal.c **** /**
  70:Drivers/STM32F1xx_HAL_Driver/Src/stm32f1xx_hal.c ****   * @}
  71:Drivers/STM32F1xx_HAL_Driver/Src/stm32f1xx_hal.c ****   */
  72:Drivers/STM32F1xx_HAL_Driver/Src/stm32f1xx_hal.c **** 
  73:Drivers/STM32F1xx_HAL_Driver/Src/stm32f1xx_hal.c **** /* Private macro -------------------------------------------------------------*/
  74:Drivers/STM32F1xx_HAL_Driver/Src/stm32f1xx_hal.c **** /* Private variables ---------------------------------------------------------*/
  75:Drivers/STM32F1xx_HAL_Driver/Src/stm32f1xx_hal.c **** 
  76:Drivers/STM32F1xx_HAL_Driver/Src/stm32f1xx_hal.c **** /** @defgroup HAL_Private_Variables HAL Private Variables
  77:Drivers/STM32F1xx_HAL_Driver/Src/stm32f1xx_hal.c ****   * @{
  78:Drivers/STM32F1xx_HAL_Driver/Src/stm32f1xx_hal.c ****   */
  79:Drivers/STM32F1xx_HAL_Driver/Src/stm32f1xx_hal.c **** __IO uint32_t uwTick;
  80:Drivers/STM32F1xx_HAL_Driver/Src/stm32f1xx_hal.c **** uint32_t uwTickPrio   = (1UL << __NVIC_PRIO_BITS); /* Invalid PRIO */
  81:Drivers/STM32F1xx_HAL_Driver/Src/stm32f1xx_hal.c **** HAL_TickFreqTypeDef uwTickFreq = HAL_TICK_FREQ_DEFAULT;  /* 1KHz */
  82:Drivers/STM32F1xx_HAL_Driver/Src/stm32f1xx_hal.c **** /**
  83:Drivers/STM32F1xx_HAL_Driver/Src/stm32f1xx_hal.c ****   * @}
  84:Drivers/STM32F1xx_HAL_Driver/Src/stm32f1xx_hal.c ****   */
  85:Drivers/STM32F1xx_HAL_Driver/Src/stm32f1xx_hal.c **** /* Private function prototypes -----------------------------------------------*/
  86:Drivers/STM32F1xx_HAL_Driver/Src/stm32f1xx_hal.c **** /* Exported functions ---------------------------------------------------------*/
  87:Drivers/STM32F1xx_HAL_Driver/Src/stm32f1xx_hal.c **** 
  88:Drivers/STM32F1xx_HAL_Driver/Src/stm32f1xx_hal.c **** /** @defgroup HAL_Exported_Functions HAL Exported Functions
  89:Drivers/STM32F1xx_HAL_Driver/Src/stm32f1xx_hal.c ****   * @{
ARM GAS  C:\Users\84886\AppData\Local\Temp\cciD62mn.s 			page 3


  90:Drivers/STM32F1xx_HAL_Driver/Src/stm32f1xx_hal.c ****   */
  91:Drivers/STM32F1xx_HAL_Driver/Src/stm32f1xx_hal.c **** 
  92:Drivers/STM32F1xx_HAL_Driver/Src/stm32f1xx_hal.c **** /** @defgroup HAL_Exported_Functions_Group1 Initialization and de-initialization Functions
  93:Drivers/STM32F1xx_HAL_Driver/Src/stm32f1xx_hal.c ****  *  @brief    Initialization and de-initialization functions
  94:Drivers/STM32F1xx_HAL_Driver/Src/stm32f1xx_hal.c ****  *
  95:Drivers/STM32F1xx_HAL_Driver/Src/stm32f1xx_hal.c **** @verbatim
  96:Drivers/STM32F1xx_HAL_Driver/Src/stm32f1xx_hal.c ****  ===============================================================================
  97:Drivers/STM32F1xx_HAL_Driver/Src/stm32f1xx_hal.c ****               ##### Initialization and de-initialization functions #####
  98:Drivers/STM32F1xx_HAL_Driver/Src/stm32f1xx_hal.c ****  ===============================================================================
  99:Drivers/STM32F1xx_HAL_Driver/Src/stm32f1xx_hal.c ****    [..]  This section provides functions allowing to:
 100:Drivers/STM32F1xx_HAL_Driver/Src/stm32f1xx_hal.c ****       (+) Initializes the Flash interface, the NVIC allocation and initial clock
 101:Drivers/STM32F1xx_HAL_Driver/Src/stm32f1xx_hal.c ****           configuration. It initializes the systick also when timeout is needed
 102:Drivers/STM32F1xx_HAL_Driver/Src/stm32f1xx_hal.c ****           and the backup domain when enabled.
 103:Drivers/STM32F1xx_HAL_Driver/Src/stm32f1xx_hal.c ****       (+) de-Initializes common part of the HAL.
 104:Drivers/STM32F1xx_HAL_Driver/Src/stm32f1xx_hal.c ****       (+) Configure The time base source to have 1ms time base with a dedicated
 105:Drivers/STM32F1xx_HAL_Driver/Src/stm32f1xx_hal.c ****           Tick interrupt priority.
 106:Drivers/STM32F1xx_HAL_Driver/Src/stm32f1xx_hal.c ****         (++) SysTick timer is used by default as source of time base, but user
 107:Drivers/STM32F1xx_HAL_Driver/Src/stm32f1xx_hal.c ****              can eventually implement his proper time base source (a general purpose
 108:Drivers/STM32F1xx_HAL_Driver/Src/stm32f1xx_hal.c ****              timer for example or other time source), keeping in mind that Time base
 109:Drivers/STM32F1xx_HAL_Driver/Src/stm32f1xx_hal.c ****              duration should be kept 1ms since PPP_TIMEOUT_VALUEs are defined and
 110:Drivers/STM32F1xx_HAL_Driver/Src/stm32f1xx_hal.c ****              handled in milliseconds basis.
 111:Drivers/STM32F1xx_HAL_Driver/Src/stm32f1xx_hal.c ****         (++) Time base configuration function (HAL_InitTick ()) is called automatically
 112:Drivers/STM32F1xx_HAL_Driver/Src/stm32f1xx_hal.c ****              at the beginning of the program after reset by HAL_Init() or at any time
 113:Drivers/STM32F1xx_HAL_Driver/Src/stm32f1xx_hal.c ****              when clock is configured, by HAL_RCC_ClockConfig().
 114:Drivers/STM32F1xx_HAL_Driver/Src/stm32f1xx_hal.c ****         (++) Source of time base is configured  to generate interrupts at regular
 115:Drivers/STM32F1xx_HAL_Driver/Src/stm32f1xx_hal.c ****              time intervals. Care must be taken if HAL_Delay() is called from a
 116:Drivers/STM32F1xx_HAL_Driver/Src/stm32f1xx_hal.c ****              peripheral ISR process, the Tick interrupt line must have higher priority
 117:Drivers/STM32F1xx_HAL_Driver/Src/stm32f1xx_hal.c ****             (numerically lower) than the peripheral interrupt. Otherwise the caller
 118:Drivers/STM32F1xx_HAL_Driver/Src/stm32f1xx_hal.c ****             ISR process will be blocked.
 119:Drivers/STM32F1xx_HAL_Driver/Src/stm32f1xx_hal.c ****        (++) functions affecting time base configurations are declared as __weak
 120:Drivers/STM32F1xx_HAL_Driver/Src/stm32f1xx_hal.c ****              to make  override possible  in case of other  implementations in user file.
 121:Drivers/STM32F1xx_HAL_Driver/Src/stm32f1xx_hal.c **** @endverbatim
 122:Drivers/STM32F1xx_HAL_Driver/Src/stm32f1xx_hal.c ****   * @{
 123:Drivers/STM32F1xx_HAL_Driver/Src/stm32f1xx_hal.c ****   */
 124:Drivers/STM32F1xx_HAL_Driver/Src/stm32f1xx_hal.c **** 
 125:Drivers/STM32F1xx_HAL_Driver/Src/stm32f1xx_hal.c **** /**
 126:Drivers/STM32F1xx_HAL_Driver/Src/stm32f1xx_hal.c ****   * @brief  This function is used to initialize the HAL Library; it must be the first
 127:Drivers/STM32F1xx_HAL_Driver/Src/stm32f1xx_hal.c ****   *         instruction to be executed in the main program (before to call any other
 128:Drivers/STM32F1xx_HAL_Driver/Src/stm32f1xx_hal.c ****   *         HAL function), it performs the following:
 129:Drivers/STM32F1xx_HAL_Driver/Src/stm32f1xx_hal.c ****   *           Configure the Flash prefetch.
 130:Drivers/STM32F1xx_HAL_Driver/Src/stm32f1xx_hal.c ****   *           Configures the SysTick to generate an interrupt each 1 millisecond,
 131:Drivers/STM32F1xx_HAL_Driver/Src/stm32f1xx_hal.c ****   *           which is clocked by the HSI (at this stage, the clock is not yet
 132:Drivers/STM32F1xx_HAL_Driver/Src/stm32f1xx_hal.c ****   *           configured and thus the system is running from the internal HSI at 16 MHz).
 133:Drivers/STM32F1xx_HAL_Driver/Src/stm32f1xx_hal.c ****   *           Set NVIC Group Priority to 4.
 134:Drivers/STM32F1xx_HAL_Driver/Src/stm32f1xx_hal.c ****   *           Calls the HAL_MspInit() callback function defined in user file
 135:Drivers/STM32F1xx_HAL_Driver/Src/stm32f1xx_hal.c ****   *           "stm32f1xx_hal_msp.c" to do the global low level hardware initialization
 136:Drivers/STM32F1xx_HAL_Driver/Src/stm32f1xx_hal.c ****   *
 137:Drivers/STM32F1xx_HAL_Driver/Src/stm32f1xx_hal.c ****   * @note   SysTick is used as time base for the HAL_Delay() function, the application
 138:Drivers/STM32F1xx_HAL_Driver/Src/stm32f1xx_hal.c ****   *         need to ensure that the SysTick time base is always set to 1 millisecond
 139:Drivers/STM32F1xx_HAL_Driver/Src/stm32f1xx_hal.c ****   *         to have correct HAL operation.
 140:Drivers/STM32F1xx_HAL_Driver/Src/stm32f1xx_hal.c ****   * @retval HAL status
 141:Drivers/STM32F1xx_HAL_Driver/Src/stm32f1xx_hal.c ****   */
 142:Drivers/STM32F1xx_HAL_Driver/Src/stm32f1xx_hal.c **** HAL_StatusTypeDef HAL_Init(void)
 143:Drivers/STM32F1xx_HAL_Driver/Src/stm32f1xx_hal.c **** {
 144:Drivers/STM32F1xx_HAL_Driver/Src/stm32f1xx_hal.c ****   /* Configure Flash prefetch */
 145:Drivers/STM32F1xx_HAL_Driver/Src/stm32f1xx_hal.c **** #if (PREFETCH_ENABLE != 0)
 146:Drivers/STM32F1xx_HAL_Driver/Src/stm32f1xx_hal.c **** #if defined(STM32F101x6) || defined(STM32F101xB) || defined(STM32F101xE) || defined(STM32F101xG) ||
ARM GAS  C:\Users\84886\AppData\Local\Temp\cciD62mn.s 			page 4


 147:Drivers/STM32F1xx_HAL_Driver/Src/stm32f1xx_hal.c ****     defined(STM32F102x6) || defined(STM32F102xB) || \
 148:Drivers/STM32F1xx_HAL_Driver/Src/stm32f1xx_hal.c ****     defined(STM32F103x6) || defined(STM32F103xB) || defined(STM32F103xE) || defined(STM32F103xG) ||
 149:Drivers/STM32F1xx_HAL_Driver/Src/stm32f1xx_hal.c ****     defined(STM32F105xC) || defined(STM32F107xC)
 150:Drivers/STM32F1xx_HAL_Driver/Src/stm32f1xx_hal.c **** 
 151:Drivers/STM32F1xx_HAL_Driver/Src/stm32f1xx_hal.c ****   /* Prefetch buffer is not available on value line devices */
 152:Drivers/STM32F1xx_HAL_Driver/Src/stm32f1xx_hal.c ****   __HAL_FLASH_PREFETCH_BUFFER_ENABLE();
 153:Drivers/STM32F1xx_HAL_Driver/Src/stm32f1xx_hal.c **** #endif
 154:Drivers/STM32F1xx_HAL_Driver/Src/stm32f1xx_hal.c **** #endif /* PREFETCH_ENABLE */
 155:Drivers/STM32F1xx_HAL_Driver/Src/stm32f1xx_hal.c **** 
 156:Drivers/STM32F1xx_HAL_Driver/Src/stm32f1xx_hal.c ****   /* Set Interrupt Group Priority */
 157:Drivers/STM32F1xx_HAL_Driver/Src/stm32f1xx_hal.c ****   HAL_NVIC_SetPriorityGrouping(NVIC_PRIORITYGROUP_4);
 158:Drivers/STM32F1xx_HAL_Driver/Src/stm32f1xx_hal.c **** 
 159:Drivers/STM32F1xx_HAL_Driver/Src/stm32f1xx_hal.c ****   /* Use systick as time base source and configure 1ms tick (default clock after Reset is HSI) */
 160:Drivers/STM32F1xx_HAL_Driver/Src/stm32f1xx_hal.c ****   HAL_InitTick(TICK_INT_PRIORITY);
 161:Drivers/STM32F1xx_HAL_Driver/Src/stm32f1xx_hal.c **** 
 162:Drivers/STM32F1xx_HAL_Driver/Src/stm32f1xx_hal.c ****   /* Init the low level hardware */
 163:Drivers/STM32F1xx_HAL_Driver/Src/stm32f1xx_hal.c ****   HAL_MspInit();
 164:Drivers/STM32F1xx_HAL_Driver/Src/stm32f1xx_hal.c **** 
 165:Drivers/STM32F1xx_HAL_Driver/Src/stm32f1xx_hal.c ****   /* Return function status */
 166:Drivers/STM32F1xx_HAL_Driver/Src/stm32f1xx_hal.c ****   return HAL_OK;
 167:Drivers/STM32F1xx_HAL_Driver/Src/stm32f1xx_hal.c **** }
 168:Drivers/STM32F1xx_HAL_Driver/Src/stm32f1xx_hal.c **** 
 169:Drivers/STM32F1xx_HAL_Driver/Src/stm32f1xx_hal.c **** /**
 170:Drivers/STM32F1xx_HAL_Driver/Src/stm32f1xx_hal.c ****   * @brief This function de-Initializes common part of the HAL and stops the systick.
 171:Drivers/STM32F1xx_HAL_Driver/Src/stm32f1xx_hal.c ****   *        of time base.
 172:Drivers/STM32F1xx_HAL_Driver/Src/stm32f1xx_hal.c ****   * @note This function is optional.
 173:Drivers/STM32F1xx_HAL_Driver/Src/stm32f1xx_hal.c ****   * @retval HAL status
 174:Drivers/STM32F1xx_HAL_Driver/Src/stm32f1xx_hal.c ****   */
 175:Drivers/STM32F1xx_HAL_Driver/Src/stm32f1xx_hal.c **** HAL_StatusTypeDef HAL_DeInit(void)
 176:Drivers/STM32F1xx_HAL_Driver/Src/stm32f1xx_hal.c **** {
 177:Drivers/STM32F1xx_HAL_Driver/Src/stm32f1xx_hal.c ****   /* Reset of all peripherals */
 178:Drivers/STM32F1xx_HAL_Driver/Src/stm32f1xx_hal.c ****   __HAL_RCC_APB1_FORCE_RESET();
 179:Drivers/STM32F1xx_HAL_Driver/Src/stm32f1xx_hal.c ****   __HAL_RCC_APB1_RELEASE_RESET();
 180:Drivers/STM32F1xx_HAL_Driver/Src/stm32f1xx_hal.c **** 
 181:Drivers/STM32F1xx_HAL_Driver/Src/stm32f1xx_hal.c ****   __HAL_RCC_APB2_FORCE_RESET();
 182:Drivers/STM32F1xx_HAL_Driver/Src/stm32f1xx_hal.c ****   __HAL_RCC_APB2_RELEASE_RESET();
 183:Drivers/STM32F1xx_HAL_Driver/Src/stm32f1xx_hal.c **** 
 184:Drivers/STM32F1xx_HAL_Driver/Src/stm32f1xx_hal.c **** #if defined(STM32F105xC) || defined(STM32F107xC)
 185:Drivers/STM32F1xx_HAL_Driver/Src/stm32f1xx_hal.c ****   __HAL_RCC_AHB_FORCE_RESET();
 186:Drivers/STM32F1xx_HAL_Driver/Src/stm32f1xx_hal.c ****   __HAL_RCC_AHB_RELEASE_RESET();
 187:Drivers/STM32F1xx_HAL_Driver/Src/stm32f1xx_hal.c **** #endif
 188:Drivers/STM32F1xx_HAL_Driver/Src/stm32f1xx_hal.c **** 
 189:Drivers/STM32F1xx_HAL_Driver/Src/stm32f1xx_hal.c ****   /* De-Init the low level hardware */
 190:Drivers/STM32F1xx_HAL_Driver/Src/stm32f1xx_hal.c ****   HAL_MspDeInit();
 191:Drivers/STM32F1xx_HAL_Driver/Src/stm32f1xx_hal.c **** 
 192:Drivers/STM32F1xx_HAL_Driver/Src/stm32f1xx_hal.c ****   /* Return function status */
 193:Drivers/STM32F1xx_HAL_Driver/Src/stm32f1xx_hal.c ****   return HAL_OK;
 194:Drivers/STM32F1xx_HAL_Driver/Src/stm32f1xx_hal.c **** }
 195:Drivers/STM32F1xx_HAL_Driver/Src/stm32f1xx_hal.c **** 
 196:Drivers/STM32F1xx_HAL_Driver/Src/stm32f1xx_hal.c **** /**
 197:Drivers/STM32F1xx_HAL_Driver/Src/stm32f1xx_hal.c ****   * @brief  Initialize the MSP.
 198:Drivers/STM32F1xx_HAL_Driver/Src/stm32f1xx_hal.c ****   * @retval None
 199:Drivers/STM32F1xx_HAL_Driver/Src/stm32f1xx_hal.c ****   */
 200:Drivers/STM32F1xx_HAL_Driver/Src/stm32f1xx_hal.c **** __weak void HAL_MspInit(void)
 201:Drivers/STM32F1xx_HAL_Driver/Src/stm32f1xx_hal.c **** {
  27              		.loc 1 201 1 view -0
  28              		.cfi_startproc
ARM GAS  C:\Users\84886\AppData\Local\Temp\cciD62mn.s 			page 5


  29              		@ args = 0, pretend = 0, frame = 0
  30              		@ frame_needed = 0, uses_anonymous_args = 0
  31              		@ link register save eliminated.
 202:Drivers/STM32F1xx_HAL_Driver/Src/stm32f1xx_hal.c ****   /* NOTE : This function should not be modified, when the callback is needed,
 203:Drivers/STM32F1xx_HAL_Driver/Src/stm32f1xx_hal.c ****             the HAL_MspInit could be implemented in the user file
 204:Drivers/STM32F1xx_HAL_Driver/Src/stm32f1xx_hal.c ****    */
 205:Drivers/STM32F1xx_HAL_Driver/Src/stm32f1xx_hal.c **** }
  32              		.loc 1 205 1 view .LVU1
  33 0000 7047     		bx	lr
  34              		.cfi_endproc
  35              	.LFE67:
  37              		.section	.text.HAL_MspDeInit,"ax",%progbits
  38              		.align	1
  39              		.weak	HAL_MspDeInit
  40              		.syntax unified
  41              		.thumb
  42              		.thumb_func
  43              		.fpu softvfp
  45              	HAL_MspDeInit:
  46              	.LFB68:
 206:Drivers/STM32F1xx_HAL_Driver/Src/stm32f1xx_hal.c **** 
 207:Drivers/STM32F1xx_HAL_Driver/Src/stm32f1xx_hal.c **** /**
 208:Drivers/STM32F1xx_HAL_Driver/Src/stm32f1xx_hal.c ****   * @brief  DeInitializes the MSP.
 209:Drivers/STM32F1xx_HAL_Driver/Src/stm32f1xx_hal.c ****   * @retval None
 210:Drivers/STM32F1xx_HAL_Driver/Src/stm32f1xx_hal.c ****   */
 211:Drivers/STM32F1xx_HAL_Driver/Src/stm32f1xx_hal.c **** __weak void HAL_MspDeInit(void)
 212:Drivers/STM32F1xx_HAL_Driver/Src/stm32f1xx_hal.c **** {
  47              		.loc 1 212 1 view -0
  48              		.cfi_startproc
  49              		@ args = 0, pretend = 0, frame = 0
  50              		@ frame_needed = 0, uses_anonymous_args = 0
  51              		@ link register save eliminated.
 213:Drivers/STM32F1xx_HAL_Driver/Src/stm32f1xx_hal.c ****   /* NOTE : This function should not be modified, when the callback is needed,
 214:Drivers/STM32F1xx_HAL_Driver/Src/stm32f1xx_hal.c ****             the HAL_MspDeInit could be implemented in the user file
 215:Drivers/STM32F1xx_HAL_Driver/Src/stm32f1xx_hal.c ****    */
 216:Drivers/STM32F1xx_HAL_Driver/Src/stm32f1xx_hal.c **** }
  52              		.loc 1 216 1 view .LVU3
  53 0000 7047     		bx	lr
  54              		.cfi_endproc
  55              	.LFE68:
  57              		.section	.text.HAL_DeInit,"ax",%progbits
  58              		.align	1
  59              		.global	HAL_DeInit
  60              		.syntax unified
  61              		.thumb
  62              		.thumb_func
  63              		.fpu softvfp
  65              	HAL_DeInit:
  66              	.LFB66:
 176:Drivers/STM32F1xx_HAL_Driver/Src/stm32f1xx_hal.c ****   /* Reset of all peripherals */
  67              		.loc 1 176 1 view -0
  68              		.cfi_startproc
  69              		@ args = 0, pretend = 0, frame = 0
  70              		@ frame_needed = 0, uses_anonymous_args = 0
  71 0000 10B5     		push	{r4, lr}
  72              		.cfi_def_cfa_offset 8
  73              		.cfi_offset 4, -8
ARM GAS  C:\Users\84886\AppData\Local\Temp\cciD62mn.s 			page 6


  74              		.cfi_offset 14, -4
 178:Drivers/STM32F1xx_HAL_Driver/Src/stm32f1xx_hal.c ****   __HAL_RCC_APB1_RELEASE_RESET();
  75              		.loc 1 178 3 view .LVU5
  76 0002 064B     		ldr	r3, .L5
  77 0004 4FF0FF32 		mov	r2, #-1
  78 0008 1A61     		str	r2, [r3, #16]
 179:Drivers/STM32F1xx_HAL_Driver/Src/stm32f1xx_hal.c **** 
  79              		.loc 1 179 3 view .LVU6
  80 000a 0024     		movs	r4, #0
  81 000c 1C61     		str	r4, [r3, #16]
 181:Drivers/STM32F1xx_HAL_Driver/Src/stm32f1xx_hal.c ****   __HAL_RCC_APB2_RELEASE_RESET();
  82              		.loc 1 181 3 view .LVU7
  83 000e DA60     		str	r2, [r3, #12]
 182:Drivers/STM32F1xx_HAL_Driver/Src/stm32f1xx_hal.c **** 
  84              		.loc 1 182 3 view .LVU8
  85 0010 DC60     		str	r4, [r3, #12]
 190:Drivers/STM32F1xx_HAL_Driver/Src/stm32f1xx_hal.c **** 
  86              		.loc 1 190 3 view .LVU9
  87 0012 FFF7FEFF 		bl	HAL_MspDeInit
  88              	.LVL0:
 193:Drivers/STM32F1xx_HAL_Driver/Src/stm32f1xx_hal.c **** }
  89              		.loc 1 193 3 view .LVU10
 194:Drivers/STM32F1xx_HAL_Driver/Src/stm32f1xx_hal.c **** 
  90              		.loc 1 194 1 is_stmt 0 view .LVU11
  91 0016 2046     		mov	r0, r4
  92 0018 10BD     		pop	{r4, pc}
  93              	.L6:
  94 001a 00BF     		.align	2
  95              	.L5:
  96 001c 00100240 		.word	1073876992
  97              		.cfi_endproc
  98              	.LFE66:
 100              		.section	.text.HAL_InitTick,"ax",%progbits
 101              		.align	1
 102              		.weak	HAL_InitTick
 103              		.syntax unified
 104              		.thumb
 105              		.thumb_func
 106              		.fpu softvfp
 108              	HAL_InitTick:
 109              	.LVL1:
 110              	.LFB69:
 217:Drivers/STM32F1xx_HAL_Driver/Src/stm32f1xx_hal.c **** 
 218:Drivers/STM32F1xx_HAL_Driver/Src/stm32f1xx_hal.c **** /**
 219:Drivers/STM32F1xx_HAL_Driver/Src/stm32f1xx_hal.c ****   * @brief This function configures the source of the time base.
 220:Drivers/STM32F1xx_HAL_Driver/Src/stm32f1xx_hal.c ****   *        The time source is configured  to have 1ms time base with a dedicated
 221:Drivers/STM32F1xx_HAL_Driver/Src/stm32f1xx_hal.c ****   *        Tick interrupt priority.
 222:Drivers/STM32F1xx_HAL_Driver/Src/stm32f1xx_hal.c ****   * @note This function is called  automatically at the beginning of program after
 223:Drivers/STM32F1xx_HAL_Driver/Src/stm32f1xx_hal.c ****   *       reset by HAL_Init() or at any time when clock is reconfigured  by HAL_RCC_ClockConfig().
 224:Drivers/STM32F1xx_HAL_Driver/Src/stm32f1xx_hal.c ****   * @note In the default implementation, SysTick timer is the source of time base.
 225:Drivers/STM32F1xx_HAL_Driver/Src/stm32f1xx_hal.c ****   *       It is used to generate interrupts at regular time intervals.
 226:Drivers/STM32F1xx_HAL_Driver/Src/stm32f1xx_hal.c ****   *       Care must be taken if HAL_Delay() is called from a peripheral ISR process,
 227:Drivers/STM32F1xx_HAL_Driver/Src/stm32f1xx_hal.c ****   *       The SysTick interrupt must have higher priority (numerically lower)
 228:Drivers/STM32F1xx_HAL_Driver/Src/stm32f1xx_hal.c ****   *       than the peripheral interrupt. Otherwise the caller ISR process will be blocked.
 229:Drivers/STM32F1xx_HAL_Driver/Src/stm32f1xx_hal.c ****   *       The function is declared as __weak  to be overwritten  in case of other
 230:Drivers/STM32F1xx_HAL_Driver/Src/stm32f1xx_hal.c ****   *       implementation  in user file.
 231:Drivers/STM32F1xx_HAL_Driver/Src/stm32f1xx_hal.c ****   * @param TickPriority Tick interrupt priority.
ARM GAS  C:\Users\84886\AppData\Local\Temp\cciD62mn.s 			page 7


 232:Drivers/STM32F1xx_HAL_Driver/Src/stm32f1xx_hal.c ****   * @retval HAL status
 233:Drivers/STM32F1xx_HAL_Driver/Src/stm32f1xx_hal.c ****   */
 234:Drivers/STM32F1xx_HAL_Driver/Src/stm32f1xx_hal.c **** __weak HAL_StatusTypeDef HAL_InitTick(uint32_t TickPriority)
 235:Drivers/STM32F1xx_HAL_Driver/Src/stm32f1xx_hal.c **** {
 111              		.loc 1 235 1 is_stmt 1 view -0
 112              		.cfi_startproc
 113              		@ args = 0, pretend = 0, frame = 0
 114              		@ frame_needed = 0, uses_anonymous_args = 0
 115              		.loc 1 235 1 is_stmt 0 view .LVU13
 116 0000 10B5     		push	{r4, lr}
 117              		.cfi_def_cfa_offset 8
 118              		.cfi_offset 4, -8
 119              		.cfi_offset 14, -4
 120 0002 0446     		mov	r4, r0
 236:Drivers/STM32F1xx_HAL_Driver/Src/stm32f1xx_hal.c ****   /* Configure the SysTick to have interrupt in 1ms time basis*/
 237:Drivers/STM32F1xx_HAL_Driver/Src/stm32f1xx_hal.c ****   if (HAL_SYSTICK_Config(SystemCoreClock / (1000U / uwTickFreq)) > 0U)
 121              		.loc 1 237 3 is_stmt 1 view .LVU14
 122              		.loc 1 237 51 is_stmt 0 view .LVU15
 123 0004 0E4B     		ldr	r3, .L13
 124 0006 1878     		ldrb	r0, [r3]	@ zero_extendqisi2
 125              	.LVL2:
 126              		.loc 1 237 51 view .LVU16
 127 0008 4FF47A73 		mov	r3, #1000
 128 000c B3FBF0F3 		udiv	r3, r3, r0
 129              		.loc 1 237 7 view .LVU17
 130 0010 0C4A     		ldr	r2, .L13+4
 131 0012 1068     		ldr	r0, [r2]
 132 0014 B0FBF3F0 		udiv	r0, r0, r3
 133 0018 FFF7FEFF 		bl	HAL_SYSTICK_Config
 134              	.LVL3:
 135              		.loc 1 237 6 view .LVU18
 136 001c 68B9     		cbnz	r0, .L9
 238:Drivers/STM32F1xx_HAL_Driver/Src/stm32f1xx_hal.c ****   {
 239:Drivers/STM32F1xx_HAL_Driver/Src/stm32f1xx_hal.c ****     return HAL_ERROR;
 240:Drivers/STM32F1xx_HAL_Driver/Src/stm32f1xx_hal.c ****   }
 241:Drivers/STM32F1xx_HAL_Driver/Src/stm32f1xx_hal.c **** 
 242:Drivers/STM32F1xx_HAL_Driver/Src/stm32f1xx_hal.c ****   /* Configure the SysTick IRQ priority */
 243:Drivers/STM32F1xx_HAL_Driver/Src/stm32f1xx_hal.c ****   if (TickPriority < (1UL << __NVIC_PRIO_BITS))
 137              		.loc 1 243 3 is_stmt 1 view .LVU19
 138              		.loc 1 243 6 is_stmt 0 view .LVU20
 139 001e 0F2C     		cmp	r4, #15
 140 0020 01D9     		bls	.L12
 244:Drivers/STM32F1xx_HAL_Driver/Src/stm32f1xx_hal.c ****   {
 245:Drivers/STM32F1xx_HAL_Driver/Src/stm32f1xx_hal.c ****     HAL_NVIC_SetPriority(SysTick_IRQn, TickPriority, 0U);
 246:Drivers/STM32F1xx_HAL_Driver/Src/stm32f1xx_hal.c ****     uwTickPrio = TickPriority;
 247:Drivers/STM32F1xx_HAL_Driver/Src/stm32f1xx_hal.c ****   }
 248:Drivers/STM32F1xx_HAL_Driver/Src/stm32f1xx_hal.c ****   else
 249:Drivers/STM32F1xx_HAL_Driver/Src/stm32f1xx_hal.c ****   {
 250:Drivers/STM32F1xx_HAL_Driver/Src/stm32f1xx_hal.c ****     return HAL_ERROR;
 141              		.loc 1 250 12 view .LVU21
 142 0022 0120     		movs	r0, #1
 143 0024 0AE0     		b	.L8
 144              	.L12:
 245:Drivers/STM32F1xx_HAL_Driver/Src/stm32f1xx_hal.c ****     uwTickPrio = TickPriority;
 145              		.loc 1 245 5 is_stmt 1 view .LVU22
 146 0026 0022     		movs	r2, #0
 147 0028 2146     		mov	r1, r4
ARM GAS  C:\Users\84886\AppData\Local\Temp\cciD62mn.s 			page 8


 148 002a 4FF0FF30 		mov	r0, #-1
 149 002e FFF7FEFF 		bl	HAL_NVIC_SetPriority
 150              	.LVL4:
 246:Drivers/STM32F1xx_HAL_Driver/Src/stm32f1xx_hal.c ****   }
 151              		.loc 1 246 5 view .LVU23
 246:Drivers/STM32F1xx_HAL_Driver/Src/stm32f1xx_hal.c ****   }
 152              		.loc 1 246 16 is_stmt 0 view .LVU24
 153 0032 054B     		ldr	r3, .L13+8
 154 0034 1C60     		str	r4, [r3]
 251:Drivers/STM32F1xx_HAL_Driver/Src/stm32f1xx_hal.c ****   }
 252:Drivers/STM32F1xx_HAL_Driver/Src/stm32f1xx_hal.c **** 
 253:Drivers/STM32F1xx_HAL_Driver/Src/stm32f1xx_hal.c ****   /* Return function status */
 254:Drivers/STM32F1xx_HAL_Driver/Src/stm32f1xx_hal.c ****   return HAL_OK;
 155              		.loc 1 254 3 is_stmt 1 view .LVU25
 156              		.loc 1 254 10 is_stmt 0 view .LVU26
 157 0036 0020     		movs	r0, #0
 158 0038 00E0     		b	.L8
 159              	.L9:
 239:Drivers/STM32F1xx_HAL_Driver/Src/stm32f1xx_hal.c ****   }
 160              		.loc 1 239 12 view .LVU27
 161 003a 0120     		movs	r0, #1
 162              	.L8:
 255:Drivers/STM32F1xx_HAL_Driver/Src/stm32f1xx_hal.c **** }
 163              		.loc 1 255 1 view .LVU28
 164 003c 10BD     		pop	{r4, pc}
 165              	.LVL5:
 166              	.L14:
 167              		.loc 1 255 1 view .LVU29
 168 003e 00BF     		.align	2
 169              	.L13:
 170 0040 00000000 		.word	.LANCHOR0
 171 0044 00000000 		.word	SystemCoreClock
 172 0048 00000000 		.word	.LANCHOR1
 173              		.cfi_endproc
 174              	.LFE69:
 176              		.section	.text.HAL_Init,"ax",%progbits
 177              		.align	1
 178              		.global	HAL_Init
 179              		.syntax unified
 180              		.thumb
 181              		.thumb_func
 182              		.fpu softvfp
 184              	HAL_Init:
 185              	.LFB65:
 143:Drivers/STM32F1xx_HAL_Driver/Src/stm32f1xx_hal.c ****   /* Configure Flash prefetch */
 186              		.loc 1 143 1 is_stmt 1 view -0
 187              		.cfi_startproc
 188              		@ args = 0, pretend = 0, frame = 0
 189              		@ frame_needed = 0, uses_anonymous_args = 0
 190 0000 08B5     		push	{r3, lr}
 191              		.cfi_def_cfa_offset 8
 192              		.cfi_offset 3, -8
 193              		.cfi_offset 14, -4
 152:Drivers/STM32F1xx_HAL_Driver/Src/stm32f1xx_hal.c **** #endif
 194              		.loc 1 152 3 view .LVU31
 195 0002 074A     		ldr	r2, .L17
 196 0004 1368     		ldr	r3, [r2]
ARM GAS  C:\Users\84886\AppData\Local\Temp\cciD62mn.s 			page 9


 197 0006 43F01003 		orr	r3, r3, #16
 198 000a 1360     		str	r3, [r2]
 157:Drivers/STM32F1xx_HAL_Driver/Src/stm32f1xx_hal.c **** 
 199              		.loc 1 157 3 view .LVU32
 200 000c 0320     		movs	r0, #3
 201 000e FFF7FEFF 		bl	HAL_NVIC_SetPriorityGrouping
 202              	.LVL6:
 160:Drivers/STM32F1xx_HAL_Driver/Src/stm32f1xx_hal.c **** 
 203              		.loc 1 160 3 view .LVU33
 204 0012 0F20     		movs	r0, #15
 205 0014 FFF7FEFF 		bl	HAL_InitTick
 206              	.LVL7:
 163:Drivers/STM32F1xx_HAL_Driver/Src/stm32f1xx_hal.c **** 
 207              		.loc 1 163 3 view .LVU34
 208 0018 FFF7FEFF 		bl	HAL_MspInit
 209              	.LVL8:
 166:Drivers/STM32F1xx_HAL_Driver/Src/stm32f1xx_hal.c **** }
 210              		.loc 1 166 3 view .LVU35
 167:Drivers/STM32F1xx_HAL_Driver/Src/stm32f1xx_hal.c **** 
 211              		.loc 1 167 1 is_stmt 0 view .LVU36
 212 001c 0020     		movs	r0, #0
 213 001e 08BD     		pop	{r3, pc}
 214              	.L18:
 215              		.align	2
 216              	.L17:
 217 0020 00200240 		.word	1073881088
 218              		.cfi_endproc
 219              	.LFE65:
 221              		.section	.text.HAL_IncTick,"ax",%progbits
 222              		.align	1
 223              		.weak	HAL_IncTick
 224              		.syntax unified
 225              		.thumb
 226              		.thumb_func
 227              		.fpu softvfp
 229              	HAL_IncTick:
 230              	.LFB70:
 256:Drivers/STM32F1xx_HAL_Driver/Src/stm32f1xx_hal.c **** 
 257:Drivers/STM32F1xx_HAL_Driver/Src/stm32f1xx_hal.c **** /**
 258:Drivers/STM32F1xx_HAL_Driver/Src/stm32f1xx_hal.c ****   * @}
 259:Drivers/STM32F1xx_HAL_Driver/Src/stm32f1xx_hal.c ****   */
 260:Drivers/STM32F1xx_HAL_Driver/Src/stm32f1xx_hal.c **** 
 261:Drivers/STM32F1xx_HAL_Driver/Src/stm32f1xx_hal.c **** /** @defgroup HAL_Exported_Functions_Group2 HAL Control functions
 262:Drivers/STM32F1xx_HAL_Driver/Src/stm32f1xx_hal.c ****   *  @brief    HAL Control functions
 263:Drivers/STM32F1xx_HAL_Driver/Src/stm32f1xx_hal.c ****   *
 264:Drivers/STM32F1xx_HAL_Driver/Src/stm32f1xx_hal.c **** @verbatim
 265:Drivers/STM32F1xx_HAL_Driver/Src/stm32f1xx_hal.c ****  ===============================================================================
 266:Drivers/STM32F1xx_HAL_Driver/Src/stm32f1xx_hal.c ****                       ##### HAL Control functions #####
 267:Drivers/STM32F1xx_HAL_Driver/Src/stm32f1xx_hal.c ****  ===============================================================================
 268:Drivers/STM32F1xx_HAL_Driver/Src/stm32f1xx_hal.c ****     [..]  This section provides functions allowing to:
 269:Drivers/STM32F1xx_HAL_Driver/Src/stm32f1xx_hal.c ****       (+) Provide a tick value in millisecond
 270:Drivers/STM32F1xx_HAL_Driver/Src/stm32f1xx_hal.c ****       (+) Provide a blocking delay in millisecond
 271:Drivers/STM32F1xx_HAL_Driver/Src/stm32f1xx_hal.c ****       (+) Suspend the time base source interrupt
 272:Drivers/STM32F1xx_HAL_Driver/Src/stm32f1xx_hal.c ****       (+) Resume the time base source interrupt
 273:Drivers/STM32F1xx_HAL_Driver/Src/stm32f1xx_hal.c ****       (+) Get the HAL API driver version
 274:Drivers/STM32F1xx_HAL_Driver/Src/stm32f1xx_hal.c ****       (+) Get the device identifier
 275:Drivers/STM32F1xx_HAL_Driver/Src/stm32f1xx_hal.c ****       (+) Get the device revision identifier
ARM GAS  C:\Users\84886\AppData\Local\Temp\cciD62mn.s 			page 10


 276:Drivers/STM32F1xx_HAL_Driver/Src/stm32f1xx_hal.c ****       (+) Enable/Disable Debug module during SLEEP mode
 277:Drivers/STM32F1xx_HAL_Driver/Src/stm32f1xx_hal.c ****       (+) Enable/Disable Debug module during STOP mode
 278:Drivers/STM32F1xx_HAL_Driver/Src/stm32f1xx_hal.c ****       (+) Enable/Disable Debug module during STANDBY mode
 279:Drivers/STM32F1xx_HAL_Driver/Src/stm32f1xx_hal.c **** 
 280:Drivers/STM32F1xx_HAL_Driver/Src/stm32f1xx_hal.c **** @endverbatim
 281:Drivers/STM32F1xx_HAL_Driver/Src/stm32f1xx_hal.c ****   * @{
 282:Drivers/STM32F1xx_HAL_Driver/Src/stm32f1xx_hal.c ****   */
 283:Drivers/STM32F1xx_HAL_Driver/Src/stm32f1xx_hal.c **** 
 284:Drivers/STM32F1xx_HAL_Driver/Src/stm32f1xx_hal.c **** /**
 285:Drivers/STM32F1xx_HAL_Driver/Src/stm32f1xx_hal.c ****   * @brief This function is called to increment  a global variable "uwTick"
 286:Drivers/STM32F1xx_HAL_Driver/Src/stm32f1xx_hal.c ****   *        used as application time base.
 287:Drivers/STM32F1xx_HAL_Driver/Src/stm32f1xx_hal.c ****   * @note In the default implementation, this variable is incremented each 1ms
 288:Drivers/STM32F1xx_HAL_Driver/Src/stm32f1xx_hal.c ****   *       in SysTick ISR.
 289:Drivers/STM32F1xx_HAL_Driver/Src/stm32f1xx_hal.c ****   * @note This function is declared as __weak to be overwritten in case of other
 290:Drivers/STM32F1xx_HAL_Driver/Src/stm32f1xx_hal.c ****   *      implementations in user file.
 291:Drivers/STM32F1xx_HAL_Driver/Src/stm32f1xx_hal.c ****   * @retval None
 292:Drivers/STM32F1xx_HAL_Driver/Src/stm32f1xx_hal.c ****   */
 293:Drivers/STM32F1xx_HAL_Driver/Src/stm32f1xx_hal.c **** __weak void HAL_IncTick(void)
 294:Drivers/STM32F1xx_HAL_Driver/Src/stm32f1xx_hal.c **** {
 231              		.loc 1 294 1 is_stmt 1 view -0
 232              		.cfi_startproc
 233              		@ args = 0, pretend = 0, frame = 0
 234              		@ frame_needed = 0, uses_anonymous_args = 0
 235              		@ link register save eliminated.
 295:Drivers/STM32F1xx_HAL_Driver/Src/stm32f1xx_hal.c ****   uwTick += uwTickFreq;
 236              		.loc 1 295 3 view .LVU38
 237              		.loc 1 295 10 is_stmt 0 view .LVU39
 238 0000 034A     		ldr	r2, .L20
 239 0002 1168     		ldr	r1, [r2]
 240 0004 034B     		ldr	r3, .L20+4
 241 0006 1B78     		ldrb	r3, [r3]	@ zero_extendqisi2
 242 0008 0B44     		add	r3, r3, r1
 243 000a 1360     		str	r3, [r2]
 296:Drivers/STM32F1xx_HAL_Driver/Src/stm32f1xx_hal.c **** }
 244              		.loc 1 296 1 view .LVU40
 245 000c 7047     		bx	lr
 246              	.L21:
 247 000e 00BF     		.align	2
 248              	.L20:
 249 0010 00000000 		.word	uwTick
 250 0014 00000000 		.word	.LANCHOR0
 251              		.cfi_endproc
 252              	.LFE70:
 254              		.section	.text.HAL_GetTick,"ax",%progbits
 255              		.align	1
 256              		.weak	HAL_GetTick
 257              		.syntax unified
 258              		.thumb
 259              		.thumb_func
 260              		.fpu softvfp
 262              	HAL_GetTick:
 263              	.LFB71:
 297:Drivers/STM32F1xx_HAL_Driver/Src/stm32f1xx_hal.c **** 
 298:Drivers/STM32F1xx_HAL_Driver/Src/stm32f1xx_hal.c **** /**
 299:Drivers/STM32F1xx_HAL_Driver/Src/stm32f1xx_hal.c ****   * @brief Provides a tick value in millisecond.
 300:Drivers/STM32F1xx_HAL_Driver/Src/stm32f1xx_hal.c ****   * @note  This function is declared as __weak to be overwritten in case of other
 301:Drivers/STM32F1xx_HAL_Driver/Src/stm32f1xx_hal.c ****   *       implementations in user file.
ARM GAS  C:\Users\84886\AppData\Local\Temp\cciD62mn.s 			page 11


 302:Drivers/STM32F1xx_HAL_Driver/Src/stm32f1xx_hal.c ****   * @retval tick value
 303:Drivers/STM32F1xx_HAL_Driver/Src/stm32f1xx_hal.c ****   */
 304:Drivers/STM32F1xx_HAL_Driver/Src/stm32f1xx_hal.c **** __weak uint32_t HAL_GetTick(void)
 305:Drivers/STM32F1xx_HAL_Driver/Src/stm32f1xx_hal.c **** {
 264              		.loc 1 305 1 is_stmt 1 view -0
 265              		.cfi_startproc
 266              		@ args = 0, pretend = 0, frame = 0
 267              		@ frame_needed = 0, uses_anonymous_args = 0
 268              		@ link register save eliminated.
 306:Drivers/STM32F1xx_HAL_Driver/Src/stm32f1xx_hal.c ****   return uwTick;
 269              		.loc 1 306 3 view .LVU42
 270              		.loc 1 306 10 is_stmt 0 view .LVU43
 271 0000 014B     		ldr	r3, .L23
 272 0002 1868     		ldr	r0, [r3]
 307:Drivers/STM32F1xx_HAL_Driver/Src/stm32f1xx_hal.c **** }
 273              		.loc 1 307 1 view .LVU44
 274 0004 7047     		bx	lr
 275              	.L24:
 276 0006 00BF     		.align	2
 277              	.L23:
 278 0008 00000000 		.word	uwTick
 279              		.cfi_endproc
 280              	.LFE71:
 282              		.section	.text.HAL_GetTickPrio,"ax",%progbits
 283              		.align	1
 284              		.global	HAL_GetTickPrio
 285              		.syntax unified
 286              		.thumb
 287              		.thumb_func
 288              		.fpu softvfp
 290              	HAL_GetTickPrio:
 291              	.LFB72:
 308:Drivers/STM32F1xx_HAL_Driver/Src/stm32f1xx_hal.c **** 
 309:Drivers/STM32F1xx_HAL_Driver/Src/stm32f1xx_hal.c **** /**
 310:Drivers/STM32F1xx_HAL_Driver/Src/stm32f1xx_hal.c ****   * @brief This function returns a tick priority.
 311:Drivers/STM32F1xx_HAL_Driver/Src/stm32f1xx_hal.c ****   * @retval tick priority
 312:Drivers/STM32F1xx_HAL_Driver/Src/stm32f1xx_hal.c ****   */
 313:Drivers/STM32F1xx_HAL_Driver/Src/stm32f1xx_hal.c **** uint32_t HAL_GetTickPrio(void)
 314:Drivers/STM32F1xx_HAL_Driver/Src/stm32f1xx_hal.c **** {
 292              		.loc 1 314 1 is_stmt 1 view -0
 293              		.cfi_startproc
 294              		@ args = 0, pretend = 0, frame = 0
 295              		@ frame_needed = 0, uses_anonymous_args = 0
 296              		@ link register save eliminated.
 315:Drivers/STM32F1xx_HAL_Driver/Src/stm32f1xx_hal.c ****   return uwTickPrio;
 297              		.loc 1 315 3 view .LVU46
 316:Drivers/STM32F1xx_HAL_Driver/Src/stm32f1xx_hal.c **** }
 298              		.loc 1 316 1 is_stmt 0 view .LVU47
 299 0000 014B     		ldr	r3, .L26
 300 0002 1868     		ldr	r0, [r3]
 301 0004 7047     		bx	lr
 302              	.L27:
 303 0006 00BF     		.align	2
 304              	.L26:
 305 0008 00000000 		.word	.LANCHOR1
 306              		.cfi_endproc
 307              	.LFE72:
ARM GAS  C:\Users\84886\AppData\Local\Temp\cciD62mn.s 			page 12


 309              		.section	.text.HAL_SetTickFreq,"ax",%progbits
 310              		.align	1
 311              		.global	HAL_SetTickFreq
 312              		.syntax unified
 313              		.thumb
 314              		.thumb_func
 315              		.fpu softvfp
 317              	HAL_SetTickFreq:
 318              	.LVL9:
 319              	.LFB73:
 317:Drivers/STM32F1xx_HAL_Driver/Src/stm32f1xx_hal.c **** 
 318:Drivers/STM32F1xx_HAL_Driver/Src/stm32f1xx_hal.c **** /**
 319:Drivers/STM32F1xx_HAL_Driver/Src/stm32f1xx_hal.c ****   * @brief Set new tick Freq.
 320:Drivers/STM32F1xx_HAL_Driver/Src/stm32f1xx_hal.c ****   * @retval status
 321:Drivers/STM32F1xx_HAL_Driver/Src/stm32f1xx_hal.c ****   */
 322:Drivers/STM32F1xx_HAL_Driver/Src/stm32f1xx_hal.c **** HAL_StatusTypeDef HAL_SetTickFreq(HAL_TickFreqTypeDef Freq)
 323:Drivers/STM32F1xx_HAL_Driver/Src/stm32f1xx_hal.c **** {
 320              		.loc 1 323 1 is_stmt 1 view -0
 321              		.cfi_startproc
 322              		@ args = 0, pretend = 0, frame = 0
 323              		@ frame_needed = 0, uses_anonymous_args = 0
 324              		.loc 1 323 1 is_stmt 0 view .LVU49
 325 0000 10B5     		push	{r4, lr}
 326              		.cfi_def_cfa_offset 8
 327              		.cfi_offset 4, -8
 328              		.cfi_offset 14, -4
 324:Drivers/STM32F1xx_HAL_Driver/Src/stm32f1xx_hal.c ****   HAL_StatusTypeDef status  = HAL_OK;
 329              		.loc 1 324 3 is_stmt 1 view .LVU50
 330              	.LVL10:
 325:Drivers/STM32F1xx_HAL_Driver/Src/stm32f1xx_hal.c ****   HAL_TickFreqTypeDef prevTickFreq;
 331              		.loc 1 325 3 view .LVU51
 326:Drivers/STM32F1xx_HAL_Driver/Src/stm32f1xx_hal.c **** 
 327:Drivers/STM32F1xx_HAL_Driver/Src/stm32f1xx_hal.c ****   assert_param(IS_TICKFREQ(Freq));
 332              		.loc 1 327 3 view .LVU52
 328:Drivers/STM32F1xx_HAL_Driver/Src/stm32f1xx_hal.c **** 
 329:Drivers/STM32F1xx_HAL_Driver/Src/stm32f1xx_hal.c ****   if (uwTickFreq != Freq)
 333              		.loc 1 329 3 view .LVU53
 334              		.loc 1 329 18 is_stmt 0 view .LVU54
 335 0002 084B     		ldr	r3, .L33
 336 0004 1C78     		ldrb	r4, [r3]	@ zero_extendqisi2
 337              		.loc 1 329 6 view .LVU55
 338 0006 8442     		cmp	r4, r0
 339 0008 01D1     		bne	.L32
 324:Drivers/STM32F1xx_HAL_Driver/Src/stm32f1xx_hal.c ****   HAL_TickFreqTypeDef prevTickFreq;
 340              		.loc 1 324 21 view .LVU56
 341 000a 0020     		movs	r0, #0
 342              	.LVL11:
 343              	.L29:
 330:Drivers/STM32F1xx_HAL_Driver/Src/stm32f1xx_hal.c ****   {
 331:Drivers/STM32F1xx_HAL_Driver/Src/stm32f1xx_hal.c ****     /* Back up uwTickFreq frequency */
 332:Drivers/STM32F1xx_HAL_Driver/Src/stm32f1xx_hal.c ****     prevTickFreq = uwTickFreq;
 333:Drivers/STM32F1xx_HAL_Driver/Src/stm32f1xx_hal.c **** 
 334:Drivers/STM32F1xx_HAL_Driver/Src/stm32f1xx_hal.c ****     /* Update uwTickFreq global variable used by HAL_InitTick() */
 335:Drivers/STM32F1xx_HAL_Driver/Src/stm32f1xx_hal.c ****     uwTickFreq = Freq;
 336:Drivers/STM32F1xx_HAL_Driver/Src/stm32f1xx_hal.c **** 
 337:Drivers/STM32F1xx_HAL_Driver/Src/stm32f1xx_hal.c ****     /* Apply the new tick Freq  */
 338:Drivers/STM32F1xx_HAL_Driver/Src/stm32f1xx_hal.c ****     status = HAL_InitTick(uwTickPrio);
ARM GAS  C:\Users\84886\AppData\Local\Temp\cciD62mn.s 			page 13


 339:Drivers/STM32F1xx_HAL_Driver/Src/stm32f1xx_hal.c **** 
 340:Drivers/STM32F1xx_HAL_Driver/Src/stm32f1xx_hal.c ****     if (status != HAL_OK)
 341:Drivers/STM32F1xx_HAL_Driver/Src/stm32f1xx_hal.c ****     {
 342:Drivers/STM32F1xx_HAL_Driver/Src/stm32f1xx_hal.c ****       /* Restore previous tick frequency */
 343:Drivers/STM32F1xx_HAL_Driver/Src/stm32f1xx_hal.c ****       uwTickFreq = prevTickFreq;
 344:Drivers/STM32F1xx_HAL_Driver/Src/stm32f1xx_hal.c ****     }
 345:Drivers/STM32F1xx_HAL_Driver/Src/stm32f1xx_hal.c ****   }
 346:Drivers/STM32F1xx_HAL_Driver/Src/stm32f1xx_hal.c **** 
 347:Drivers/STM32F1xx_HAL_Driver/Src/stm32f1xx_hal.c ****   return status;
 344              		.loc 1 347 3 is_stmt 1 view .LVU57
 348:Drivers/STM32F1xx_HAL_Driver/Src/stm32f1xx_hal.c **** }
 345              		.loc 1 348 1 is_stmt 0 view .LVU58
 346 000c 10BD     		pop	{r4, pc}
 347              	.LVL12:
 348              	.L32:
 332:Drivers/STM32F1xx_HAL_Driver/Src/stm32f1xx_hal.c **** 
 349              		.loc 1 332 5 is_stmt 1 view .LVU59
 335:Drivers/STM32F1xx_HAL_Driver/Src/stm32f1xx_hal.c **** 
 350              		.loc 1 335 5 view .LVU60
 335:Drivers/STM32F1xx_HAL_Driver/Src/stm32f1xx_hal.c **** 
 351              		.loc 1 335 16 is_stmt 0 view .LVU61
 352 000e 1870     		strb	r0, [r3]
 338:Drivers/STM32F1xx_HAL_Driver/Src/stm32f1xx_hal.c **** 
 353              		.loc 1 338 5 is_stmt 1 view .LVU62
 338:Drivers/STM32F1xx_HAL_Driver/Src/stm32f1xx_hal.c **** 
 354              		.loc 1 338 14 is_stmt 0 view .LVU63
 355 0010 054B     		ldr	r3, .L33+4
 356 0012 1868     		ldr	r0, [r3]
 357              	.LVL13:
 338:Drivers/STM32F1xx_HAL_Driver/Src/stm32f1xx_hal.c **** 
 358              		.loc 1 338 14 view .LVU64
 359 0014 FFF7FEFF 		bl	HAL_InitTick
 360              	.LVL14:
 340:Drivers/STM32F1xx_HAL_Driver/Src/stm32f1xx_hal.c ****     {
 361              		.loc 1 340 5 is_stmt 1 view .LVU65
 340:Drivers/STM32F1xx_HAL_Driver/Src/stm32f1xx_hal.c ****     {
 362              		.loc 1 340 8 is_stmt 0 view .LVU66
 363 0018 0028     		cmp	r0, #0
 364 001a F7D0     		beq	.L29
 343:Drivers/STM32F1xx_HAL_Driver/Src/stm32f1xx_hal.c ****     }
 365              		.loc 1 343 7 is_stmt 1 view .LVU67
 343:Drivers/STM32F1xx_HAL_Driver/Src/stm32f1xx_hal.c ****     }
 366              		.loc 1 343 18 is_stmt 0 view .LVU68
 367 001c 014B     		ldr	r3, .L33
 368 001e 1C70     		strb	r4, [r3]
 369 0020 F4E7     		b	.L29
 370              	.L34:
 371 0022 00BF     		.align	2
 372              	.L33:
 373 0024 00000000 		.word	.LANCHOR0
 374 0028 00000000 		.word	.LANCHOR1
 375              		.cfi_endproc
 376              	.LFE73:
 378              		.section	.text.HAL_GetTickFreq,"ax",%progbits
 379              		.align	1
 380              		.global	HAL_GetTickFreq
 381              		.syntax unified
ARM GAS  C:\Users\84886\AppData\Local\Temp\cciD62mn.s 			page 14


 382              		.thumb
 383              		.thumb_func
 384              		.fpu softvfp
 386              	HAL_GetTickFreq:
 387              	.LFB74:
 349:Drivers/STM32F1xx_HAL_Driver/Src/stm32f1xx_hal.c **** 
 350:Drivers/STM32F1xx_HAL_Driver/Src/stm32f1xx_hal.c **** /**
 351:Drivers/STM32F1xx_HAL_Driver/Src/stm32f1xx_hal.c ****   * @brief Return tick frequency.
 352:Drivers/STM32F1xx_HAL_Driver/Src/stm32f1xx_hal.c ****   * @retval Tick frequency.
 353:Drivers/STM32F1xx_HAL_Driver/Src/stm32f1xx_hal.c ****   *         Value of @ref HAL_TickFreqTypeDef.
 354:Drivers/STM32F1xx_HAL_Driver/Src/stm32f1xx_hal.c ****   */
 355:Drivers/STM32F1xx_HAL_Driver/Src/stm32f1xx_hal.c **** HAL_TickFreqTypeDef HAL_GetTickFreq(void)
 356:Drivers/STM32F1xx_HAL_Driver/Src/stm32f1xx_hal.c **** {
 388              		.loc 1 356 1 is_stmt 1 view -0
 389              		.cfi_startproc
 390              		@ args = 0, pretend = 0, frame = 0
 391              		@ frame_needed = 0, uses_anonymous_args = 0
 392              		@ link register save eliminated.
 357:Drivers/STM32F1xx_HAL_Driver/Src/stm32f1xx_hal.c ****   return uwTickFreq;
 393              		.loc 1 357 3 view .LVU70
 358:Drivers/STM32F1xx_HAL_Driver/Src/stm32f1xx_hal.c **** }
 394              		.loc 1 358 1 is_stmt 0 view .LVU71
 395 0000 014B     		ldr	r3, .L36
 396 0002 1878     		ldrb	r0, [r3]	@ zero_extendqisi2
 397 0004 7047     		bx	lr
 398              	.L37:
 399 0006 00BF     		.align	2
 400              	.L36:
 401 0008 00000000 		.word	.LANCHOR0
 402              		.cfi_endproc
 403              	.LFE74:
 405              		.section	.text.HAL_Delay,"ax",%progbits
 406              		.align	1
 407              		.weak	HAL_Delay
 408              		.syntax unified
 409              		.thumb
 410              		.thumb_func
 411              		.fpu softvfp
 413              	HAL_Delay:
 414              	.LVL15:
 415              	.LFB75:
 359:Drivers/STM32F1xx_HAL_Driver/Src/stm32f1xx_hal.c **** 
 360:Drivers/STM32F1xx_HAL_Driver/Src/stm32f1xx_hal.c **** /**
 361:Drivers/STM32F1xx_HAL_Driver/Src/stm32f1xx_hal.c ****   * @brief This function provides minimum delay (in milliseconds) based
 362:Drivers/STM32F1xx_HAL_Driver/Src/stm32f1xx_hal.c ****   *        on variable incremented.
 363:Drivers/STM32F1xx_HAL_Driver/Src/stm32f1xx_hal.c ****   * @note In the default implementation , SysTick timer is the source of time base.
 364:Drivers/STM32F1xx_HAL_Driver/Src/stm32f1xx_hal.c ****   *       It is used to generate interrupts at regular time intervals where uwTick
 365:Drivers/STM32F1xx_HAL_Driver/Src/stm32f1xx_hal.c ****   *       is incremented.
 366:Drivers/STM32F1xx_HAL_Driver/Src/stm32f1xx_hal.c ****   * @note This function is declared as __weak to be overwritten in case of other
 367:Drivers/STM32F1xx_HAL_Driver/Src/stm32f1xx_hal.c ****   *       implementations in user file.
 368:Drivers/STM32F1xx_HAL_Driver/Src/stm32f1xx_hal.c ****   * @param Delay specifies the delay time length, in milliseconds.
 369:Drivers/STM32F1xx_HAL_Driver/Src/stm32f1xx_hal.c ****   * @retval None
 370:Drivers/STM32F1xx_HAL_Driver/Src/stm32f1xx_hal.c ****   */
 371:Drivers/STM32F1xx_HAL_Driver/Src/stm32f1xx_hal.c **** __weak void HAL_Delay(uint32_t Delay)
 372:Drivers/STM32F1xx_HAL_Driver/Src/stm32f1xx_hal.c **** {
 416              		.loc 1 372 1 is_stmt 1 view -0
 417              		.cfi_startproc
ARM GAS  C:\Users\84886\AppData\Local\Temp\cciD62mn.s 			page 15


 418              		@ args = 0, pretend = 0, frame = 0
 419              		@ frame_needed = 0, uses_anonymous_args = 0
 420              		.loc 1 372 1 is_stmt 0 view .LVU73
 421 0000 38B5     		push	{r3, r4, r5, lr}
 422              		.cfi_def_cfa_offset 16
 423              		.cfi_offset 3, -16
 424              		.cfi_offset 4, -12
 425              		.cfi_offset 5, -8
 426              		.cfi_offset 14, -4
 427 0002 0446     		mov	r4, r0
 373:Drivers/STM32F1xx_HAL_Driver/Src/stm32f1xx_hal.c ****   uint32_t tickstart = HAL_GetTick();
 428              		.loc 1 373 3 is_stmt 1 view .LVU74
 429              		.loc 1 373 24 is_stmt 0 view .LVU75
 430 0004 FFF7FEFF 		bl	HAL_GetTick
 431              	.LVL16:
 432              		.loc 1 373 24 view .LVU76
 433 0008 0546     		mov	r5, r0
 434              	.LVL17:
 374:Drivers/STM32F1xx_HAL_Driver/Src/stm32f1xx_hal.c ****   uint32_t wait = Delay;
 435              		.loc 1 374 3 is_stmt 1 view .LVU77
 375:Drivers/STM32F1xx_HAL_Driver/Src/stm32f1xx_hal.c **** 
 376:Drivers/STM32F1xx_HAL_Driver/Src/stm32f1xx_hal.c ****   /* Add a freq to guarantee minimum wait */
 377:Drivers/STM32F1xx_HAL_Driver/Src/stm32f1xx_hal.c ****   if (wait < HAL_MAX_DELAY)
 436              		.loc 1 377 3 view .LVU78
 437              		.loc 1 377 6 is_stmt 0 view .LVU79
 438 000a B4F1FF3F 		cmp	r4, #-1
 439 000e 02D0     		beq	.L40
 378:Drivers/STM32F1xx_HAL_Driver/Src/stm32f1xx_hal.c ****   {
 379:Drivers/STM32F1xx_HAL_Driver/Src/stm32f1xx_hal.c ****     wait += (uint32_t)(uwTickFreq);
 440              		.loc 1 379 5 is_stmt 1 view .LVU80
 441              		.loc 1 379 13 is_stmt 0 view .LVU81
 442 0010 044B     		ldr	r3, .L42
 443 0012 1B78     		ldrb	r3, [r3]	@ zero_extendqisi2
 444              		.loc 1 379 10 view .LVU82
 445 0014 1C44     		add	r4, r4, r3
 446              	.LVL18:
 447              	.L40:
 380:Drivers/STM32F1xx_HAL_Driver/Src/stm32f1xx_hal.c ****   }
 381:Drivers/STM32F1xx_HAL_Driver/Src/stm32f1xx_hal.c **** 
 382:Drivers/STM32F1xx_HAL_Driver/Src/stm32f1xx_hal.c ****   while ((HAL_GetTick() - tickstart) < wait)
 383:Drivers/STM32F1xx_HAL_Driver/Src/stm32f1xx_hal.c ****   {
 384:Drivers/STM32F1xx_HAL_Driver/Src/stm32f1xx_hal.c ****   }
 448              		.loc 1 384 3 is_stmt 1 discriminator 1 view .LVU83
 382:Drivers/STM32F1xx_HAL_Driver/Src/stm32f1xx_hal.c ****   {
 449              		.loc 1 382 9 discriminator 1 view .LVU84
 382:Drivers/STM32F1xx_HAL_Driver/Src/stm32f1xx_hal.c ****   {
 450              		.loc 1 382 11 is_stmt 0 discriminator 1 view .LVU85
 451 0016 FFF7FEFF 		bl	HAL_GetTick
 452              	.LVL19:
 382:Drivers/STM32F1xx_HAL_Driver/Src/stm32f1xx_hal.c ****   {
 453              		.loc 1 382 25 discriminator 1 view .LVU86
 454 001a 401B     		subs	r0, r0, r5
 382:Drivers/STM32F1xx_HAL_Driver/Src/stm32f1xx_hal.c ****   {
 455              		.loc 1 382 9 discriminator 1 view .LVU87
 456 001c A042     		cmp	r0, r4
 457 001e FAD3     		bcc	.L40
 385:Drivers/STM32F1xx_HAL_Driver/Src/stm32f1xx_hal.c **** }
ARM GAS  C:\Users\84886\AppData\Local\Temp\cciD62mn.s 			page 16


 458              		.loc 1 385 1 view .LVU88
 459 0020 38BD     		pop	{r3, r4, r5, pc}
 460              	.LVL20:
 461              	.L43:
 462              		.loc 1 385 1 view .LVU89
 463 0022 00BF     		.align	2
 464              	.L42:
 465 0024 00000000 		.word	.LANCHOR0
 466              		.cfi_endproc
 467              	.LFE75:
 469              		.section	.text.HAL_SuspendTick,"ax",%progbits
 470              		.align	1
 471              		.weak	HAL_SuspendTick
 472              		.syntax unified
 473              		.thumb
 474              		.thumb_func
 475              		.fpu softvfp
 477              	HAL_SuspendTick:
 478              	.LFB76:
 386:Drivers/STM32F1xx_HAL_Driver/Src/stm32f1xx_hal.c **** 
 387:Drivers/STM32F1xx_HAL_Driver/Src/stm32f1xx_hal.c **** /**
 388:Drivers/STM32F1xx_HAL_Driver/Src/stm32f1xx_hal.c ****   * @brief Suspend Tick increment.
 389:Drivers/STM32F1xx_HAL_Driver/Src/stm32f1xx_hal.c ****   * @note In the default implementation , SysTick timer is the source of time base. It is
 390:Drivers/STM32F1xx_HAL_Driver/Src/stm32f1xx_hal.c ****   *       used to generate interrupts at regular time intervals. Once HAL_SuspendTick()
 391:Drivers/STM32F1xx_HAL_Driver/Src/stm32f1xx_hal.c ****   *       is called, the SysTick interrupt will be disabled and so Tick increment
 392:Drivers/STM32F1xx_HAL_Driver/Src/stm32f1xx_hal.c ****   *       is suspended.
 393:Drivers/STM32F1xx_HAL_Driver/Src/stm32f1xx_hal.c ****   * @note This function is declared as __weak to be overwritten in case of other
 394:Drivers/STM32F1xx_HAL_Driver/Src/stm32f1xx_hal.c ****   *       implementations in user file.
 395:Drivers/STM32F1xx_HAL_Driver/Src/stm32f1xx_hal.c ****   * @retval None
 396:Drivers/STM32F1xx_HAL_Driver/Src/stm32f1xx_hal.c ****   */
 397:Drivers/STM32F1xx_HAL_Driver/Src/stm32f1xx_hal.c **** __weak void HAL_SuspendTick(void)
 398:Drivers/STM32F1xx_HAL_Driver/Src/stm32f1xx_hal.c **** {
 479              		.loc 1 398 1 is_stmt 1 view -0
 480              		.cfi_startproc
 481              		@ args = 0, pretend = 0, frame = 0
 482              		@ frame_needed = 0, uses_anonymous_args = 0
 483              		@ link register save eliminated.
 399:Drivers/STM32F1xx_HAL_Driver/Src/stm32f1xx_hal.c ****   /* Disable SysTick Interrupt */
 400:Drivers/STM32F1xx_HAL_Driver/Src/stm32f1xx_hal.c ****   CLEAR_BIT(SysTick->CTRL, SysTick_CTRL_TICKINT_Msk);
 484              		.loc 1 400 3 view .LVU91
 485 0000 024A     		ldr	r2, .L45
 486 0002 1368     		ldr	r3, [r2]
 487 0004 23F00203 		bic	r3, r3, #2
 488 0008 1360     		str	r3, [r2]
 401:Drivers/STM32F1xx_HAL_Driver/Src/stm32f1xx_hal.c **** }
 489              		.loc 1 401 1 is_stmt 0 view .LVU92
 490 000a 7047     		bx	lr
 491              	.L46:
 492              		.align	2
 493              	.L45:
 494 000c 10E000E0 		.word	-536813552
 495              		.cfi_endproc
 496              	.LFE76:
 498              		.section	.text.HAL_ResumeTick,"ax",%progbits
 499              		.align	1
 500              		.weak	HAL_ResumeTick
 501              		.syntax unified
ARM GAS  C:\Users\84886\AppData\Local\Temp\cciD62mn.s 			page 17


 502              		.thumb
 503              		.thumb_func
 504              		.fpu softvfp
 506              	HAL_ResumeTick:
 507              	.LFB77:
 402:Drivers/STM32F1xx_HAL_Driver/Src/stm32f1xx_hal.c **** 
 403:Drivers/STM32F1xx_HAL_Driver/Src/stm32f1xx_hal.c **** /**
 404:Drivers/STM32F1xx_HAL_Driver/Src/stm32f1xx_hal.c ****   * @brief Resume Tick increment.
 405:Drivers/STM32F1xx_HAL_Driver/Src/stm32f1xx_hal.c ****   * @note In the default implementation , SysTick timer is the source of time base. It is
 406:Drivers/STM32F1xx_HAL_Driver/Src/stm32f1xx_hal.c ****   *       used to generate interrupts at regular time intervals. Once HAL_ResumeTick()
 407:Drivers/STM32F1xx_HAL_Driver/Src/stm32f1xx_hal.c ****   *       is called, the SysTick interrupt will be enabled and so Tick increment
 408:Drivers/STM32F1xx_HAL_Driver/Src/stm32f1xx_hal.c ****   *       is resumed.
 409:Drivers/STM32F1xx_HAL_Driver/Src/stm32f1xx_hal.c ****   * @note This function is declared as __weak to be overwritten in case of other
 410:Drivers/STM32F1xx_HAL_Driver/Src/stm32f1xx_hal.c ****   *       implementations in user file.
 411:Drivers/STM32F1xx_HAL_Driver/Src/stm32f1xx_hal.c ****   * @retval None
 412:Drivers/STM32F1xx_HAL_Driver/Src/stm32f1xx_hal.c ****   */
 413:Drivers/STM32F1xx_HAL_Driver/Src/stm32f1xx_hal.c **** __weak void HAL_ResumeTick(void)
 414:Drivers/STM32F1xx_HAL_Driver/Src/stm32f1xx_hal.c **** {
 508              		.loc 1 414 1 is_stmt 1 view -0
 509              		.cfi_startproc
 510              		@ args = 0, pretend = 0, frame = 0
 511              		@ frame_needed = 0, uses_anonymous_args = 0
 512              		@ link register save eliminated.
 415:Drivers/STM32F1xx_HAL_Driver/Src/stm32f1xx_hal.c ****   /* Enable SysTick Interrupt */
 416:Drivers/STM32F1xx_HAL_Driver/Src/stm32f1xx_hal.c ****   SET_BIT(SysTick->CTRL, SysTick_CTRL_TICKINT_Msk);
 513              		.loc 1 416 3 view .LVU94
 514 0000 024A     		ldr	r2, .L48
 515 0002 1368     		ldr	r3, [r2]
 516 0004 43F00203 		orr	r3, r3, #2
 517 0008 1360     		str	r3, [r2]
 417:Drivers/STM32F1xx_HAL_Driver/Src/stm32f1xx_hal.c **** }
 518              		.loc 1 417 1 is_stmt 0 view .LVU95
 519 000a 7047     		bx	lr
 520              	.L49:
 521              		.align	2
 522              	.L48:
 523 000c 10E000E0 		.word	-536813552
 524              		.cfi_endproc
 525              	.LFE77:
 527              		.section	.text.HAL_GetHalVersion,"ax",%progbits
 528              		.align	1
 529              		.global	HAL_GetHalVersion
 530              		.syntax unified
 531              		.thumb
 532              		.thumb_func
 533              		.fpu softvfp
 535              	HAL_GetHalVersion:
 536              	.LFB78:
 418:Drivers/STM32F1xx_HAL_Driver/Src/stm32f1xx_hal.c **** 
 419:Drivers/STM32F1xx_HAL_Driver/Src/stm32f1xx_hal.c **** /**
 420:Drivers/STM32F1xx_HAL_Driver/Src/stm32f1xx_hal.c ****   * @brief  Returns the HAL revision
 421:Drivers/STM32F1xx_HAL_Driver/Src/stm32f1xx_hal.c ****   * @retval version 0xXYZR (8bits for each decimal, R for RC)
 422:Drivers/STM32F1xx_HAL_Driver/Src/stm32f1xx_hal.c ****   */
 423:Drivers/STM32F1xx_HAL_Driver/Src/stm32f1xx_hal.c **** uint32_t HAL_GetHalVersion(void)
 424:Drivers/STM32F1xx_HAL_Driver/Src/stm32f1xx_hal.c **** {
 537              		.loc 1 424 1 is_stmt 1 view -0
 538              		.cfi_startproc
ARM GAS  C:\Users\84886\AppData\Local\Temp\cciD62mn.s 			page 18


 539              		@ args = 0, pretend = 0, frame = 0
 540              		@ frame_needed = 0, uses_anonymous_args = 0
 541              		@ link register save eliminated.
 425:Drivers/STM32F1xx_HAL_Driver/Src/stm32f1xx_hal.c ****   return __STM32F1xx_HAL_VERSION;
 542              		.loc 1 425 3 view .LVU97
 426:Drivers/STM32F1xx_HAL_Driver/Src/stm32f1xx_hal.c **** }
 543              		.loc 1 426 1 is_stmt 0 view .LVU98
 544 0000 0048     		ldr	r0, .L51
 545 0002 7047     		bx	lr
 546              	.L52:
 547              		.align	2
 548              	.L51:
 549 0004 00090101 		.word	16845056
 550              		.cfi_endproc
 551              	.LFE78:
 553              		.section	.text.HAL_GetREVID,"ax",%progbits
 554              		.align	1
 555              		.global	HAL_GetREVID
 556              		.syntax unified
 557              		.thumb
 558              		.thumb_func
 559              		.fpu softvfp
 561              	HAL_GetREVID:
 562              	.LFB79:
 427:Drivers/STM32F1xx_HAL_Driver/Src/stm32f1xx_hal.c **** 
 428:Drivers/STM32F1xx_HAL_Driver/Src/stm32f1xx_hal.c **** /**
 429:Drivers/STM32F1xx_HAL_Driver/Src/stm32f1xx_hal.c ****   * @brief Returns the device revision identifier.
 430:Drivers/STM32F1xx_HAL_Driver/Src/stm32f1xx_hal.c ****   * Note: On devices STM32F10xx8 and STM32F10xxB,
 431:Drivers/STM32F1xx_HAL_Driver/Src/stm32f1xx_hal.c ****   *                  STM32F101xC/D/E and STM32F103xC/D/E,
 432:Drivers/STM32F1xx_HAL_Driver/Src/stm32f1xx_hal.c ****   *                  STM32F101xF/G and STM32F103xF/G
 433:Drivers/STM32F1xx_HAL_Driver/Src/stm32f1xx_hal.c ****   *                  STM32F10xx4 and STM32F10xx6
 434:Drivers/STM32F1xx_HAL_Driver/Src/stm32f1xx_hal.c ****   *       Debug registers DBGMCU_IDCODE and DBGMCU_CR are accessible only in
 435:Drivers/STM32F1xx_HAL_Driver/Src/stm32f1xx_hal.c ****   *       debug mode (not accessible by the user software in normal mode).
 436:Drivers/STM32F1xx_HAL_Driver/Src/stm32f1xx_hal.c ****   *       Refer to errata sheet of these devices for more details.
 437:Drivers/STM32F1xx_HAL_Driver/Src/stm32f1xx_hal.c ****   * @retval Device revision identifier
 438:Drivers/STM32F1xx_HAL_Driver/Src/stm32f1xx_hal.c ****   */
 439:Drivers/STM32F1xx_HAL_Driver/Src/stm32f1xx_hal.c **** uint32_t HAL_GetREVID(void)
 440:Drivers/STM32F1xx_HAL_Driver/Src/stm32f1xx_hal.c **** {
 563              		.loc 1 440 1 is_stmt 1 view -0
 564              		.cfi_startproc
 565              		@ args = 0, pretend = 0, frame = 0
 566              		@ frame_needed = 0, uses_anonymous_args = 0
 567              		@ link register save eliminated.
 441:Drivers/STM32F1xx_HAL_Driver/Src/stm32f1xx_hal.c ****   return ((DBGMCU->IDCODE) >> DBGMCU_IDCODE_REV_ID_Pos);
 568              		.loc 1 441 3 view .LVU100
 569              		.loc 1 441 18 is_stmt 0 view .LVU101
 570 0000 014B     		ldr	r3, .L54
 571 0002 1868     		ldr	r0, [r3]
 442:Drivers/STM32F1xx_HAL_Driver/Src/stm32f1xx_hal.c **** }
 572              		.loc 1 442 1 view .LVU102
 573 0004 000C     		lsrs	r0, r0, #16
 574 0006 7047     		bx	lr
 575              	.L55:
 576              		.align	2
 577              	.L54:
 578 0008 002004E0 		.word	-536600576
 579              		.cfi_endproc
ARM GAS  C:\Users\84886\AppData\Local\Temp\cciD62mn.s 			page 19


 580              	.LFE79:
 582              		.section	.text.HAL_GetDEVID,"ax",%progbits
 583              		.align	1
 584              		.global	HAL_GetDEVID
 585              		.syntax unified
 586              		.thumb
 587              		.thumb_func
 588              		.fpu softvfp
 590              	HAL_GetDEVID:
 591              	.LFB80:
 443:Drivers/STM32F1xx_HAL_Driver/Src/stm32f1xx_hal.c **** 
 444:Drivers/STM32F1xx_HAL_Driver/Src/stm32f1xx_hal.c **** /**
 445:Drivers/STM32F1xx_HAL_Driver/Src/stm32f1xx_hal.c ****   * @brief  Returns the device identifier.
 446:Drivers/STM32F1xx_HAL_Driver/Src/stm32f1xx_hal.c ****   * Note: On devices STM32F10xx8 and STM32F10xxB,
 447:Drivers/STM32F1xx_HAL_Driver/Src/stm32f1xx_hal.c ****   *                  STM32F101xC/D/E and STM32F103xC/D/E,
 448:Drivers/STM32F1xx_HAL_Driver/Src/stm32f1xx_hal.c ****   *                  STM32F101xF/G and STM32F103xF/G
 449:Drivers/STM32F1xx_HAL_Driver/Src/stm32f1xx_hal.c ****   *                  STM32F10xx4 and STM32F10xx6
 450:Drivers/STM32F1xx_HAL_Driver/Src/stm32f1xx_hal.c ****   *       Debug registers DBGMCU_IDCODE and DBGMCU_CR are accessible only in
 451:Drivers/STM32F1xx_HAL_Driver/Src/stm32f1xx_hal.c ****   *       debug mode (not accessible by the user software in normal mode).
 452:Drivers/STM32F1xx_HAL_Driver/Src/stm32f1xx_hal.c ****   *       Refer to errata sheet of these devices for more details.
 453:Drivers/STM32F1xx_HAL_Driver/Src/stm32f1xx_hal.c ****   * @retval Device identifier
 454:Drivers/STM32F1xx_HAL_Driver/Src/stm32f1xx_hal.c ****   */
 455:Drivers/STM32F1xx_HAL_Driver/Src/stm32f1xx_hal.c **** uint32_t HAL_GetDEVID(void)
 456:Drivers/STM32F1xx_HAL_Driver/Src/stm32f1xx_hal.c **** {
 592              		.loc 1 456 1 is_stmt 1 view -0
 593              		.cfi_startproc
 594              		@ args = 0, pretend = 0, frame = 0
 595              		@ frame_needed = 0, uses_anonymous_args = 0
 596              		@ link register save eliminated.
 457:Drivers/STM32F1xx_HAL_Driver/Src/stm32f1xx_hal.c ****   return ((DBGMCU->IDCODE) & IDCODE_DEVID_MASK);
 597              		.loc 1 457 3 view .LVU104
 598              		.loc 1 457 18 is_stmt 0 view .LVU105
 599 0000 024B     		ldr	r3, .L57
 600 0002 1868     		ldr	r0, [r3]
 458:Drivers/STM32F1xx_HAL_Driver/Src/stm32f1xx_hal.c **** }
 601              		.loc 1 458 1 view .LVU106
 602 0004 C0F30B00 		ubfx	r0, r0, #0, #12
 603 0008 7047     		bx	lr
 604              	.L58:
 605 000a 00BF     		.align	2
 606              	.L57:
 607 000c 002004E0 		.word	-536600576
 608              		.cfi_endproc
 609              	.LFE80:
 611              		.section	.text.HAL_GetUIDw0,"ax",%progbits
 612              		.align	1
 613              		.global	HAL_GetUIDw0
 614              		.syntax unified
 615              		.thumb
 616              		.thumb_func
 617              		.fpu softvfp
 619              	HAL_GetUIDw0:
 620              	.LFB81:
 459:Drivers/STM32F1xx_HAL_Driver/Src/stm32f1xx_hal.c **** 
 460:Drivers/STM32F1xx_HAL_Driver/Src/stm32f1xx_hal.c **** /**
 461:Drivers/STM32F1xx_HAL_Driver/Src/stm32f1xx_hal.c ****   * @brief  Returns first word of the unique device identifier (UID based on 96 bits)
 462:Drivers/STM32F1xx_HAL_Driver/Src/stm32f1xx_hal.c ****   * @retval Device identifier
ARM GAS  C:\Users\84886\AppData\Local\Temp\cciD62mn.s 			page 20


 463:Drivers/STM32F1xx_HAL_Driver/Src/stm32f1xx_hal.c ****   */
 464:Drivers/STM32F1xx_HAL_Driver/Src/stm32f1xx_hal.c **** uint32_t HAL_GetUIDw0(void)
 465:Drivers/STM32F1xx_HAL_Driver/Src/stm32f1xx_hal.c **** {
 621              		.loc 1 465 1 is_stmt 1 view -0
 622              		.cfi_startproc
 623              		@ args = 0, pretend = 0, frame = 0
 624              		@ frame_needed = 0, uses_anonymous_args = 0
 625              		@ link register save eliminated.
 466:Drivers/STM32F1xx_HAL_Driver/Src/stm32f1xx_hal.c ****    return(READ_REG(*((uint32_t *)UID_BASE)));
 626              		.loc 1 466 4 view .LVU108
 467:Drivers/STM32F1xx_HAL_Driver/Src/stm32f1xx_hal.c **** }
 627              		.loc 1 467 1 is_stmt 0 view .LVU109
 628 0000 014B     		ldr	r3, .L60
 629 0002 1868     		ldr	r0, [r3]
 630 0004 7047     		bx	lr
 631              	.L61:
 632 0006 00BF     		.align	2
 633              	.L60:
 634 0008 E8F7FF1F 		.word	536868840
 635              		.cfi_endproc
 636              	.LFE81:
 638              		.section	.text.HAL_GetUIDw1,"ax",%progbits
 639              		.align	1
 640              		.global	HAL_GetUIDw1
 641              		.syntax unified
 642              		.thumb
 643              		.thumb_func
 644              		.fpu softvfp
 646              	HAL_GetUIDw1:
 647              	.LFB82:
 468:Drivers/STM32F1xx_HAL_Driver/Src/stm32f1xx_hal.c **** 
 469:Drivers/STM32F1xx_HAL_Driver/Src/stm32f1xx_hal.c **** /**
 470:Drivers/STM32F1xx_HAL_Driver/Src/stm32f1xx_hal.c ****   * @brief  Returns second word of the unique device identifier (UID based on 96 bits)
 471:Drivers/STM32F1xx_HAL_Driver/Src/stm32f1xx_hal.c ****   * @retval Device identifier
 472:Drivers/STM32F1xx_HAL_Driver/Src/stm32f1xx_hal.c ****   */
 473:Drivers/STM32F1xx_HAL_Driver/Src/stm32f1xx_hal.c **** uint32_t HAL_GetUIDw1(void)
 474:Drivers/STM32F1xx_HAL_Driver/Src/stm32f1xx_hal.c **** {
 648              		.loc 1 474 1 is_stmt 1 view -0
 649              		.cfi_startproc
 650              		@ args = 0, pretend = 0, frame = 0
 651              		@ frame_needed = 0, uses_anonymous_args = 0
 652              		@ link register save eliminated.
 475:Drivers/STM32F1xx_HAL_Driver/Src/stm32f1xx_hal.c ****    return(READ_REG(*((uint32_t *)(UID_BASE + 4U))));
 653              		.loc 1 475 4 view .LVU111
 476:Drivers/STM32F1xx_HAL_Driver/Src/stm32f1xx_hal.c **** }
 654              		.loc 1 476 1 is_stmt 0 view .LVU112
 655 0000 014B     		ldr	r3, .L63
 656 0002 1868     		ldr	r0, [r3]
 657 0004 7047     		bx	lr
 658              	.L64:
 659 0006 00BF     		.align	2
 660              	.L63:
 661 0008 ECF7FF1F 		.word	536868844
 662              		.cfi_endproc
 663              	.LFE82:
 665              		.section	.text.HAL_GetUIDw2,"ax",%progbits
 666              		.align	1
ARM GAS  C:\Users\84886\AppData\Local\Temp\cciD62mn.s 			page 21


 667              		.global	HAL_GetUIDw2
 668              		.syntax unified
 669              		.thumb
 670              		.thumb_func
 671              		.fpu softvfp
 673              	HAL_GetUIDw2:
 674              	.LFB83:
 477:Drivers/STM32F1xx_HAL_Driver/Src/stm32f1xx_hal.c **** 
 478:Drivers/STM32F1xx_HAL_Driver/Src/stm32f1xx_hal.c **** /**
 479:Drivers/STM32F1xx_HAL_Driver/Src/stm32f1xx_hal.c ****   * @brief  Returns third word of the unique device identifier (UID based on 96 bits)
 480:Drivers/STM32F1xx_HAL_Driver/Src/stm32f1xx_hal.c ****   * @retval Device identifier
 481:Drivers/STM32F1xx_HAL_Driver/Src/stm32f1xx_hal.c ****   */
 482:Drivers/STM32F1xx_HAL_Driver/Src/stm32f1xx_hal.c **** uint32_t HAL_GetUIDw2(void)
 483:Drivers/STM32F1xx_HAL_Driver/Src/stm32f1xx_hal.c **** {
 675              		.loc 1 483 1 is_stmt 1 view -0
 676              		.cfi_startproc
 677              		@ args = 0, pretend = 0, frame = 0
 678              		@ frame_needed = 0, uses_anonymous_args = 0
 679              		@ link register save eliminated.
 484:Drivers/STM32F1xx_HAL_Driver/Src/stm32f1xx_hal.c ****    return(READ_REG(*((uint32_t *)(UID_BASE + 8U))));
 680              		.loc 1 484 4 view .LVU114
 485:Drivers/STM32F1xx_HAL_Driver/Src/stm32f1xx_hal.c **** }
 681              		.loc 1 485 1 is_stmt 0 view .LVU115
 682 0000 014B     		ldr	r3, .L66
 683 0002 1868     		ldr	r0, [r3]
 684 0004 7047     		bx	lr
 685              	.L67:
 686 0006 00BF     		.align	2
 687              	.L66:
 688 0008 F0F7FF1F 		.word	536868848
 689              		.cfi_endproc
 690              	.LFE83:
 692              		.section	.text.HAL_DBGMCU_EnableDBGSleepMode,"ax",%progbits
 693              		.align	1
 694              		.global	HAL_DBGMCU_EnableDBGSleepMode
 695              		.syntax unified
 696              		.thumb
 697              		.thumb_func
 698              		.fpu softvfp
 700              	HAL_DBGMCU_EnableDBGSleepMode:
 701              	.LFB84:
 486:Drivers/STM32F1xx_HAL_Driver/Src/stm32f1xx_hal.c **** 
 487:Drivers/STM32F1xx_HAL_Driver/Src/stm32f1xx_hal.c **** /**
 488:Drivers/STM32F1xx_HAL_Driver/Src/stm32f1xx_hal.c ****   * @brief  Enable the Debug Module during SLEEP mode
 489:Drivers/STM32F1xx_HAL_Driver/Src/stm32f1xx_hal.c ****   * @retval None
 490:Drivers/STM32F1xx_HAL_Driver/Src/stm32f1xx_hal.c ****   */
 491:Drivers/STM32F1xx_HAL_Driver/Src/stm32f1xx_hal.c **** void HAL_DBGMCU_EnableDBGSleepMode(void)
 492:Drivers/STM32F1xx_HAL_Driver/Src/stm32f1xx_hal.c **** {
 702              		.loc 1 492 1 is_stmt 1 view -0
 703              		.cfi_startproc
 704              		@ args = 0, pretend = 0, frame = 0
 705              		@ frame_needed = 0, uses_anonymous_args = 0
 706              		@ link register save eliminated.
 493:Drivers/STM32F1xx_HAL_Driver/Src/stm32f1xx_hal.c ****   SET_BIT(DBGMCU->CR, DBGMCU_CR_DBG_SLEEP);
 707              		.loc 1 493 3 view .LVU117
 708 0000 024A     		ldr	r2, .L69
 709 0002 5368     		ldr	r3, [r2, #4]
ARM GAS  C:\Users\84886\AppData\Local\Temp\cciD62mn.s 			page 22


 710 0004 43F00103 		orr	r3, r3, #1
 711 0008 5360     		str	r3, [r2, #4]
 494:Drivers/STM32F1xx_HAL_Driver/Src/stm32f1xx_hal.c **** }
 712              		.loc 1 494 1 is_stmt 0 view .LVU118
 713 000a 7047     		bx	lr
 714              	.L70:
 715              		.align	2
 716              	.L69:
 717 000c 002004E0 		.word	-536600576
 718              		.cfi_endproc
 719              	.LFE84:
 721              		.section	.text.HAL_DBGMCU_DisableDBGSleepMode,"ax",%progbits
 722              		.align	1
 723              		.global	HAL_DBGMCU_DisableDBGSleepMode
 724              		.syntax unified
 725              		.thumb
 726              		.thumb_func
 727              		.fpu softvfp
 729              	HAL_DBGMCU_DisableDBGSleepMode:
 730              	.LFB85:
 495:Drivers/STM32F1xx_HAL_Driver/Src/stm32f1xx_hal.c **** 
 496:Drivers/STM32F1xx_HAL_Driver/Src/stm32f1xx_hal.c **** /**
 497:Drivers/STM32F1xx_HAL_Driver/Src/stm32f1xx_hal.c ****   * @brief  Disable the Debug Module during SLEEP mode
 498:Drivers/STM32F1xx_HAL_Driver/Src/stm32f1xx_hal.c ****   * Note: On devices STM32F10xx8 and STM32F10xxB,
 499:Drivers/STM32F1xx_HAL_Driver/Src/stm32f1xx_hal.c ****   *                  STM32F101xC/D/E and STM32F103xC/D/E,
 500:Drivers/STM32F1xx_HAL_Driver/Src/stm32f1xx_hal.c ****   *                  STM32F101xF/G and STM32F103xF/G
 501:Drivers/STM32F1xx_HAL_Driver/Src/stm32f1xx_hal.c ****   *                  STM32F10xx4 and STM32F10xx6
 502:Drivers/STM32F1xx_HAL_Driver/Src/stm32f1xx_hal.c ****   *       Debug registers DBGMCU_IDCODE and DBGMCU_CR are accessible only in
 503:Drivers/STM32F1xx_HAL_Driver/Src/stm32f1xx_hal.c ****   *       debug mode (not accessible by the user software in normal mode).
 504:Drivers/STM32F1xx_HAL_Driver/Src/stm32f1xx_hal.c ****   *       Refer to errata sheet of these devices for more details.
 505:Drivers/STM32F1xx_HAL_Driver/Src/stm32f1xx_hal.c ****   * @retval None
 506:Drivers/STM32F1xx_HAL_Driver/Src/stm32f1xx_hal.c ****   */
 507:Drivers/STM32F1xx_HAL_Driver/Src/stm32f1xx_hal.c **** void HAL_DBGMCU_DisableDBGSleepMode(void)
 508:Drivers/STM32F1xx_HAL_Driver/Src/stm32f1xx_hal.c **** {
 731              		.loc 1 508 1 is_stmt 1 view -0
 732              		.cfi_startproc
 733              		@ args = 0, pretend = 0, frame = 0
 734              		@ frame_needed = 0, uses_anonymous_args = 0
 735              		@ link register save eliminated.
 509:Drivers/STM32F1xx_HAL_Driver/Src/stm32f1xx_hal.c ****   CLEAR_BIT(DBGMCU->CR, DBGMCU_CR_DBG_SLEEP);
 736              		.loc 1 509 3 view .LVU120
 737 0000 024A     		ldr	r2, .L72
 738 0002 5368     		ldr	r3, [r2, #4]
 739 0004 23F00103 		bic	r3, r3, #1
 740 0008 5360     		str	r3, [r2, #4]
 510:Drivers/STM32F1xx_HAL_Driver/Src/stm32f1xx_hal.c **** }
 741              		.loc 1 510 1 is_stmt 0 view .LVU121
 742 000a 7047     		bx	lr
 743              	.L73:
 744              		.align	2
 745              	.L72:
 746 000c 002004E0 		.word	-536600576
 747              		.cfi_endproc
 748              	.LFE85:
 750              		.section	.text.HAL_DBGMCU_EnableDBGStopMode,"ax",%progbits
 751              		.align	1
 752              		.global	HAL_DBGMCU_EnableDBGStopMode
ARM GAS  C:\Users\84886\AppData\Local\Temp\cciD62mn.s 			page 23


 753              		.syntax unified
 754              		.thumb
 755              		.thumb_func
 756              		.fpu softvfp
 758              	HAL_DBGMCU_EnableDBGStopMode:
 759              	.LFB86:
 511:Drivers/STM32F1xx_HAL_Driver/Src/stm32f1xx_hal.c **** 
 512:Drivers/STM32F1xx_HAL_Driver/Src/stm32f1xx_hal.c **** /**
 513:Drivers/STM32F1xx_HAL_Driver/Src/stm32f1xx_hal.c ****   * @brief  Enable the Debug Module during STOP mode
 514:Drivers/STM32F1xx_HAL_Driver/Src/stm32f1xx_hal.c ****   * Note: On devices STM32F10xx8 and STM32F10xxB,
 515:Drivers/STM32F1xx_HAL_Driver/Src/stm32f1xx_hal.c ****   *                  STM32F101xC/D/E and STM32F103xC/D/E,
 516:Drivers/STM32F1xx_HAL_Driver/Src/stm32f1xx_hal.c ****   *                  STM32F101xF/G and STM32F103xF/G
 517:Drivers/STM32F1xx_HAL_Driver/Src/stm32f1xx_hal.c ****   *                  STM32F10xx4 and STM32F10xx6
 518:Drivers/STM32F1xx_HAL_Driver/Src/stm32f1xx_hal.c ****   *       Debug registers DBGMCU_IDCODE and DBGMCU_CR are accessible only in
 519:Drivers/STM32F1xx_HAL_Driver/Src/stm32f1xx_hal.c ****   *       debug mode (not accessible by the user software in normal mode).
 520:Drivers/STM32F1xx_HAL_Driver/Src/stm32f1xx_hal.c ****   *       Refer to errata sheet of these devices for more details.
 521:Drivers/STM32F1xx_HAL_Driver/Src/stm32f1xx_hal.c ****   * Note: On all STM32F1 devices:
 522:Drivers/STM32F1xx_HAL_Driver/Src/stm32f1xx_hal.c ****   *       If the system tick timer interrupt is enabled during the Stop mode
 523:Drivers/STM32F1xx_HAL_Driver/Src/stm32f1xx_hal.c ****   *       debug (DBG_STOP bit set in the DBGMCU_CR register ), it will wakeup
 524:Drivers/STM32F1xx_HAL_Driver/Src/stm32f1xx_hal.c ****   *       the system from Stop mode.
 525:Drivers/STM32F1xx_HAL_Driver/Src/stm32f1xx_hal.c ****   *       Workaround: To debug the Stop mode, disable the system tick timer
 526:Drivers/STM32F1xx_HAL_Driver/Src/stm32f1xx_hal.c ****   *       interrupt.
 527:Drivers/STM32F1xx_HAL_Driver/Src/stm32f1xx_hal.c ****   *       Refer to errata sheet of these devices for more details.
 528:Drivers/STM32F1xx_HAL_Driver/Src/stm32f1xx_hal.c ****   * Note: On all STM32F1 devices:
 529:Drivers/STM32F1xx_HAL_Driver/Src/stm32f1xx_hal.c ****   *       If the system tick timer interrupt is enabled during the Stop mode
 530:Drivers/STM32F1xx_HAL_Driver/Src/stm32f1xx_hal.c ****   *       debug (DBG_STOP bit set in the DBGMCU_CR register ), it will wakeup
 531:Drivers/STM32F1xx_HAL_Driver/Src/stm32f1xx_hal.c ****   *       the system from Stop mode.
 532:Drivers/STM32F1xx_HAL_Driver/Src/stm32f1xx_hal.c ****   *       Workaround: To debug the Stop mode, disable the system tick timer
 533:Drivers/STM32F1xx_HAL_Driver/Src/stm32f1xx_hal.c ****   *       interrupt.
 534:Drivers/STM32F1xx_HAL_Driver/Src/stm32f1xx_hal.c ****   *       Refer to errata sheet of these devices for more details.
 535:Drivers/STM32F1xx_HAL_Driver/Src/stm32f1xx_hal.c ****   * @retval None
 536:Drivers/STM32F1xx_HAL_Driver/Src/stm32f1xx_hal.c ****   */
 537:Drivers/STM32F1xx_HAL_Driver/Src/stm32f1xx_hal.c **** void HAL_DBGMCU_EnableDBGStopMode(void)
 538:Drivers/STM32F1xx_HAL_Driver/Src/stm32f1xx_hal.c **** {
 760              		.loc 1 538 1 is_stmt 1 view -0
 761              		.cfi_startproc
 762              		@ args = 0, pretend = 0, frame = 0
 763              		@ frame_needed = 0, uses_anonymous_args = 0
 764              		@ link register save eliminated.
 539:Drivers/STM32F1xx_HAL_Driver/Src/stm32f1xx_hal.c ****   SET_BIT(DBGMCU->CR, DBGMCU_CR_DBG_STOP);
 765              		.loc 1 539 3 view .LVU123
 766 0000 024A     		ldr	r2, .L75
 767 0002 5368     		ldr	r3, [r2, #4]
 768 0004 43F00203 		orr	r3, r3, #2
 769 0008 5360     		str	r3, [r2, #4]
 540:Drivers/STM32F1xx_HAL_Driver/Src/stm32f1xx_hal.c **** }
 770              		.loc 1 540 1 is_stmt 0 view .LVU124
 771 000a 7047     		bx	lr
 772              	.L76:
 773              		.align	2
 774              	.L75:
 775 000c 002004E0 		.word	-536600576
 776              		.cfi_endproc
 777              	.LFE86:
 779              		.section	.text.HAL_DBGMCU_DisableDBGStopMode,"ax",%progbits
 780              		.align	1
 781              		.global	HAL_DBGMCU_DisableDBGStopMode
ARM GAS  C:\Users\84886\AppData\Local\Temp\cciD62mn.s 			page 24


 782              		.syntax unified
 783              		.thumb
 784              		.thumb_func
 785              		.fpu softvfp
 787              	HAL_DBGMCU_DisableDBGStopMode:
 788              	.LFB87:
 541:Drivers/STM32F1xx_HAL_Driver/Src/stm32f1xx_hal.c **** 
 542:Drivers/STM32F1xx_HAL_Driver/Src/stm32f1xx_hal.c **** /**
 543:Drivers/STM32F1xx_HAL_Driver/Src/stm32f1xx_hal.c ****   * @brief  Disable the Debug Module during STOP mode
 544:Drivers/STM32F1xx_HAL_Driver/Src/stm32f1xx_hal.c ****   * Note: On devices STM32F10xx8 and STM32F10xxB,
 545:Drivers/STM32F1xx_HAL_Driver/Src/stm32f1xx_hal.c ****   *                  STM32F101xC/D/E and STM32F103xC/D/E,
 546:Drivers/STM32F1xx_HAL_Driver/Src/stm32f1xx_hal.c ****   *                  STM32F101xF/G and STM32F103xF/G
 547:Drivers/STM32F1xx_HAL_Driver/Src/stm32f1xx_hal.c ****   *                  STM32F10xx4 and STM32F10xx6
 548:Drivers/STM32F1xx_HAL_Driver/Src/stm32f1xx_hal.c ****   *       Debug registers DBGMCU_IDCODE and DBGMCU_CR are accessible only in
 549:Drivers/STM32F1xx_HAL_Driver/Src/stm32f1xx_hal.c ****   *       debug mode (not accessible by the user software in normal mode).
 550:Drivers/STM32F1xx_HAL_Driver/Src/stm32f1xx_hal.c ****   *       Refer to errata sheet of these devices for more details.
 551:Drivers/STM32F1xx_HAL_Driver/Src/stm32f1xx_hal.c ****   * @retval None
 552:Drivers/STM32F1xx_HAL_Driver/Src/stm32f1xx_hal.c ****   */
 553:Drivers/STM32F1xx_HAL_Driver/Src/stm32f1xx_hal.c **** void HAL_DBGMCU_DisableDBGStopMode(void)
 554:Drivers/STM32F1xx_HAL_Driver/Src/stm32f1xx_hal.c **** {
 789              		.loc 1 554 1 is_stmt 1 view -0
 790              		.cfi_startproc
 791              		@ args = 0, pretend = 0, frame = 0
 792              		@ frame_needed = 0, uses_anonymous_args = 0
 793              		@ link register save eliminated.
 555:Drivers/STM32F1xx_HAL_Driver/Src/stm32f1xx_hal.c ****   CLEAR_BIT(DBGMCU->CR, DBGMCU_CR_DBG_STOP);
 794              		.loc 1 555 3 view .LVU126
 795 0000 024A     		ldr	r2, .L78
 796 0002 5368     		ldr	r3, [r2, #4]
 797 0004 23F00203 		bic	r3, r3, #2
 798 0008 5360     		str	r3, [r2, #4]
 556:Drivers/STM32F1xx_HAL_Driver/Src/stm32f1xx_hal.c **** }
 799              		.loc 1 556 1 is_stmt 0 view .LVU127
 800 000a 7047     		bx	lr
 801              	.L79:
 802              		.align	2
 803              	.L78:
 804 000c 002004E0 		.word	-536600576
 805              		.cfi_endproc
 806              	.LFE87:
 808              		.section	.text.HAL_DBGMCU_EnableDBGStandbyMode,"ax",%progbits
 809              		.align	1
 810              		.global	HAL_DBGMCU_EnableDBGStandbyMode
 811              		.syntax unified
 812              		.thumb
 813              		.thumb_func
 814              		.fpu softvfp
 816              	HAL_DBGMCU_EnableDBGStandbyMode:
 817              	.LFB88:
 557:Drivers/STM32F1xx_HAL_Driver/Src/stm32f1xx_hal.c **** 
 558:Drivers/STM32F1xx_HAL_Driver/Src/stm32f1xx_hal.c **** /**
 559:Drivers/STM32F1xx_HAL_Driver/Src/stm32f1xx_hal.c ****   * @brief  Enable the Debug Module during STANDBY mode
 560:Drivers/STM32F1xx_HAL_Driver/Src/stm32f1xx_hal.c ****   * Note: On devices STM32F10xx8 and STM32F10xxB,
 561:Drivers/STM32F1xx_HAL_Driver/Src/stm32f1xx_hal.c ****   *                  STM32F101xC/D/E and STM32F103xC/D/E,
 562:Drivers/STM32F1xx_HAL_Driver/Src/stm32f1xx_hal.c ****   *                  STM32F101xF/G and STM32F103xF/G
 563:Drivers/STM32F1xx_HAL_Driver/Src/stm32f1xx_hal.c ****   *                  STM32F10xx4 and STM32F10xx6
 564:Drivers/STM32F1xx_HAL_Driver/Src/stm32f1xx_hal.c ****   *       Debug registers DBGMCU_IDCODE and DBGMCU_CR are accessible only in
ARM GAS  C:\Users\84886\AppData\Local\Temp\cciD62mn.s 			page 25


 565:Drivers/STM32F1xx_HAL_Driver/Src/stm32f1xx_hal.c ****   *       debug mode (not accessible by the user software in normal mode).
 566:Drivers/STM32F1xx_HAL_Driver/Src/stm32f1xx_hal.c ****   *       Refer to errata sheet of these devices for more details.
 567:Drivers/STM32F1xx_HAL_Driver/Src/stm32f1xx_hal.c ****   * @retval None
 568:Drivers/STM32F1xx_HAL_Driver/Src/stm32f1xx_hal.c ****   */
 569:Drivers/STM32F1xx_HAL_Driver/Src/stm32f1xx_hal.c **** void HAL_DBGMCU_EnableDBGStandbyMode(void)
 570:Drivers/STM32F1xx_HAL_Driver/Src/stm32f1xx_hal.c **** {
 818              		.loc 1 570 1 is_stmt 1 view -0
 819              		.cfi_startproc
 820              		@ args = 0, pretend = 0, frame = 0
 821              		@ frame_needed = 0, uses_anonymous_args = 0
 822              		@ link register save eliminated.
 571:Drivers/STM32F1xx_HAL_Driver/Src/stm32f1xx_hal.c ****   SET_BIT(DBGMCU->CR, DBGMCU_CR_DBG_STANDBY);
 823              		.loc 1 571 3 view .LVU129
 824 0000 024A     		ldr	r2, .L81
 825 0002 5368     		ldr	r3, [r2, #4]
 826 0004 43F00403 		orr	r3, r3, #4
 827 0008 5360     		str	r3, [r2, #4]
 572:Drivers/STM32F1xx_HAL_Driver/Src/stm32f1xx_hal.c **** }
 828              		.loc 1 572 1 is_stmt 0 view .LVU130
 829 000a 7047     		bx	lr
 830              	.L82:
 831              		.align	2
 832              	.L81:
 833 000c 002004E0 		.word	-536600576
 834              		.cfi_endproc
 835              	.LFE88:
 837              		.section	.text.HAL_DBGMCU_DisableDBGStandbyMode,"ax",%progbits
 838              		.align	1
 839              		.global	HAL_DBGMCU_DisableDBGStandbyMode
 840              		.syntax unified
 841              		.thumb
 842              		.thumb_func
 843              		.fpu softvfp
 845              	HAL_DBGMCU_DisableDBGStandbyMode:
 846              	.LFB89:
 573:Drivers/STM32F1xx_HAL_Driver/Src/stm32f1xx_hal.c **** 
 574:Drivers/STM32F1xx_HAL_Driver/Src/stm32f1xx_hal.c **** /**
 575:Drivers/STM32F1xx_HAL_Driver/Src/stm32f1xx_hal.c ****   * @brief  Disable the Debug Module during STANDBY mode
 576:Drivers/STM32F1xx_HAL_Driver/Src/stm32f1xx_hal.c ****   * Note: On devices STM32F10xx8 and STM32F10xxB,
 577:Drivers/STM32F1xx_HAL_Driver/Src/stm32f1xx_hal.c ****   *                  STM32F101xC/D/E and STM32F103xC/D/E,
 578:Drivers/STM32F1xx_HAL_Driver/Src/stm32f1xx_hal.c ****   *                  STM32F101xF/G and STM32F103xF/G
 579:Drivers/STM32F1xx_HAL_Driver/Src/stm32f1xx_hal.c ****   *                  STM32F10xx4 and STM32F10xx6
 580:Drivers/STM32F1xx_HAL_Driver/Src/stm32f1xx_hal.c ****   *       Debug registers DBGMCU_IDCODE and DBGMCU_CR are accessible only in
 581:Drivers/STM32F1xx_HAL_Driver/Src/stm32f1xx_hal.c ****   *       debug mode (not accessible by the user software in normal mode).
 582:Drivers/STM32F1xx_HAL_Driver/Src/stm32f1xx_hal.c ****   *       Refer to errata sheet of these devices for more details.
 583:Drivers/STM32F1xx_HAL_Driver/Src/stm32f1xx_hal.c ****   * @retval None
 584:Drivers/STM32F1xx_HAL_Driver/Src/stm32f1xx_hal.c ****   */
 585:Drivers/STM32F1xx_HAL_Driver/Src/stm32f1xx_hal.c **** void HAL_DBGMCU_DisableDBGStandbyMode(void)
 586:Drivers/STM32F1xx_HAL_Driver/Src/stm32f1xx_hal.c **** {
 847              		.loc 1 586 1 is_stmt 1 view -0
 848              		.cfi_startproc
 849              		@ args = 0, pretend = 0, frame = 0
 850              		@ frame_needed = 0, uses_anonymous_args = 0
 851              		@ link register save eliminated.
 587:Drivers/STM32F1xx_HAL_Driver/Src/stm32f1xx_hal.c ****   CLEAR_BIT(DBGMCU->CR, DBGMCU_CR_DBG_STANDBY);
 852              		.loc 1 587 3 view .LVU132
 853 0000 024A     		ldr	r2, .L84
ARM GAS  C:\Users\84886\AppData\Local\Temp\cciD62mn.s 			page 26


 854 0002 5368     		ldr	r3, [r2, #4]
 855 0004 23F00403 		bic	r3, r3, #4
 856 0008 5360     		str	r3, [r2, #4]
 588:Drivers/STM32F1xx_HAL_Driver/Src/stm32f1xx_hal.c **** }
 857              		.loc 1 588 1 is_stmt 0 view .LVU133
 858 000a 7047     		bx	lr
 859              	.L85:
 860              		.align	2
 861              	.L84:
 862 000c 002004E0 		.word	-536600576
 863              		.cfi_endproc
 864              	.LFE89:
 866              		.global	uwTickFreq
 867              		.global	uwTickPrio
 868              		.comm	uwTick,4,4
 869              		.section	.data.uwTickFreq,"aw"
 870              		.set	.LANCHOR0,. + 0
 873              	uwTickFreq:
 874 0000 01       		.byte	1
 875              		.section	.data.uwTickPrio,"aw"
 876              		.align	2
 877              		.set	.LANCHOR1,. + 0
 880              	uwTickPrio:
 881 0000 10000000 		.word	16
 882              		.text
 883              	.Letext0:
 884              		.file 2 "c:\\users\\84886\\desktop\\project stm32\\tool\\arm-gnu-toolchain-12.2.mpacbti-rel1-mingw
 885              		.file 3 "c:\\users\\84886\\desktop\\project stm32\\tool\\arm-gnu-toolchain-12.2.mpacbti-rel1-mingw
 886              		.file 4 "Drivers/CMSIS/Include/core_cm3.h"
 887              		.file 5 "Drivers/CMSIS/Device/ST/STM32F1xx/Include/system_stm32f1xx.h"
 888              		.file 6 "Drivers/CMSIS/Device/ST/STM32F1xx/Include/stm32f103xb.h"
 889              		.file 7 "Drivers/STM32F1xx_HAL_Driver/Inc/stm32f1xx_hal_def.h"
 890              		.file 8 "Drivers/STM32F1xx_HAL_Driver/Inc/stm32f1xx_hal.h"
 891              		.file 9 "Drivers/STM32F1xx_HAL_Driver/Inc/stm32f1xx_hal_cortex.h"
ARM GAS  C:\Users\84886\AppData\Local\Temp\cciD62mn.s 			page 27


DEFINED SYMBOLS
                            *ABS*:00000000 stm32f1xx_hal.c
C:\Users\84886\AppData\Local\Temp\cciD62mn.s:16     .text.HAL_MspInit:00000000 $t
C:\Users\84886\AppData\Local\Temp\cciD62mn.s:24     .text.HAL_MspInit:00000000 HAL_MspInit
C:\Users\84886\AppData\Local\Temp\cciD62mn.s:38     .text.HAL_MspDeInit:00000000 $t
C:\Users\84886\AppData\Local\Temp\cciD62mn.s:45     .text.HAL_MspDeInit:00000000 HAL_MspDeInit
C:\Users\84886\AppData\Local\Temp\cciD62mn.s:58     .text.HAL_DeInit:00000000 $t
C:\Users\84886\AppData\Local\Temp\cciD62mn.s:65     .text.HAL_DeInit:00000000 HAL_DeInit
C:\Users\84886\AppData\Local\Temp\cciD62mn.s:96     .text.HAL_DeInit:0000001c $d
C:\Users\84886\AppData\Local\Temp\cciD62mn.s:101    .text.HAL_InitTick:00000000 $t
C:\Users\84886\AppData\Local\Temp\cciD62mn.s:108    .text.HAL_InitTick:00000000 HAL_InitTick
C:\Users\84886\AppData\Local\Temp\cciD62mn.s:170    .text.HAL_InitTick:00000040 $d
C:\Users\84886\AppData\Local\Temp\cciD62mn.s:177    .text.HAL_Init:00000000 $t
C:\Users\84886\AppData\Local\Temp\cciD62mn.s:184    .text.HAL_Init:00000000 HAL_Init
C:\Users\84886\AppData\Local\Temp\cciD62mn.s:217    .text.HAL_Init:00000020 $d
C:\Users\84886\AppData\Local\Temp\cciD62mn.s:222    .text.HAL_IncTick:00000000 $t
C:\Users\84886\AppData\Local\Temp\cciD62mn.s:229    .text.HAL_IncTick:00000000 HAL_IncTick
C:\Users\84886\AppData\Local\Temp\cciD62mn.s:249    .text.HAL_IncTick:00000010 $d
                            *COM*:00000004 uwTick
C:\Users\84886\AppData\Local\Temp\cciD62mn.s:255    .text.HAL_GetTick:00000000 $t
C:\Users\84886\AppData\Local\Temp\cciD62mn.s:262    .text.HAL_GetTick:00000000 HAL_GetTick
C:\Users\84886\AppData\Local\Temp\cciD62mn.s:278    .text.HAL_GetTick:00000008 $d
C:\Users\84886\AppData\Local\Temp\cciD62mn.s:283    .text.HAL_GetTickPrio:00000000 $t
C:\Users\84886\AppData\Local\Temp\cciD62mn.s:290    .text.HAL_GetTickPrio:00000000 HAL_GetTickPrio
C:\Users\84886\AppData\Local\Temp\cciD62mn.s:305    .text.HAL_GetTickPrio:00000008 $d
C:\Users\84886\AppData\Local\Temp\cciD62mn.s:310    .text.HAL_SetTickFreq:00000000 $t
C:\Users\84886\AppData\Local\Temp\cciD62mn.s:317    .text.HAL_SetTickFreq:00000000 HAL_SetTickFreq
C:\Users\84886\AppData\Local\Temp\cciD62mn.s:373    .text.HAL_SetTickFreq:00000024 $d
C:\Users\84886\AppData\Local\Temp\cciD62mn.s:379    .text.HAL_GetTickFreq:00000000 $t
C:\Users\84886\AppData\Local\Temp\cciD62mn.s:386    .text.HAL_GetTickFreq:00000000 HAL_GetTickFreq
C:\Users\84886\AppData\Local\Temp\cciD62mn.s:401    .text.HAL_GetTickFreq:00000008 $d
C:\Users\84886\AppData\Local\Temp\cciD62mn.s:406    .text.HAL_Delay:00000000 $t
C:\Users\84886\AppData\Local\Temp\cciD62mn.s:413    .text.HAL_Delay:00000000 HAL_Delay
C:\Users\84886\AppData\Local\Temp\cciD62mn.s:465    .text.HAL_Delay:00000024 $d
C:\Users\84886\AppData\Local\Temp\cciD62mn.s:470    .text.HAL_SuspendTick:00000000 $t
C:\Users\84886\AppData\Local\Temp\cciD62mn.s:477    .text.HAL_SuspendTick:00000000 HAL_SuspendTick
C:\Users\84886\AppData\Local\Temp\cciD62mn.s:494    .text.HAL_SuspendTick:0000000c $d
C:\Users\84886\AppData\Local\Temp\cciD62mn.s:499    .text.HAL_ResumeTick:00000000 $t
C:\Users\84886\AppData\Local\Temp\cciD62mn.s:506    .text.HAL_ResumeTick:00000000 HAL_ResumeTick
C:\Users\84886\AppData\Local\Temp\cciD62mn.s:523    .text.HAL_ResumeTick:0000000c $d
C:\Users\84886\AppData\Local\Temp\cciD62mn.s:528    .text.HAL_GetHalVersion:00000000 $t
C:\Users\84886\AppData\Local\Temp\cciD62mn.s:535    .text.HAL_GetHalVersion:00000000 HAL_GetHalVersion
C:\Users\84886\AppData\Local\Temp\cciD62mn.s:549    .text.HAL_GetHalVersion:00000004 $d
C:\Users\84886\AppData\Local\Temp\cciD62mn.s:554    .text.HAL_GetREVID:00000000 $t
C:\Users\84886\AppData\Local\Temp\cciD62mn.s:561    .text.HAL_GetREVID:00000000 HAL_GetREVID
C:\Users\84886\AppData\Local\Temp\cciD62mn.s:578    .text.HAL_GetREVID:00000008 $d
C:\Users\84886\AppData\Local\Temp\cciD62mn.s:583    .text.HAL_GetDEVID:00000000 $t
C:\Users\84886\AppData\Local\Temp\cciD62mn.s:590    .text.HAL_GetDEVID:00000000 HAL_GetDEVID
C:\Users\84886\AppData\Local\Temp\cciD62mn.s:607    .text.HAL_GetDEVID:0000000c $d
C:\Users\84886\AppData\Local\Temp\cciD62mn.s:612    .text.HAL_GetUIDw0:00000000 $t
C:\Users\84886\AppData\Local\Temp\cciD62mn.s:619    .text.HAL_GetUIDw0:00000000 HAL_GetUIDw0
C:\Users\84886\AppData\Local\Temp\cciD62mn.s:634    .text.HAL_GetUIDw0:00000008 $d
C:\Users\84886\AppData\Local\Temp\cciD62mn.s:639    .text.HAL_GetUIDw1:00000000 $t
C:\Users\84886\AppData\Local\Temp\cciD62mn.s:646    .text.HAL_GetUIDw1:00000000 HAL_GetUIDw1
C:\Users\84886\AppData\Local\Temp\cciD62mn.s:661    .text.HAL_GetUIDw1:00000008 $d
C:\Users\84886\AppData\Local\Temp\cciD62mn.s:666    .text.HAL_GetUIDw2:00000000 $t
C:\Users\84886\AppData\Local\Temp\cciD62mn.s:673    .text.HAL_GetUIDw2:00000000 HAL_GetUIDw2
ARM GAS  C:\Users\84886\AppData\Local\Temp\cciD62mn.s 			page 28


C:\Users\84886\AppData\Local\Temp\cciD62mn.s:688    .text.HAL_GetUIDw2:00000008 $d
C:\Users\84886\AppData\Local\Temp\cciD62mn.s:693    .text.HAL_DBGMCU_EnableDBGSleepMode:00000000 $t
C:\Users\84886\AppData\Local\Temp\cciD62mn.s:700    .text.HAL_DBGMCU_EnableDBGSleepMode:00000000 HAL_DBGMCU_EnableDBGSleepMode
C:\Users\84886\AppData\Local\Temp\cciD62mn.s:717    .text.HAL_DBGMCU_EnableDBGSleepMode:0000000c $d
C:\Users\84886\AppData\Local\Temp\cciD62mn.s:722    .text.HAL_DBGMCU_DisableDBGSleepMode:00000000 $t
C:\Users\84886\AppData\Local\Temp\cciD62mn.s:729    .text.HAL_DBGMCU_DisableDBGSleepMode:00000000 HAL_DBGMCU_DisableDBGSleepMode
C:\Users\84886\AppData\Local\Temp\cciD62mn.s:746    .text.HAL_DBGMCU_DisableDBGSleepMode:0000000c $d
C:\Users\84886\AppData\Local\Temp\cciD62mn.s:751    .text.HAL_DBGMCU_EnableDBGStopMode:00000000 $t
C:\Users\84886\AppData\Local\Temp\cciD62mn.s:758    .text.HAL_DBGMCU_EnableDBGStopMode:00000000 HAL_DBGMCU_EnableDBGStopMode
C:\Users\84886\AppData\Local\Temp\cciD62mn.s:775    .text.HAL_DBGMCU_EnableDBGStopMode:0000000c $d
C:\Users\84886\AppData\Local\Temp\cciD62mn.s:780    .text.HAL_DBGMCU_DisableDBGStopMode:00000000 $t
C:\Users\84886\AppData\Local\Temp\cciD62mn.s:787    .text.HAL_DBGMCU_DisableDBGStopMode:00000000 HAL_DBGMCU_DisableDBGStopMode
C:\Users\84886\AppData\Local\Temp\cciD62mn.s:804    .text.HAL_DBGMCU_DisableDBGStopMode:0000000c $d
C:\Users\84886\AppData\Local\Temp\cciD62mn.s:809    .text.HAL_DBGMCU_EnableDBGStandbyMode:00000000 $t
C:\Users\84886\AppData\Local\Temp\cciD62mn.s:816    .text.HAL_DBGMCU_EnableDBGStandbyMode:00000000 HAL_DBGMCU_EnableDBGStandbyMode
C:\Users\84886\AppData\Local\Temp\cciD62mn.s:833    .text.HAL_DBGMCU_EnableDBGStandbyMode:0000000c $d
C:\Users\84886\AppData\Local\Temp\cciD62mn.s:838    .text.HAL_DBGMCU_DisableDBGStandbyMode:00000000 $t
C:\Users\84886\AppData\Local\Temp\cciD62mn.s:845    .text.HAL_DBGMCU_DisableDBGStandbyMode:00000000 HAL_DBGMCU_DisableDBGStandbyMode
C:\Users\84886\AppData\Local\Temp\cciD62mn.s:862    .text.HAL_DBGMCU_DisableDBGStandbyMode:0000000c $d
C:\Users\84886\AppData\Local\Temp\cciD62mn.s:873    .data.uwTickFreq:00000000 uwTickFreq
C:\Users\84886\AppData\Local\Temp\cciD62mn.s:880    .data.uwTickPrio:00000000 uwTickPrio
C:\Users\84886\AppData\Local\Temp\cciD62mn.s:876    .data.uwTickPrio:00000000 $d

UNDEFINED SYMBOLS
HAL_SYSTICK_Config
HAL_NVIC_SetPriority
SystemCoreClock
HAL_NVIC_SetPriorityGrouping
