ARM GAS  C:\Users\84886\AppData\Local\Temp\ccU4Suzq.s 			page 1


   1              		.cpu cortex-m3
   2              		.eabi_attribute 20, 1
   3              		.eabi_attribute 21, 1
   4              		.eabi_attribute 23, 3
   5              		.eabi_attribute 24, 1
   6              		.eabi_attribute 25, 1
   7              		.eabi_attribute 26, 1
   8              		.eabi_attribute 30, 1
   9              		.eabi_attribute 34, 1
  10              		.eabi_attribute 18, 4
  11              		.file	"stm32f1xx_hal_exti.c"
  12              		.text
  13              	.Ltext0:
  14              		.cfi_sections	.debug_frame
  15              		.section	.text.HAL_EXTI_SetConfigLine,"ax",%progbits
  16              		.align	1
  17              		.global	HAL_EXTI_SetConfigLine
  18              		.arch armv7-m
  19              		.syntax unified
  20              		.thumb
  21              		.thumb_func
  22              		.fpu softvfp
  24              	HAL_EXTI_SetConfigLine:
  25              	.LVL0:
  26              	.LFB65:
  27              		.file 1 "Drivers/STM32F1xx_HAL_Driver/Src/stm32f1xx_hal_exti.c"
   1:Drivers/STM32F1xx_HAL_Driver/Src/stm32f1xx_hal_exti.c **** /**
   2:Drivers/STM32F1xx_HAL_Driver/Src/stm32f1xx_hal_exti.c ****   ******************************************************************************
   3:Drivers/STM32F1xx_HAL_Driver/Src/stm32f1xx_hal_exti.c ****   * @file    stm32f1xx_hal_exti.c
   4:Drivers/STM32F1xx_HAL_Driver/Src/stm32f1xx_hal_exti.c ****   * @author  MCD Application Team
   5:Drivers/STM32F1xx_HAL_Driver/Src/stm32f1xx_hal_exti.c ****   * @brief   EXTI HAL module driver.
   6:Drivers/STM32F1xx_HAL_Driver/Src/stm32f1xx_hal_exti.c ****   *          This file provides firmware functions to manage the following
   7:Drivers/STM32F1xx_HAL_Driver/Src/stm32f1xx_hal_exti.c ****   *          functionalities of the Extended Interrupts and events controller (EXTI) peripheral:
   8:Drivers/STM32F1xx_HAL_Driver/Src/stm32f1xx_hal_exti.c ****   *           + Initialization and de-initialization functions
   9:Drivers/STM32F1xx_HAL_Driver/Src/stm32f1xx_hal_exti.c ****   *           + IO operation functions
  10:Drivers/STM32F1xx_HAL_Driver/Src/stm32f1xx_hal_exti.c ****   *
  11:Drivers/STM32F1xx_HAL_Driver/Src/stm32f1xx_hal_exti.c ****   ******************************************************************************
  12:Drivers/STM32F1xx_HAL_Driver/Src/stm32f1xx_hal_exti.c ****   * @attention
  13:Drivers/STM32F1xx_HAL_Driver/Src/stm32f1xx_hal_exti.c ****   *
  14:Drivers/STM32F1xx_HAL_Driver/Src/stm32f1xx_hal_exti.c ****   * Copyright (c) 2019 STMicroelectronics.
  15:Drivers/STM32F1xx_HAL_Driver/Src/stm32f1xx_hal_exti.c ****   * All rights reserved.
  16:Drivers/STM32F1xx_HAL_Driver/Src/stm32f1xx_hal_exti.c ****   *
  17:Drivers/STM32F1xx_HAL_Driver/Src/stm32f1xx_hal_exti.c ****   * This software is licensed under terms that can be found in the LICENSE file
  18:Drivers/STM32F1xx_HAL_Driver/Src/stm32f1xx_hal_exti.c ****   * in the root directory of this software component.
  19:Drivers/STM32F1xx_HAL_Driver/Src/stm32f1xx_hal_exti.c ****   * If no LICENSE file comes with this software, it is provided AS-IS.
  20:Drivers/STM32F1xx_HAL_Driver/Src/stm32f1xx_hal_exti.c ****   *
  21:Drivers/STM32F1xx_HAL_Driver/Src/stm32f1xx_hal_exti.c ****   ******************************************************************************
  22:Drivers/STM32F1xx_HAL_Driver/Src/stm32f1xx_hal_exti.c ****   @verbatim
  23:Drivers/STM32F1xx_HAL_Driver/Src/stm32f1xx_hal_exti.c ****   ==============================================================================
  24:Drivers/STM32F1xx_HAL_Driver/Src/stm32f1xx_hal_exti.c ****                     ##### EXTI Peripheral features #####
  25:Drivers/STM32F1xx_HAL_Driver/Src/stm32f1xx_hal_exti.c ****   ==============================================================================
  26:Drivers/STM32F1xx_HAL_Driver/Src/stm32f1xx_hal_exti.c ****   [..]
  27:Drivers/STM32F1xx_HAL_Driver/Src/stm32f1xx_hal_exti.c ****     (+) Each Exti line can be configured within this driver.
  28:Drivers/STM32F1xx_HAL_Driver/Src/stm32f1xx_hal_exti.c **** 
  29:Drivers/STM32F1xx_HAL_Driver/Src/stm32f1xx_hal_exti.c ****     (+) Exti line can be configured in 3 different modes
  30:Drivers/STM32F1xx_HAL_Driver/Src/stm32f1xx_hal_exti.c ****         (++) Interrupt
  31:Drivers/STM32F1xx_HAL_Driver/Src/stm32f1xx_hal_exti.c ****         (++) Event
ARM GAS  C:\Users\84886\AppData\Local\Temp\ccU4Suzq.s 			page 2


  32:Drivers/STM32F1xx_HAL_Driver/Src/stm32f1xx_hal_exti.c ****         (++) Both of them
  33:Drivers/STM32F1xx_HAL_Driver/Src/stm32f1xx_hal_exti.c **** 
  34:Drivers/STM32F1xx_HAL_Driver/Src/stm32f1xx_hal_exti.c ****     (+) Configurable Exti lines can be configured with 3 different triggers
  35:Drivers/STM32F1xx_HAL_Driver/Src/stm32f1xx_hal_exti.c ****         (++) Rising
  36:Drivers/STM32F1xx_HAL_Driver/Src/stm32f1xx_hal_exti.c ****         (++) Falling
  37:Drivers/STM32F1xx_HAL_Driver/Src/stm32f1xx_hal_exti.c ****         (++) Both of them
  38:Drivers/STM32F1xx_HAL_Driver/Src/stm32f1xx_hal_exti.c **** 
  39:Drivers/STM32F1xx_HAL_Driver/Src/stm32f1xx_hal_exti.c ****     (+) When set in interrupt mode, configurable Exti lines have two different
  40:Drivers/STM32F1xx_HAL_Driver/Src/stm32f1xx_hal_exti.c ****         interrupts pending registers which allow to distinguish which transition
  41:Drivers/STM32F1xx_HAL_Driver/Src/stm32f1xx_hal_exti.c ****         occurs:
  42:Drivers/STM32F1xx_HAL_Driver/Src/stm32f1xx_hal_exti.c ****         (++) Rising edge pending interrupt
  43:Drivers/STM32F1xx_HAL_Driver/Src/stm32f1xx_hal_exti.c ****         (++) Falling
  44:Drivers/STM32F1xx_HAL_Driver/Src/stm32f1xx_hal_exti.c **** 
  45:Drivers/STM32F1xx_HAL_Driver/Src/stm32f1xx_hal_exti.c ****     (+) Exti lines 0 to 15 are linked to gpio pin number 0 to 15. Gpio port can
  46:Drivers/STM32F1xx_HAL_Driver/Src/stm32f1xx_hal_exti.c ****         be selected through multiplexer.
  47:Drivers/STM32F1xx_HAL_Driver/Src/stm32f1xx_hal_exti.c **** 
  48:Drivers/STM32F1xx_HAL_Driver/Src/stm32f1xx_hal_exti.c ****                      ##### How to use this driver #####
  49:Drivers/STM32F1xx_HAL_Driver/Src/stm32f1xx_hal_exti.c ****   ==============================================================================
  50:Drivers/STM32F1xx_HAL_Driver/Src/stm32f1xx_hal_exti.c ****   [..]
  51:Drivers/STM32F1xx_HAL_Driver/Src/stm32f1xx_hal_exti.c **** 
  52:Drivers/STM32F1xx_HAL_Driver/Src/stm32f1xx_hal_exti.c ****     (#) Configure the EXTI line using HAL_EXTI_SetConfigLine().
  53:Drivers/STM32F1xx_HAL_Driver/Src/stm32f1xx_hal_exti.c ****         (++) Choose the interrupt line number by setting "Line" member from
  54:Drivers/STM32F1xx_HAL_Driver/Src/stm32f1xx_hal_exti.c ****              EXTI_ConfigTypeDef structure.
  55:Drivers/STM32F1xx_HAL_Driver/Src/stm32f1xx_hal_exti.c ****         (++) Configure the interrupt and/or event mode using "Mode" member from
  56:Drivers/STM32F1xx_HAL_Driver/Src/stm32f1xx_hal_exti.c ****              EXTI_ConfigTypeDef structure.
  57:Drivers/STM32F1xx_HAL_Driver/Src/stm32f1xx_hal_exti.c ****         (++) For configurable lines, configure rising and/or falling trigger
  58:Drivers/STM32F1xx_HAL_Driver/Src/stm32f1xx_hal_exti.c ****              "Trigger" member from EXTI_ConfigTypeDef structure.
  59:Drivers/STM32F1xx_HAL_Driver/Src/stm32f1xx_hal_exti.c ****         (++) For Exti lines linked to gpio, choose gpio port using "GPIOSel"
  60:Drivers/STM32F1xx_HAL_Driver/Src/stm32f1xx_hal_exti.c ****              member from GPIO_InitTypeDef structure.
  61:Drivers/STM32F1xx_HAL_Driver/Src/stm32f1xx_hal_exti.c **** 
  62:Drivers/STM32F1xx_HAL_Driver/Src/stm32f1xx_hal_exti.c ****     (#) Get current Exti configuration of a dedicated line using
  63:Drivers/STM32F1xx_HAL_Driver/Src/stm32f1xx_hal_exti.c ****         HAL_EXTI_GetConfigLine().
  64:Drivers/STM32F1xx_HAL_Driver/Src/stm32f1xx_hal_exti.c ****         (++) Provide exiting handle as parameter.
  65:Drivers/STM32F1xx_HAL_Driver/Src/stm32f1xx_hal_exti.c ****         (++) Provide pointer on EXTI_ConfigTypeDef structure as second parameter.
  66:Drivers/STM32F1xx_HAL_Driver/Src/stm32f1xx_hal_exti.c **** 
  67:Drivers/STM32F1xx_HAL_Driver/Src/stm32f1xx_hal_exti.c ****     (#) Clear Exti configuration of a dedicated line using HAL_EXTI_ClearConfigLine().
  68:Drivers/STM32F1xx_HAL_Driver/Src/stm32f1xx_hal_exti.c ****         (++) Provide exiting handle as parameter.
  69:Drivers/STM32F1xx_HAL_Driver/Src/stm32f1xx_hal_exti.c **** 
  70:Drivers/STM32F1xx_HAL_Driver/Src/stm32f1xx_hal_exti.c ****     (#) Register callback to treat Exti interrupts using HAL_EXTI_RegisterCallback().
  71:Drivers/STM32F1xx_HAL_Driver/Src/stm32f1xx_hal_exti.c ****         (++) Provide exiting handle as first parameter.
  72:Drivers/STM32F1xx_HAL_Driver/Src/stm32f1xx_hal_exti.c ****         (++) Provide which callback will be registered using one value from
  73:Drivers/STM32F1xx_HAL_Driver/Src/stm32f1xx_hal_exti.c ****              EXTI_CallbackIDTypeDef.
  74:Drivers/STM32F1xx_HAL_Driver/Src/stm32f1xx_hal_exti.c ****         (++) Provide callback function pointer.
  75:Drivers/STM32F1xx_HAL_Driver/Src/stm32f1xx_hal_exti.c **** 
  76:Drivers/STM32F1xx_HAL_Driver/Src/stm32f1xx_hal_exti.c ****     (#) Get interrupt pending bit using HAL_EXTI_GetPending().
  77:Drivers/STM32F1xx_HAL_Driver/Src/stm32f1xx_hal_exti.c **** 
  78:Drivers/STM32F1xx_HAL_Driver/Src/stm32f1xx_hal_exti.c ****     (#) Clear interrupt pending bit using HAL_EXTI_ClearPending().
  79:Drivers/STM32F1xx_HAL_Driver/Src/stm32f1xx_hal_exti.c **** 
  80:Drivers/STM32F1xx_HAL_Driver/Src/stm32f1xx_hal_exti.c ****     (#) Generate software interrupt using HAL_EXTI_GenerateSWI().
  81:Drivers/STM32F1xx_HAL_Driver/Src/stm32f1xx_hal_exti.c **** 
  82:Drivers/STM32F1xx_HAL_Driver/Src/stm32f1xx_hal_exti.c ****   @endverbatim
  83:Drivers/STM32F1xx_HAL_Driver/Src/stm32f1xx_hal_exti.c ****   */
  84:Drivers/STM32F1xx_HAL_Driver/Src/stm32f1xx_hal_exti.c **** 
  85:Drivers/STM32F1xx_HAL_Driver/Src/stm32f1xx_hal_exti.c **** /* Includes ------------------------------------------------------------------*/
  86:Drivers/STM32F1xx_HAL_Driver/Src/stm32f1xx_hal_exti.c **** #include "stm32f1xx_hal.h"
  87:Drivers/STM32F1xx_HAL_Driver/Src/stm32f1xx_hal_exti.c **** 
  88:Drivers/STM32F1xx_HAL_Driver/Src/stm32f1xx_hal_exti.c **** /** @addtogroup STM32F1xx_HAL_Driver
ARM GAS  C:\Users\84886\AppData\Local\Temp\ccU4Suzq.s 			page 3


  89:Drivers/STM32F1xx_HAL_Driver/Src/stm32f1xx_hal_exti.c ****   * @{
  90:Drivers/STM32F1xx_HAL_Driver/Src/stm32f1xx_hal_exti.c ****   */
  91:Drivers/STM32F1xx_HAL_Driver/Src/stm32f1xx_hal_exti.c **** 
  92:Drivers/STM32F1xx_HAL_Driver/Src/stm32f1xx_hal_exti.c **** /** @addtogroup EXTI
  93:Drivers/STM32F1xx_HAL_Driver/Src/stm32f1xx_hal_exti.c ****   * @{
  94:Drivers/STM32F1xx_HAL_Driver/Src/stm32f1xx_hal_exti.c ****   */
  95:Drivers/STM32F1xx_HAL_Driver/Src/stm32f1xx_hal_exti.c **** /** MISRA C:2012 deviation rule has been granted for following rule:
  96:Drivers/STM32F1xx_HAL_Driver/Src/stm32f1xx_hal_exti.c ****   * Rule-18.1_b - Medium: Array `EXTICR' 1st subscript interval [0,7] may be out
  97:Drivers/STM32F1xx_HAL_Driver/Src/stm32f1xx_hal_exti.c ****   * of bounds [0,3] in following API :
  98:Drivers/STM32F1xx_HAL_Driver/Src/stm32f1xx_hal_exti.c ****   * HAL_EXTI_SetConfigLine
  99:Drivers/STM32F1xx_HAL_Driver/Src/stm32f1xx_hal_exti.c ****   * HAL_EXTI_GetConfigLine
 100:Drivers/STM32F1xx_HAL_Driver/Src/stm32f1xx_hal_exti.c ****   * HAL_EXTI_ClearConfigLine
 101:Drivers/STM32F1xx_HAL_Driver/Src/stm32f1xx_hal_exti.c ****   */
 102:Drivers/STM32F1xx_HAL_Driver/Src/stm32f1xx_hal_exti.c **** 
 103:Drivers/STM32F1xx_HAL_Driver/Src/stm32f1xx_hal_exti.c **** #ifdef HAL_EXTI_MODULE_ENABLED
 104:Drivers/STM32F1xx_HAL_Driver/Src/stm32f1xx_hal_exti.c **** 
 105:Drivers/STM32F1xx_HAL_Driver/Src/stm32f1xx_hal_exti.c **** /* Private typedef -----------------------------------------------------------*/
 106:Drivers/STM32F1xx_HAL_Driver/Src/stm32f1xx_hal_exti.c **** /* Private defines -----------------------------------------------------------*/
 107:Drivers/STM32F1xx_HAL_Driver/Src/stm32f1xx_hal_exti.c **** /** @defgroup EXTI_Private_Constants EXTI Private Constants
 108:Drivers/STM32F1xx_HAL_Driver/Src/stm32f1xx_hal_exti.c ****   * @{
 109:Drivers/STM32F1xx_HAL_Driver/Src/stm32f1xx_hal_exti.c ****   */
 110:Drivers/STM32F1xx_HAL_Driver/Src/stm32f1xx_hal_exti.c **** 
 111:Drivers/STM32F1xx_HAL_Driver/Src/stm32f1xx_hal_exti.c **** /**
 112:Drivers/STM32F1xx_HAL_Driver/Src/stm32f1xx_hal_exti.c ****   * @}
 113:Drivers/STM32F1xx_HAL_Driver/Src/stm32f1xx_hal_exti.c ****   */
 114:Drivers/STM32F1xx_HAL_Driver/Src/stm32f1xx_hal_exti.c **** 
 115:Drivers/STM32F1xx_HAL_Driver/Src/stm32f1xx_hal_exti.c **** /* Private macros ------------------------------------------------------------*/
 116:Drivers/STM32F1xx_HAL_Driver/Src/stm32f1xx_hal_exti.c **** /* Private variables ---------------------------------------------------------*/
 117:Drivers/STM32F1xx_HAL_Driver/Src/stm32f1xx_hal_exti.c **** /* Private function prototypes -----------------------------------------------*/
 118:Drivers/STM32F1xx_HAL_Driver/Src/stm32f1xx_hal_exti.c **** /* Exported functions --------------------------------------------------------*/
 119:Drivers/STM32F1xx_HAL_Driver/Src/stm32f1xx_hal_exti.c **** 
 120:Drivers/STM32F1xx_HAL_Driver/Src/stm32f1xx_hal_exti.c **** /** @addtogroup EXTI_Exported_Functions
 121:Drivers/STM32F1xx_HAL_Driver/Src/stm32f1xx_hal_exti.c ****   * @{
 122:Drivers/STM32F1xx_HAL_Driver/Src/stm32f1xx_hal_exti.c ****   */
 123:Drivers/STM32F1xx_HAL_Driver/Src/stm32f1xx_hal_exti.c **** 
 124:Drivers/STM32F1xx_HAL_Driver/Src/stm32f1xx_hal_exti.c **** /** @addtogroup EXTI_Exported_Functions_Group1
 125:Drivers/STM32F1xx_HAL_Driver/Src/stm32f1xx_hal_exti.c ****   *  @brief    Configuration functions
 126:Drivers/STM32F1xx_HAL_Driver/Src/stm32f1xx_hal_exti.c ****   *
 127:Drivers/STM32F1xx_HAL_Driver/Src/stm32f1xx_hal_exti.c **** @verbatim
 128:Drivers/STM32F1xx_HAL_Driver/Src/stm32f1xx_hal_exti.c ****  ===============================================================================
 129:Drivers/STM32F1xx_HAL_Driver/Src/stm32f1xx_hal_exti.c ****               ##### Configuration functions #####
 130:Drivers/STM32F1xx_HAL_Driver/Src/stm32f1xx_hal_exti.c ****  ===============================================================================
 131:Drivers/STM32F1xx_HAL_Driver/Src/stm32f1xx_hal_exti.c **** 
 132:Drivers/STM32F1xx_HAL_Driver/Src/stm32f1xx_hal_exti.c **** @endverbatim
 133:Drivers/STM32F1xx_HAL_Driver/Src/stm32f1xx_hal_exti.c ****   * @{
 134:Drivers/STM32F1xx_HAL_Driver/Src/stm32f1xx_hal_exti.c ****   */
 135:Drivers/STM32F1xx_HAL_Driver/Src/stm32f1xx_hal_exti.c **** 
 136:Drivers/STM32F1xx_HAL_Driver/Src/stm32f1xx_hal_exti.c **** /**
 137:Drivers/STM32F1xx_HAL_Driver/Src/stm32f1xx_hal_exti.c ****   * @brief  Set configuration of a dedicated Exti line.
 138:Drivers/STM32F1xx_HAL_Driver/Src/stm32f1xx_hal_exti.c ****   * @param  hexti Exti handle.
 139:Drivers/STM32F1xx_HAL_Driver/Src/stm32f1xx_hal_exti.c ****   * @param  pExtiConfig Pointer on EXTI configuration to be set.
 140:Drivers/STM32F1xx_HAL_Driver/Src/stm32f1xx_hal_exti.c ****   * @retval HAL Status.
 141:Drivers/STM32F1xx_HAL_Driver/Src/stm32f1xx_hal_exti.c ****   */
 142:Drivers/STM32F1xx_HAL_Driver/Src/stm32f1xx_hal_exti.c **** HAL_StatusTypeDef HAL_EXTI_SetConfigLine(EXTI_HandleTypeDef *hexti, EXTI_ConfigTypeDef *pExtiConfig
 143:Drivers/STM32F1xx_HAL_Driver/Src/stm32f1xx_hal_exti.c **** {
  28              		.loc 1 143 1 view -0
  29              		.cfi_startproc
ARM GAS  C:\Users\84886\AppData\Local\Temp\ccU4Suzq.s 			page 4


  30              		@ args = 0, pretend = 0, frame = 0
  31              		@ frame_needed = 0, uses_anonymous_args = 0
  32              		@ link register save eliminated.
 144:Drivers/STM32F1xx_HAL_Driver/Src/stm32f1xx_hal_exti.c ****   uint32_t regval;
  33              		.loc 1 144 3 view .LVU1
 145:Drivers/STM32F1xx_HAL_Driver/Src/stm32f1xx_hal_exti.c ****   uint32_t linepos;
  34              		.loc 1 145 3 view .LVU2
 146:Drivers/STM32F1xx_HAL_Driver/Src/stm32f1xx_hal_exti.c ****   uint32_t maskline;
  35              		.loc 1 146 3 view .LVU3
 147:Drivers/STM32F1xx_HAL_Driver/Src/stm32f1xx_hal_exti.c **** 
 148:Drivers/STM32F1xx_HAL_Driver/Src/stm32f1xx_hal_exti.c ****   /* Check null pointer */
 149:Drivers/STM32F1xx_HAL_Driver/Src/stm32f1xx_hal_exti.c ****   if ((hexti == NULL) || (pExtiConfig == NULL))
  36              		.loc 1 149 3 view .LVU4
  37              		.loc 1 149 6 is_stmt 0 view .LVU5
  38 0000 0028     		cmp	r0, #0
  39 0002 60D0     		beq	.L11
  40              		.loc 1 149 23 discriminator 1 view .LVU6
  41 0004 0029     		cmp	r1, #0
  42 0006 60D0     		beq	.L12
 143:Drivers/STM32F1xx_HAL_Driver/Src/stm32f1xx_hal_exti.c ****   uint32_t regval;
  43              		.loc 1 143 1 view .LVU7
  44 0008 70B4     		push	{r4, r5, r6}
  45              		.cfi_def_cfa_offset 12
  46              		.cfi_offset 4, -12
  47              		.cfi_offset 5, -8
  48              		.cfi_offset 6, -4
 150:Drivers/STM32F1xx_HAL_Driver/Src/stm32f1xx_hal_exti.c ****   {
 151:Drivers/STM32F1xx_HAL_Driver/Src/stm32f1xx_hal_exti.c ****     return HAL_ERROR;
 152:Drivers/STM32F1xx_HAL_Driver/Src/stm32f1xx_hal_exti.c ****   }
 153:Drivers/STM32F1xx_HAL_Driver/Src/stm32f1xx_hal_exti.c **** 
 154:Drivers/STM32F1xx_HAL_Driver/Src/stm32f1xx_hal_exti.c ****   /* Check parameters */
 155:Drivers/STM32F1xx_HAL_Driver/Src/stm32f1xx_hal_exti.c ****   assert_param(IS_EXTI_LINE(pExtiConfig->Line));
  49              		.loc 1 155 3 is_stmt 1 view .LVU8
 156:Drivers/STM32F1xx_HAL_Driver/Src/stm32f1xx_hal_exti.c ****   assert_param(IS_EXTI_MODE(pExtiConfig->Mode));
  50              		.loc 1 156 3 view .LVU9
 157:Drivers/STM32F1xx_HAL_Driver/Src/stm32f1xx_hal_exti.c **** 
 158:Drivers/STM32F1xx_HAL_Driver/Src/stm32f1xx_hal_exti.c ****   /* Assign line number to handle */
 159:Drivers/STM32F1xx_HAL_Driver/Src/stm32f1xx_hal_exti.c ****   hexti->Line = pExtiConfig->Line;
  51              		.loc 1 159 3 view .LVU10
  52              		.loc 1 159 28 is_stmt 0 view .LVU11
  53 000a 0B68     		ldr	r3, [r1]
  54              		.loc 1 159 15 view .LVU12
  55 000c 0360     		str	r3, [r0]
 160:Drivers/STM32F1xx_HAL_Driver/Src/stm32f1xx_hal_exti.c **** 
 161:Drivers/STM32F1xx_HAL_Driver/Src/stm32f1xx_hal_exti.c ****   /* Compute line mask */
 162:Drivers/STM32F1xx_HAL_Driver/Src/stm32f1xx_hal_exti.c ****   linepos = (pExtiConfig->Line & EXTI_PIN_MASK);
  56              		.loc 1 162 3 is_stmt 1 view .LVU13
  57              		.loc 1 162 11 is_stmt 0 view .LVU14
  58 000e 03F01F02 		and	r2, r3, #31
  59              	.LVL1:
 163:Drivers/STM32F1xx_HAL_Driver/Src/stm32f1xx_hal_exti.c ****   maskline = (1uL << linepos);
  60              		.loc 1 163 3 is_stmt 1 view .LVU15
  61              		.loc 1 163 12 is_stmt 0 view .LVU16
  62 0012 0120     		movs	r0, #1
  63              	.LVL2:
  64              		.loc 1 163 12 view .LVU17
  65 0014 9040     		lsls	r0, r0, r2
ARM GAS  C:\Users\84886\AppData\Local\Temp\ccU4Suzq.s 			page 5


  66              	.LVL3:
 164:Drivers/STM32F1xx_HAL_Driver/Src/stm32f1xx_hal_exti.c **** 
 165:Drivers/STM32F1xx_HAL_Driver/Src/stm32f1xx_hal_exti.c ****   /* Configure triggers for configurable lines */
 166:Drivers/STM32F1xx_HAL_Driver/Src/stm32f1xx_hal_exti.c ****   if ((pExtiConfig->Line & EXTI_CONFIG) != 0x00u)
  67              		.loc 1 166 3 is_stmt 1 view .LVU18
  68              		.loc 1 166 6 is_stmt 0 view .LVU19
  69 0016 13F0007F 		tst	r3, #33554432
  70 001a 15D0     		beq	.L3
 167:Drivers/STM32F1xx_HAL_Driver/Src/stm32f1xx_hal_exti.c ****   {
 168:Drivers/STM32F1xx_HAL_Driver/Src/stm32f1xx_hal_exti.c ****     assert_param(IS_EXTI_TRIGGER(pExtiConfig->Trigger));
  71              		.loc 1 168 5 is_stmt 1 view .LVU20
 169:Drivers/STM32F1xx_HAL_Driver/Src/stm32f1xx_hal_exti.c **** 
 170:Drivers/STM32F1xx_HAL_Driver/Src/stm32f1xx_hal_exti.c ****     /* Configure rising trigger */
 171:Drivers/STM32F1xx_HAL_Driver/Src/stm32f1xx_hal_exti.c ****     /* Mask or set line */
 172:Drivers/STM32F1xx_HAL_Driver/Src/stm32f1xx_hal_exti.c ****     if ((pExtiConfig->Trigger & EXTI_TRIGGER_RISING) != 0x00u)
  72              		.loc 1 172 5 view .LVU21
  73              		.loc 1 172 21 is_stmt 0 view .LVU22
  74 001c 8C68     		ldr	r4, [r1, #8]
  75              		.loc 1 172 8 view .LVU23
  76 001e 14F0010F 		tst	r4, #1
  77 0022 24D0     		beq	.L4
 173:Drivers/STM32F1xx_HAL_Driver/Src/stm32f1xx_hal_exti.c ****     {
 174:Drivers/STM32F1xx_HAL_Driver/Src/stm32f1xx_hal_exti.c ****       EXTI->RTSR |= maskline;
  78              		.loc 1 174 7 is_stmt 1 view .LVU24
  79              		.loc 1 174 18 is_stmt 0 view .LVU25
  80 0024 2A4D     		ldr	r5, .L18
  81 0026 AC68     		ldr	r4, [r5, #8]
  82 0028 0443     		orrs	r4, r4, r0
  83 002a AC60     		str	r4, [r5, #8]
  84              	.L5:
 175:Drivers/STM32F1xx_HAL_Driver/Src/stm32f1xx_hal_exti.c ****     }
 176:Drivers/STM32F1xx_HAL_Driver/Src/stm32f1xx_hal_exti.c ****     else
 177:Drivers/STM32F1xx_HAL_Driver/Src/stm32f1xx_hal_exti.c ****     {
 178:Drivers/STM32F1xx_HAL_Driver/Src/stm32f1xx_hal_exti.c ****       EXTI->RTSR &= ~maskline;
 179:Drivers/STM32F1xx_HAL_Driver/Src/stm32f1xx_hal_exti.c ****     }
 180:Drivers/STM32F1xx_HAL_Driver/Src/stm32f1xx_hal_exti.c **** 
 181:Drivers/STM32F1xx_HAL_Driver/Src/stm32f1xx_hal_exti.c ****     /* Configure falling trigger */
 182:Drivers/STM32F1xx_HAL_Driver/Src/stm32f1xx_hal_exti.c ****     /* Mask or set line */
 183:Drivers/STM32F1xx_HAL_Driver/Src/stm32f1xx_hal_exti.c ****     if ((pExtiConfig->Trigger & EXTI_TRIGGER_FALLING) != 0x00u)
  85              		.loc 1 183 5 is_stmt 1 view .LVU26
  86              		.loc 1 183 21 is_stmt 0 view .LVU27
  87 002c 8C68     		ldr	r4, [r1, #8]
  88              		.loc 1 183 8 view .LVU28
  89 002e 14F0020F 		tst	r4, #2
  90 0032 22D0     		beq	.L6
 184:Drivers/STM32F1xx_HAL_Driver/Src/stm32f1xx_hal_exti.c ****     {
 185:Drivers/STM32F1xx_HAL_Driver/Src/stm32f1xx_hal_exti.c ****       EXTI->FTSR |= maskline;
  91              		.loc 1 185 7 is_stmt 1 view .LVU29
  92              		.loc 1 185 18 is_stmt 0 view .LVU30
  93 0034 264D     		ldr	r5, .L18
  94 0036 EC68     		ldr	r4, [r5, #12]
  95 0038 0443     		orrs	r4, r4, r0
  96 003a EC60     		str	r4, [r5, #12]
  97              	.L7:
 186:Drivers/STM32F1xx_HAL_Driver/Src/stm32f1xx_hal_exti.c ****     }
 187:Drivers/STM32F1xx_HAL_Driver/Src/stm32f1xx_hal_exti.c ****     else
 188:Drivers/STM32F1xx_HAL_Driver/Src/stm32f1xx_hal_exti.c ****     {
ARM GAS  C:\Users\84886\AppData\Local\Temp\ccU4Suzq.s 			page 6


 189:Drivers/STM32F1xx_HAL_Driver/Src/stm32f1xx_hal_exti.c ****       EXTI->FTSR &= ~maskline;
 190:Drivers/STM32F1xx_HAL_Driver/Src/stm32f1xx_hal_exti.c ****     }
 191:Drivers/STM32F1xx_HAL_Driver/Src/stm32f1xx_hal_exti.c **** 
 192:Drivers/STM32F1xx_HAL_Driver/Src/stm32f1xx_hal_exti.c **** 
 193:Drivers/STM32F1xx_HAL_Driver/Src/stm32f1xx_hal_exti.c ****     /* Configure gpio port selection in case of gpio exti line */
 194:Drivers/STM32F1xx_HAL_Driver/Src/stm32f1xx_hal_exti.c ****     if ((pExtiConfig->Line & EXTI_GPIO) == EXTI_GPIO)
  98              		.loc 1 194 5 is_stmt 1 view .LVU31
  99              		.loc 1 194 21 is_stmt 0 view .LVU32
 100 003c 0C68     		ldr	r4, [r1]
 101              		.loc 1 194 28 view .LVU33
 102 003e 04F0C064 		and	r4, r4, #100663296
 103              		.loc 1 194 8 view .LVU34
 104 0042 B4F1C06F 		cmp	r4, #100663296
 105 0046 1ED0     		beq	.L17
 106              	.LVL4:
 107              	.L3:
 195:Drivers/STM32F1xx_HAL_Driver/Src/stm32f1xx_hal_exti.c ****     {
 196:Drivers/STM32F1xx_HAL_Driver/Src/stm32f1xx_hal_exti.c ****       assert_param(IS_EXTI_GPIO_PORT(pExtiConfig->GPIOSel));
 197:Drivers/STM32F1xx_HAL_Driver/Src/stm32f1xx_hal_exti.c ****       assert_param(IS_EXTI_GPIO_PIN(linepos));
 198:Drivers/STM32F1xx_HAL_Driver/Src/stm32f1xx_hal_exti.c ****       
 199:Drivers/STM32F1xx_HAL_Driver/Src/stm32f1xx_hal_exti.c ****       regval = AFIO->EXTICR[linepos >> 2u];
 200:Drivers/STM32F1xx_HAL_Driver/Src/stm32f1xx_hal_exti.c ****       regval &= ~(AFIO_EXTICR1_EXTI0 << (AFIO_EXTICR1_EXTI1_Pos * (linepos & 0x03u)));
 201:Drivers/STM32F1xx_HAL_Driver/Src/stm32f1xx_hal_exti.c ****       regval |= (pExtiConfig->GPIOSel << (AFIO_EXTICR1_EXTI1_Pos * (linepos & 0x03u)));
 202:Drivers/STM32F1xx_HAL_Driver/Src/stm32f1xx_hal_exti.c ****       AFIO->EXTICR[linepos >> 2u] = regval;
 203:Drivers/STM32F1xx_HAL_Driver/Src/stm32f1xx_hal_exti.c ****     }
 204:Drivers/STM32F1xx_HAL_Driver/Src/stm32f1xx_hal_exti.c ****   }
 205:Drivers/STM32F1xx_HAL_Driver/Src/stm32f1xx_hal_exti.c **** 
 206:Drivers/STM32F1xx_HAL_Driver/Src/stm32f1xx_hal_exti.c ****   /* Configure interrupt mode : read current mode */
 207:Drivers/STM32F1xx_HAL_Driver/Src/stm32f1xx_hal_exti.c ****   /* Mask or set line */
 208:Drivers/STM32F1xx_HAL_Driver/Src/stm32f1xx_hal_exti.c ****   if ((pExtiConfig->Mode & EXTI_MODE_INTERRUPT) != 0x00u)
 108              		.loc 1 208 3 is_stmt 1 view .LVU35
 109              		.loc 1 208 19 is_stmt 0 view .LVU36
 110 0048 4B68     		ldr	r3, [r1, #4]
 111              		.loc 1 208 6 view .LVU37
 112 004a 13F0010F 		tst	r3, #1
 113 004e 2DD0     		beq	.L8
 209:Drivers/STM32F1xx_HAL_Driver/Src/stm32f1xx_hal_exti.c ****   {
 210:Drivers/STM32F1xx_HAL_Driver/Src/stm32f1xx_hal_exti.c ****     EXTI->IMR |= maskline;
 114              		.loc 1 210 5 is_stmt 1 view .LVU38
 115              		.loc 1 210 15 is_stmt 0 view .LVU39
 116 0050 1F4A     		ldr	r2, .L18
 117 0052 1368     		ldr	r3, [r2]
 118 0054 0343     		orrs	r3, r3, r0
 119 0056 1360     		str	r3, [r2]
 120              	.L9:
 211:Drivers/STM32F1xx_HAL_Driver/Src/stm32f1xx_hal_exti.c ****   }
 212:Drivers/STM32F1xx_HAL_Driver/Src/stm32f1xx_hal_exti.c ****   else
 213:Drivers/STM32F1xx_HAL_Driver/Src/stm32f1xx_hal_exti.c ****   {
 214:Drivers/STM32F1xx_HAL_Driver/Src/stm32f1xx_hal_exti.c ****     EXTI->IMR &= ~maskline;
 215:Drivers/STM32F1xx_HAL_Driver/Src/stm32f1xx_hal_exti.c ****   }
 216:Drivers/STM32F1xx_HAL_Driver/Src/stm32f1xx_hal_exti.c **** 
 217:Drivers/STM32F1xx_HAL_Driver/Src/stm32f1xx_hal_exti.c ****   /* Configure event mode : read current mode */
 218:Drivers/STM32F1xx_HAL_Driver/Src/stm32f1xx_hal_exti.c ****   /* Mask or set line */
 219:Drivers/STM32F1xx_HAL_Driver/Src/stm32f1xx_hal_exti.c ****   if ((pExtiConfig->Mode & EXTI_MODE_EVENT) != 0x00u)
 121              		.loc 1 219 3 is_stmt 1 view .LVU40
 122              		.loc 1 219 19 is_stmt 0 view .LVU41
 123 0058 4B68     		ldr	r3, [r1, #4]
ARM GAS  C:\Users\84886\AppData\Local\Temp\ccU4Suzq.s 			page 7


 124              		.loc 1 219 6 view .LVU42
 125 005a 13F0020F 		tst	r3, #2
 126 005e 2BD0     		beq	.L10
 220:Drivers/STM32F1xx_HAL_Driver/Src/stm32f1xx_hal_exti.c ****   {
 221:Drivers/STM32F1xx_HAL_Driver/Src/stm32f1xx_hal_exti.c ****     EXTI->EMR |= maskline;
 127              		.loc 1 221 5 is_stmt 1 view .LVU43
 128              		.loc 1 221 15 is_stmt 0 view .LVU44
 129 0060 1B4A     		ldr	r2, .L18
 130 0062 5368     		ldr	r3, [r2, #4]
 131 0064 1843     		orrs	r0, r0, r3
 132              	.LVL5:
 133              		.loc 1 221 15 view .LVU45
 134 0066 5060     		str	r0, [r2, #4]
 222:Drivers/STM32F1xx_HAL_Driver/Src/stm32f1xx_hal_exti.c ****   }
 223:Drivers/STM32F1xx_HAL_Driver/Src/stm32f1xx_hal_exti.c ****   else
 224:Drivers/STM32F1xx_HAL_Driver/Src/stm32f1xx_hal_exti.c ****   {
 225:Drivers/STM32F1xx_HAL_Driver/Src/stm32f1xx_hal_exti.c ****     EXTI->EMR &= ~maskline;
 226:Drivers/STM32F1xx_HAL_Driver/Src/stm32f1xx_hal_exti.c ****   }
 227:Drivers/STM32F1xx_HAL_Driver/Src/stm32f1xx_hal_exti.c **** 
 228:Drivers/STM32F1xx_HAL_Driver/Src/stm32f1xx_hal_exti.c ****   return HAL_OK;
 135              		.loc 1 228 10 view .LVU46
 136 0068 0020     		movs	r0, #0
 137              	.L2:
 229:Drivers/STM32F1xx_HAL_Driver/Src/stm32f1xx_hal_exti.c **** }
 138              		.loc 1 229 1 view .LVU47
 139 006a 70BC     		pop	{r4, r5, r6}
 140              		.cfi_remember_state
 141              		.cfi_restore 6
 142              		.cfi_restore 5
 143              		.cfi_restore 4
 144              		.cfi_def_cfa_offset 0
 145 006c 7047     		bx	lr
 146              	.LVL6:
 147              	.L4:
 148              		.cfi_restore_state
 178:Drivers/STM32F1xx_HAL_Driver/Src/stm32f1xx_hal_exti.c ****     }
 149              		.loc 1 178 7 is_stmt 1 view .LVU48
 178:Drivers/STM32F1xx_HAL_Driver/Src/stm32f1xx_hal_exti.c ****     }
 150              		.loc 1 178 18 is_stmt 0 view .LVU49
 151 006e 184D     		ldr	r5, .L18
 152 0070 AC68     		ldr	r4, [r5, #8]
 153 0072 24EA0004 		bic	r4, r4, r0
 154 0076 AC60     		str	r4, [r5, #8]
 155 0078 D8E7     		b	.L5
 156              	.L6:
 189:Drivers/STM32F1xx_HAL_Driver/Src/stm32f1xx_hal_exti.c ****     }
 157              		.loc 1 189 7 is_stmt 1 view .LVU50
 189:Drivers/STM32F1xx_HAL_Driver/Src/stm32f1xx_hal_exti.c ****     }
 158              		.loc 1 189 18 is_stmt 0 view .LVU51
 159 007a 154D     		ldr	r5, .L18
 160 007c EC68     		ldr	r4, [r5, #12]
 161 007e 24EA0004 		bic	r4, r4, r0
 162 0082 EC60     		str	r4, [r5, #12]
 163 0084 DAE7     		b	.L7
 164              	.L17:
 196:Drivers/STM32F1xx_HAL_Driver/Src/stm32f1xx_hal_exti.c ****       assert_param(IS_EXTI_GPIO_PIN(linepos));
 165              		.loc 1 196 7 is_stmt 1 view .LVU52
ARM GAS  C:\Users\84886\AppData\Local\Temp\ccU4Suzq.s 			page 8


 197:Drivers/STM32F1xx_HAL_Driver/Src/stm32f1xx_hal_exti.c ****       
 166              		.loc 1 197 7 view .LVU53
 199:Drivers/STM32F1xx_HAL_Driver/Src/stm32f1xx_hal_exti.c ****       regval &= ~(AFIO_EXTICR1_EXTI0 << (AFIO_EXTICR1_EXTI1_Pos * (linepos & 0x03u)));
 167              		.loc 1 199 7 view .LVU54
 199:Drivers/STM32F1xx_HAL_Driver/Src/stm32f1xx_hal_exti.c ****       regval &= ~(AFIO_EXTICR1_EXTI0 << (AFIO_EXTICR1_EXTI1_Pos * (linepos & 0x03u)));
 168              		.loc 1 199 37 is_stmt 0 view .LVU55
 169 0086 9208     		lsrs	r2, r2, #2
 170              	.LVL7:
 199:Drivers/STM32F1xx_HAL_Driver/Src/stm32f1xx_hal_exti.c ****       regval &= ~(AFIO_EXTICR1_EXTI0 << (AFIO_EXTICR1_EXTI1_Pos * (linepos & 0x03u)));
 171              		.loc 1 199 14 view .LVU56
 172 0088 124E     		ldr	r6, .L18+4
 173 008a 0232     		adds	r2, r2, #2
 174 008c 56F82250 		ldr	r5, [r6, r2, lsl #2]
 175              	.LVL8:
 200:Drivers/STM32F1xx_HAL_Driver/Src/stm32f1xx_hal_exti.c ****       regval |= (pExtiConfig->GPIOSel << (AFIO_EXTICR1_EXTI1_Pos * (linepos & 0x03u)));
 176              		.loc 1 200 7 is_stmt 1 view .LVU57
 200:Drivers/STM32F1xx_HAL_Driver/Src/stm32f1xx_hal_exti.c ****       regval |= (pExtiConfig->GPIOSel << (AFIO_EXTICR1_EXTI1_Pos * (linepos & 0x03u)));
 177              		.loc 1 200 76 is_stmt 0 view .LVU58
 178 0090 03F00303 		and	r3, r3, #3
 179              	.LVL9:
 200:Drivers/STM32F1xx_HAL_Driver/Src/stm32f1xx_hal_exti.c ****       regval |= (pExtiConfig->GPIOSel << (AFIO_EXTICR1_EXTI1_Pos * (linepos & 0x03u)));
 180              		.loc 1 200 65 view .LVU59
 181 0094 9B00     		lsls	r3, r3, #2
 200:Drivers/STM32F1xx_HAL_Driver/Src/stm32f1xx_hal_exti.c ****       regval |= (pExtiConfig->GPIOSel << (AFIO_EXTICR1_EXTI1_Pos * (linepos & 0x03u)));
 182              		.loc 1 200 38 view .LVU60
 183 0096 0F24     		movs	r4, #15
 184 0098 9C40     		lsls	r4, r4, r3
 200:Drivers/STM32F1xx_HAL_Driver/Src/stm32f1xx_hal_exti.c ****       regval |= (pExtiConfig->GPIOSel << (AFIO_EXTICR1_EXTI1_Pos * (linepos & 0x03u)));
 185              		.loc 1 200 14 view .LVU61
 186 009a 25EA0405 		bic	r5, r5, r4
 187              	.LVL10:
 201:Drivers/STM32F1xx_HAL_Driver/Src/stm32f1xx_hal_exti.c ****       AFIO->EXTICR[linepos >> 2u] = regval;
 188              		.loc 1 201 7 is_stmt 1 view .LVU62
 201:Drivers/STM32F1xx_HAL_Driver/Src/stm32f1xx_hal_exti.c ****       AFIO->EXTICR[linepos >> 2u] = regval;
 189              		.loc 1 201 29 is_stmt 0 view .LVU63
 190 009e CC68     		ldr	r4, [r1, #12]
 201:Drivers/STM32F1xx_HAL_Driver/Src/stm32f1xx_hal_exti.c ****       AFIO->EXTICR[linepos >> 2u] = regval;
 191              		.loc 1 201 39 view .LVU64
 192 00a0 04FA03F3 		lsl	r3, r4, r3
 201:Drivers/STM32F1xx_HAL_Driver/Src/stm32f1xx_hal_exti.c ****       AFIO->EXTICR[linepos >> 2u] = regval;
 193              		.loc 1 201 14 view .LVU65
 194 00a4 2B43     		orrs	r3, r3, r5
 195              	.LVL11:
 202:Drivers/STM32F1xx_HAL_Driver/Src/stm32f1xx_hal_exti.c ****     }
 196              		.loc 1 202 7 is_stmt 1 view .LVU66
 202:Drivers/STM32F1xx_HAL_Driver/Src/stm32f1xx_hal_exti.c ****     }
 197              		.loc 1 202 35 is_stmt 0 view .LVU67
 198 00a6 46F82230 		str	r3, [r6, r2, lsl #2]
 199 00aa CDE7     		b	.L3
 200              	.LVL12:
 201              	.L8:
 214:Drivers/STM32F1xx_HAL_Driver/Src/stm32f1xx_hal_exti.c ****   }
 202              		.loc 1 214 5 is_stmt 1 view .LVU68
 214:Drivers/STM32F1xx_HAL_Driver/Src/stm32f1xx_hal_exti.c ****   }
 203              		.loc 1 214 15 is_stmt 0 view .LVU69
 204 00ac 084A     		ldr	r2, .L18
 205 00ae 1368     		ldr	r3, [r2]
ARM GAS  C:\Users\84886\AppData\Local\Temp\ccU4Suzq.s 			page 9


 206 00b0 23EA0003 		bic	r3, r3, r0
 207 00b4 1360     		str	r3, [r2]
 208 00b6 CFE7     		b	.L9
 209              	.L10:
 225:Drivers/STM32F1xx_HAL_Driver/Src/stm32f1xx_hal_exti.c ****   }
 210              		.loc 1 225 5 is_stmt 1 view .LVU70
 225:Drivers/STM32F1xx_HAL_Driver/Src/stm32f1xx_hal_exti.c ****   }
 211              		.loc 1 225 15 is_stmt 0 view .LVU71
 212 00b8 054A     		ldr	r2, .L18
 213 00ba 5368     		ldr	r3, [r2, #4]
 214 00bc 23EA0000 		bic	r0, r3, r0
 215              	.LVL13:
 225:Drivers/STM32F1xx_HAL_Driver/Src/stm32f1xx_hal_exti.c ****   }
 216              		.loc 1 225 15 view .LVU72
 217 00c0 5060     		str	r0, [r2, #4]
 228:Drivers/STM32F1xx_HAL_Driver/Src/stm32f1xx_hal_exti.c **** }
 218              		.loc 1 228 10 view .LVU73
 219 00c2 0020     		movs	r0, #0
 220 00c4 D1E7     		b	.L2
 221              	.LVL14:
 222              	.L11:
 223              		.cfi_def_cfa_offset 0
 224              		.cfi_restore 4
 225              		.cfi_restore 5
 226              		.cfi_restore 6
 151:Drivers/STM32F1xx_HAL_Driver/Src/stm32f1xx_hal_exti.c ****   }
 227              		.loc 1 151 12 view .LVU74
 228 00c6 0120     		movs	r0, #1
 229              	.LVL15:
 151:Drivers/STM32F1xx_HAL_Driver/Src/stm32f1xx_hal_exti.c ****   }
 230              		.loc 1 151 12 view .LVU75
 231 00c8 7047     		bx	lr
 232              	.LVL16:
 233              	.L12:
 151:Drivers/STM32F1xx_HAL_Driver/Src/stm32f1xx_hal_exti.c ****   }
 234              		.loc 1 151 12 view .LVU76
 235 00ca 0120     		movs	r0, #1
 236              	.LVL17:
 237              		.loc 1 229 1 view .LVU77
 238 00cc 7047     		bx	lr
 239              	.L19:
 240 00ce 00BF     		.align	2
 241              	.L18:
 242 00d0 00040140 		.word	1073808384
 243 00d4 00000140 		.word	1073807360
 244              		.cfi_endproc
 245              	.LFE65:
 247              		.section	.text.HAL_EXTI_GetConfigLine,"ax",%progbits
 248              		.align	1
 249              		.global	HAL_EXTI_GetConfigLine
 250              		.syntax unified
 251              		.thumb
 252              		.thumb_func
 253              		.fpu softvfp
 255              	HAL_EXTI_GetConfigLine:
 256              	.LVL18:
 257              	.LFB66:
ARM GAS  C:\Users\84886\AppData\Local\Temp\ccU4Suzq.s 			page 10


 230:Drivers/STM32F1xx_HAL_Driver/Src/stm32f1xx_hal_exti.c **** 
 231:Drivers/STM32F1xx_HAL_Driver/Src/stm32f1xx_hal_exti.c **** /**
 232:Drivers/STM32F1xx_HAL_Driver/Src/stm32f1xx_hal_exti.c ****   * @brief  Get configuration of a dedicated Exti line.
 233:Drivers/STM32F1xx_HAL_Driver/Src/stm32f1xx_hal_exti.c ****   * @param  hexti Exti handle.
 234:Drivers/STM32F1xx_HAL_Driver/Src/stm32f1xx_hal_exti.c ****   * @param  pExtiConfig Pointer on structure to store Exti configuration.
 235:Drivers/STM32F1xx_HAL_Driver/Src/stm32f1xx_hal_exti.c ****   * @retval HAL Status.
 236:Drivers/STM32F1xx_HAL_Driver/Src/stm32f1xx_hal_exti.c ****   */
 237:Drivers/STM32F1xx_HAL_Driver/Src/stm32f1xx_hal_exti.c **** HAL_StatusTypeDef HAL_EXTI_GetConfigLine(EXTI_HandleTypeDef *hexti, EXTI_ConfigTypeDef *pExtiConfig
 238:Drivers/STM32F1xx_HAL_Driver/Src/stm32f1xx_hal_exti.c **** {
 258              		.loc 1 238 1 is_stmt 1 view -0
 259              		.cfi_startproc
 260              		@ args = 0, pretend = 0, frame = 0
 261              		@ frame_needed = 0, uses_anonymous_args = 0
 262              		@ link register save eliminated.
 239:Drivers/STM32F1xx_HAL_Driver/Src/stm32f1xx_hal_exti.c ****   uint32_t regval;
 263              		.loc 1 239 3 view .LVU79
 240:Drivers/STM32F1xx_HAL_Driver/Src/stm32f1xx_hal_exti.c ****   uint32_t linepos;
 264              		.loc 1 240 3 view .LVU80
 241:Drivers/STM32F1xx_HAL_Driver/Src/stm32f1xx_hal_exti.c ****   uint32_t maskline;
 265              		.loc 1 241 3 view .LVU81
 242:Drivers/STM32F1xx_HAL_Driver/Src/stm32f1xx_hal_exti.c **** 
 243:Drivers/STM32F1xx_HAL_Driver/Src/stm32f1xx_hal_exti.c ****   /* Check null pointer */
 244:Drivers/STM32F1xx_HAL_Driver/Src/stm32f1xx_hal_exti.c ****   if ((hexti == NULL) || (pExtiConfig == NULL))
 266              		.loc 1 244 3 view .LVU82
 267              		.loc 1 244 6 is_stmt 0 view .LVU83
 268 0000 0028     		cmp	r0, #0
 269 0002 46D0     		beq	.L27
 270              		.loc 1 244 23 discriminator 1 view .LVU84
 271 0004 0029     		cmp	r1, #0
 272 0006 46D0     		beq	.L28
 238:Drivers/STM32F1xx_HAL_Driver/Src/stm32f1xx_hal_exti.c ****   uint32_t regval;
 273              		.loc 1 238 1 view .LVU85
 274 0008 30B4     		push	{r4, r5}
 275              		.cfi_def_cfa_offset 8
 276              		.cfi_offset 4, -8
 277              		.cfi_offset 5, -4
 245:Drivers/STM32F1xx_HAL_Driver/Src/stm32f1xx_hal_exti.c ****   {
 246:Drivers/STM32F1xx_HAL_Driver/Src/stm32f1xx_hal_exti.c ****     return HAL_ERROR;
 247:Drivers/STM32F1xx_HAL_Driver/Src/stm32f1xx_hal_exti.c ****   }
 248:Drivers/STM32F1xx_HAL_Driver/Src/stm32f1xx_hal_exti.c **** 
 249:Drivers/STM32F1xx_HAL_Driver/Src/stm32f1xx_hal_exti.c ****   /* Check the parameter */
 250:Drivers/STM32F1xx_HAL_Driver/Src/stm32f1xx_hal_exti.c ****   assert_param(IS_EXTI_LINE(hexti->Line));
 278              		.loc 1 250 3 is_stmt 1 view .LVU86
 251:Drivers/STM32F1xx_HAL_Driver/Src/stm32f1xx_hal_exti.c **** 
 252:Drivers/STM32F1xx_HAL_Driver/Src/stm32f1xx_hal_exti.c ****   /* Store handle line number to configuration structure */
 253:Drivers/STM32F1xx_HAL_Driver/Src/stm32f1xx_hal_exti.c ****   pExtiConfig->Line = hexti->Line;
 279              		.loc 1 253 3 view .LVU87
 280              		.loc 1 253 28 is_stmt 0 view .LVU88
 281 000a 0468     		ldr	r4, [r0]
 282              		.loc 1 253 21 view .LVU89
 283 000c 0C60     		str	r4, [r1]
 254:Drivers/STM32F1xx_HAL_Driver/Src/stm32f1xx_hal_exti.c **** 
 255:Drivers/STM32F1xx_HAL_Driver/Src/stm32f1xx_hal_exti.c ****   /* Compute line mask */
 256:Drivers/STM32F1xx_HAL_Driver/Src/stm32f1xx_hal_exti.c ****   linepos = (pExtiConfig->Line & EXTI_PIN_MASK);
 284              		.loc 1 256 3 is_stmt 1 view .LVU90
 285              		.loc 1 256 11 is_stmt 0 view .LVU91
 286 000e 04F01F05 		and	r5, r4, #31
ARM GAS  C:\Users\84886\AppData\Local\Temp\ccU4Suzq.s 			page 11


 287              	.LVL19:
 257:Drivers/STM32F1xx_HAL_Driver/Src/stm32f1xx_hal_exti.c ****   maskline = (1uL << linepos);
 288              		.loc 1 257 3 is_stmt 1 view .LVU92
 289              		.loc 1 257 12 is_stmt 0 view .LVU93
 290 0012 0123     		movs	r3, #1
 291 0014 AB40     		lsls	r3, r3, r5
 292              	.LVL20:
 258:Drivers/STM32F1xx_HAL_Driver/Src/stm32f1xx_hal_exti.c **** 
 259:Drivers/STM32F1xx_HAL_Driver/Src/stm32f1xx_hal_exti.c ****   /* 1] Get core mode : interrupt */
 260:Drivers/STM32F1xx_HAL_Driver/Src/stm32f1xx_hal_exti.c **** 
 261:Drivers/STM32F1xx_HAL_Driver/Src/stm32f1xx_hal_exti.c ****   /* Check if selected line is enable */
 262:Drivers/STM32F1xx_HAL_Driver/Src/stm32f1xx_hal_exti.c ****   if ((EXTI->IMR & maskline) != 0x00u)
 293              		.loc 1 262 3 is_stmt 1 view .LVU94
 294              		.loc 1 262 12 is_stmt 0 view .LVU95
 295 0016 2248     		ldr	r0, .L36
 296              	.LVL21:
 297              		.loc 1 262 12 view .LVU96
 298 0018 0068     		ldr	r0, [r0]
 299              		.loc 1 262 6 view .LVU97
 300 001a 1842     		tst	r0, r3
 301 001c 27D0     		beq	.L22
 263:Drivers/STM32F1xx_HAL_Driver/Src/stm32f1xx_hal_exti.c ****   {
 264:Drivers/STM32F1xx_HAL_Driver/Src/stm32f1xx_hal_exti.c ****     pExtiConfig->Mode = EXTI_MODE_INTERRUPT;
 302              		.loc 1 264 5 is_stmt 1 view .LVU98
 303              		.loc 1 264 23 is_stmt 0 view .LVU99
 304 001e 0122     		movs	r2, #1
 305 0020 4A60     		str	r2, [r1, #4]
 306              	.L23:
 265:Drivers/STM32F1xx_HAL_Driver/Src/stm32f1xx_hal_exti.c ****   }
 266:Drivers/STM32F1xx_HAL_Driver/Src/stm32f1xx_hal_exti.c ****   else
 267:Drivers/STM32F1xx_HAL_Driver/Src/stm32f1xx_hal_exti.c ****   {
 268:Drivers/STM32F1xx_HAL_Driver/Src/stm32f1xx_hal_exti.c ****     pExtiConfig->Mode = EXTI_MODE_NONE;
 269:Drivers/STM32F1xx_HAL_Driver/Src/stm32f1xx_hal_exti.c ****   }
 270:Drivers/STM32F1xx_HAL_Driver/Src/stm32f1xx_hal_exti.c **** 
 271:Drivers/STM32F1xx_HAL_Driver/Src/stm32f1xx_hal_exti.c ****   /* Get event mode */
 272:Drivers/STM32F1xx_HAL_Driver/Src/stm32f1xx_hal_exti.c ****   /* Check if selected line is enable */
 273:Drivers/STM32F1xx_HAL_Driver/Src/stm32f1xx_hal_exti.c ****   if ((EXTI->EMR & maskline) != 0x00u)
 307              		.loc 1 273 3 is_stmt 1 view .LVU100
 308              		.loc 1 273 12 is_stmt 0 view .LVU101
 309 0022 1F48     		ldr	r0, .L36
 310 0024 4068     		ldr	r0, [r0, #4]
 311              		.loc 1 273 6 view .LVU102
 312 0026 1842     		tst	r0, r3
 313 0028 03D0     		beq	.L24
 274:Drivers/STM32F1xx_HAL_Driver/Src/stm32f1xx_hal_exti.c ****   {
 275:Drivers/STM32F1xx_HAL_Driver/Src/stm32f1xx_hal_exti.c ****     pExtiConfig->Mode |= EXTI_MODE_EVENT;
 314              		.loc 1 275 5 is_stmt 1 view .LVU103
 315              		.loc 1 275 23 is_stmt 0 view .LVU104
 316 002a 4868     		ldr	r0, [r1, #4]
 317 002c 40F00200 		orr	r0, r0, #2
 318 0030 4860     		str	r0, [r1, #4]
 319              	.L24:
 276:Drivers/STM32F1xx_HAL_Driver/Src/stm32f1xx_hal_exti.c ****   }
 277:Drivers/STM32F1xx_HAL_Driver/Src/stm32f1xx_hal_exti.c **** 
 278:Drivers/STM32F1xx_HAL_Driver/Src/stm32f1xx_hal_exti.c ****   /* Get default Trigger and GPIOSel configuration */
 279:Drivers/STM32F1xx_HAL_Driver/Src/stm32f1xx_hal_exti.c ****   pExtiConfig->Trigger = EXTI_TRIGGER_NONE;
 320              		.loc 1 279 3 is_stmt 1 view .LVU105
ARM GAS  C:\Users\84886\AppData\Local\Temp\ccU4Suzq.s 			page 12


 321              		.loc 1 279 24 is_stmt 0 view .LVU106
 322 0032 0022     		movs	r2, #0
 323 0034 8A60     		str	r2, [r1, #8]
 280:Drivers/STM32F1xx_HAL_Driver/Src/stm32f1xx_hal_exti.c ****   pExtiConfig->GPIOSel = 0x00u;
 324              		.loc 1 280 3 is_stmt 1 view .LVU107
 325              		.loc 1 280 24 is_stmt 0 view .LVU108
 326 0036 CA60     		str	r2, [r1, #12]
 281:Drivers/STM32F1xx_HAL_Driver/Src/stm32f1xx_hal_exti.c **** 
 282:Drivers/STM32F1xx_HAL_Driver/Src/stm32f1xx_hal_exti.c ****   /* 2] Get trigger for configurable lines : rising */
 283:Drivers/STM32F1xx_HAL_Driver/Src/stm32f1xx_hal_exti.c ****   if ((pExtiConfig->Line & EXTI_CONFIG) != 0x00u)
 327              		.loc 1 283 3 is_stmt 1 view .LVU109
 328              		.loc 1 283 6 is_stmt 0 view .LVU110
 329 0038 14F0007F 		tst	r4, #33554432
 330 003c 2DD0     		beq	.L29
 284:Drivers/STM32F1xx_HAL_Driver/Src/stm32f1xx_hal_exti.c ****   {
 285:Drivers/STM32F1xx_HAL_Driver/Src/stm32f1xx_hal_exti.c ****     /* Check if configuration of selected line is enable */
 286:Drivers/STM32F1xx_HAL_Driver/Src/stm32f1xx_hal_exti.c ****     if ((EXTI->RTSR & maskline) != 0x00u)
 331              		.loc 1 286 5 is_stmt 1 view .LVU111
 332              		.loc 1 286 14 is_stmt 0 view .LVU112
 333 003e 02F18042 		add	r2, r2, #1073741824
 334 0042 02F58232 		add	r2, r2, #66560
 335 0046 9268     		ldr	r2, [r2, #8]
 336              		.loc 1 286 8 view .LVU113
 337 0048 1A42     		tst	r2, r3
 338 004a 01D0     		beq	.L25
 287:Drivers/STM32F1xx_HAL_Driver/Src/stm32f1xx_hal_exti.c ****     {
 288:Drivers/STM32F1xx_HAL_Driver/Src/stm32f1xx_hal_exti.c ****       pExtiConfig->Trigger = EXTI_TRIGGER_RISING;
 339              		.loc 1 288 7 is_stmt 1 view .LVU114
 340              		.loc 1 288 28 is_stmt 0 view .LVU115
 341 004c 0122     		movs	r2, #1
 342 004e 8A60     		str	r2, [r1, #8]
 343              	.L25:
 289:Drivers/STM32F1xx_HAL_Driver/Src/stm32f1xx_hal_exti.c ****     }
 290:Drivers/STM32F1xx_HAL_Driver/Src/stm32f1xx_hal_exti.c **** 
 291:Drivers/STM32F1xx_HAL_Driver/Src/stm32f1xx_hal_exti.c ****     /* Get falling configuration */
 292:Drivers/STM32F1xx_HAL_Driver/Src/stm32f1xx_hal_exti.c ****     /* Check if configuration of selected line is enable */
 293:Drivers/STM32F1xx_HAL_Driver/Src/stm32f1xx_hal_exti.c ****     if ((EXTI->FTSR & maskline) != 0x00u)
 344              		.loc 1 293 5 is_stmt 1 view .LVU116
 345              		.loc 1 293 14 is_stmt 0 view .LVU117
 346 0050 134A     		ldr	r2, .L36
 347 0052 D268     		ldr	r2, [r2, #12]
 348              		.loc 1 293 8 view .LVU118
 349 0054 1A42     		tst	r2, r3
 350 0056 03D0     		beq	.L26
 294:Drivers/STM32F1xx_HAL_Driver/Src/stm32f1xx_hal_exti.c ****     {
 295:Drivers/STM32F1xx_HAL_Driver/Src/stm32f1xx_hal_exti.c ****       pExtiConfig->Trigger |= EXTI_TRIGGER_FALLING;
 351              		.loc 1 295 7 is_stmt 1 view .LVU119
 352              		.loc 1 295 28 is_stmt 0 view .LVU120
 353 0058 8B68     		ldr	r3, [r1, #8]
 354              	.LVL22:
 355              		.loc 1 295 28 view .LVU121
 356 005a 43F00203 		orr	r3, r3, #2
 357 005e 8B60     		str	r3, [r1, #8]
 358              	.L26:
 296:Drivers/STM32F1xx_HAL_Driver/Src/stm32f1xx_hal_exti.c ****     }
 297:Drivers/STM32F1xx_HAL_Driver/Src/stm32f1xx_hal_exti.c **** 
 298:Drivers/STM32F1xx_HAL_Driver/Src/stm32f1xx_hal_exti.c ****     /* Get Gpio port selection for gpio lines */
ARM GAS  C:\Users\84886\AppData\Local\Temp\ccU4Suzq.s 			page 13


 299:Drivers/STM32F1xx_HAL_Driver/Src/stm32f1xx_hal_exti.c ****     if ((pExtiConfig->Line & EXTI_GPIO) == EXTI_GPIO)
 359              		.loc 1 299 5 is_stmt 1 view .LVU122
 360              		.loc 1 299 28 is_stmt 0 view .LVU123
 361 0060 04F0C063 		and	r3, r4, #100663296
 362              		.loc 1 299 8 view .LVU124
 363 0064 B3F1C06F 		cmp	r3, #100663296
 364 0068 04D0     		beq	.L35
 300:Drivers/STM32F1xx_HAL_Driver/Src/stm32f1xx_hal_exti.c ****     {
 301:Drivers/STM32F1xx_HAL_Driver/Src/stm32f1xx_hal_exti.c ****       assert_param(IS_EXTI_GPIO_PIN(linepos));
 302:Drivers/STM32F1xx_HAL_Driver/Src/stm32f1xx_hal_exti.c **** 
 303:Drivers/STM32F1xx_HAL_Driver/Src/stm32f1xx_hal_exti.c ****       regval = AFIO->EXTICR[linepos >> 2u];
 304:Drivers/STM32F1xx_HAL_Driver/Src/stm32f1xx_hal_exti.c ****       pExtiConfig->GPIOSel = (regval >> (AFIO_EXTICR1_EXTI1_Pos * (linepos & 0x03u))) & AFIO_EXTICR
 305:Drivers/STM32F1xx_HAL_Driver/Src/stm32f1xx_hal_exti.c ****     }
 306:Drivers/STM32F1xx_HAL_Driver/Src/stm32f1xx_hal_exti.c ****   }
 307:Drivers/STM32F1xx_HAL_Driver/Src/stm32f1xx_hal_exti.c **** 
 308:Drivers/STM32F1xx_HAL_Driver/Src/stm32f1xx_hal_exti.c ****   return HAL_OK;
 365              		.loc 1 308 10 view .LVU125
 366 006a 0020     		movs	r0, #0
 367 006c 16E0     		b	.L21
 368              	.LVL23:
 369              	.L22:
 268:Drivers/STM32F1xx_HAL_Driver/Src/stm32f1xx_hal_exti.c ****   }
 370              		.loc 1 268 5 is_stmt 1 view .LVU126
 268:Drivers/STM32F1xx_HAL_Driver/Src/stm32f1xx_hal_exti.c ****   }
 371              		.loc 1 268 23 is_stmt 0 view .LVU127
 372 006e 0022     		movs	r2, #0
 373 0070 4A60     		str	r2, [r1, #4]
 374 0072 D6E7     		b	.L23
 375              	.LVL24:
 376              	.L35:
 301:Drivers/STM32F1xx_HAL_Driver/Src/stm32f1xx_hal_exti.c **** 
 377              		.loc 1 301 7 is_stmt 1 view .LVU128
 303:Drivers/STM32F1xx_HAL_Driver/Src/stm32f1xx_hal_exti.c ****       pExtiConfig->GPIOSel = (regval >> (AFIO_EXTICR1_EXTI1_Pos * (linepos & 0x03u))) & AFIO_EXTICR
 378              		.loc 1 303 7 view .LVU129
 303:Drivers/STM32F1xx_HAL_Driver/Src/stm32f1xx_hal_exti.c ****       pExtiConfig->GPIOSel = (regval >> (AFIO_EXTICR1_EXTI1_Pos * (linepos & 0x03u))) & AFIO_EXTICR
 379              		.loc 1 303 37 is_stmt 0 view .LVU130
 380 0074 AA08     		lsrs	r2, r5, #2
 303:Drivers/STM32F1xx_HAL_Driver/Src/stm32f1xx_hal_exti.c ****       pExtiConfig->GPIOSel = (regval >> (AFIO_EXTICR1_EXTI1_Pos * (linepos & 0x03u))) & AFIO_EXTICR
 381              		.loc 1 303 14 view .LVU131
 382 0076 0232     		adds	r2, r2, #2
 383 0078 0A4B     		ldr	r3, .L36+4
 384 007a 53F82220 		ldr	r2, [r3, r2, lsl #2]
 385              	.LVL25:
 304:Drivers/STM32F1xx_HAL_Driver/Src/stm32f1xx_hal_exti.c ****     }
 386              		.loc 1 304 7 is_stmt 1 view .LVU132
 304:Drivers/STM32F1xx_HAL_Driver/Src/stm32f1xx_hal_exti.c ****     }
 387              		.loc 1 304 76 is_stmt 0 view .LVU133
 388 007e 04F00303 		and	r3, r4, #3
 304:Drivers/STM32F1xx_HAL_Driver/Src/stm32f1xx_hal_exti.c ****     }
 389              		.loc 1 304 65 view .LVU134
 390 0082 9B00     		lsls	r3, r3, #2
 304:Drivers/STM32F1xx_HAL_Driver/Src/stm32f1xx_hal_exti.c ****     }
 391              		.loc 1 304 38 view .LVU135
 392 0084 22FA03F3 		lsr	r3, r2, r3
 304:Drivers/STM32F1xx_HAL_Driver/Src/stm32f1xx_hal_exti.c ****     }
 393              		.loc 1 304 87 view .LVU136
 394 0088 03F00F03 		and	r3, r3, #15
ARM GAS  C:\Users\84886\AppData\Local\Temp\ccU4Suzq.s 			page 14


 304:Drivers/STM32F1xx_HAL_Driver/Src/stm32f1xx_hal_exti.c ****     }
 395              		.loc 1 304 28 view .LVU137
 396 008c CB60     		str	r3, [r1, #12]
 397              		.loc 1 308 10 view .LVU138
 398 008e 0020     		movs	r0, #0
 399 0090 04E0     		b	.L21
 400              	.LVL26:
 401              	.L27:
 402              		.cfi_def_cfa_offset 0
 403              		.cfi_restore 4
 404              		.cfi_restore 5
 246:Drivers/STM32F1xx_HAL_Driver/Src/stm32f1xx_hal_exti.c ****   }
 405              		.loc 1 246 12 view .LVU139
 406 0092 0120     		movs	r0, #1
 407              	.LVL27:
 246:Drivers/STM32F1xx_HAL_Driver/Src/stm32f1xx_hal_exti.c ****   }
 408              		.loc 1 246 12 view .LVU140
 409 0094 7047     		bx	lr
 410              	.LVL28:
 411              	.L28:
 246:Drivers/STM32F1xx_HAL_Driver/Src/stm32f1xx_hal_exti.c ****   }
 412              		.loc 1 246 12 view .LVU141
 413 0096 0120     		movs	r0, #1
 414              	.LVL29:
 309:Drivers/STM32F1xx_HAL_Driver/Src/stm32f1xx_hal_exti.c **** }
 415              		.loc 1 309 1 view .LVU142
 416 0098 7047     		bx	lr
 417              	.LVL30:
 418              	.L29:
 419              		.cfi_def_cfa_offset 8
 420              		.cfi_offset 4, -8
 421              		.cfi_offset 5, -4
 308:Drivers/STM32F1xx_HAL_Driver/Src/stm32f1xx_hal_exti.c **** }
 422              		.loc 1 308 10 view .LVU143
 423 009a 0020     		movs	r0, #0
 424              	.LVL31:
 425              	.L21:
 426              		.loc 1 309 1 view .LVU144
 427 009c 30BC     		pop	{r4, r5}
 428              		.cfi_restore 5
 429              		.cfi_restore 4
 430              		.cfi_def_cfa_offset 0
 431              	.LVL32:
 432              		.loc 1 309 1 view .LVU145
 433 009e 7047     		bx	lr
 434              	.L37:
 435              		.align	2
 436              	.L36:
 437 00a0 00040140 		.word	1073808384
 438 00a4 00000140 		.word	1073807360
 439              		.cfi_endproc
 440              	.LFE66:
 442              		.section	.text.HAL_EXTI_ClearConfigLine,"ax",%progbits
 443              		.align	1
 444              		.global	HAL_EXTI_ClearConfigLine
 445              		.syntax unified
 446              		.thumb
ARM GAS  C:\Users\84886\AppData\Local\Temp\ccU4Suzq.s 			page 15


 447              		.thumb_func
 448              		.fpu softvfp
 450              	HAL_EXTI_ClearConfigLine:
 451              	.LVL33:
 452              	.LFB67:
 310:Drivers/STM32F1xx_HAL_Driver/Src/stm32f1xx_hal_exti.c **** 
 311:Drivers/STM32F1xx_HAL_Driver/Src/stm32f1xx_hal_exti.c **** /**
 312:Drivers/STM32F1xx_HAL_Driver/Src/stm32f1xx_hal_exti.c ****   * @brief  Clear whole configuration of a dedicated Exti line.
 313:Drivers/STM32F1xx_HAL_Driver/Src/stm32f1xx_hal_exti.c ****   * @param  hexti Exti handle.
 314:Drivers/STM32F1xx_HAL_Driver/Src/stm32f1xx_hal_exti.c ****   * @retval HAL Status.
 315:Drivers/STM32F1xx_HAL_Driver/Src/stm32f1xx_hal_exti.c ****   */
 316:Drivers/STM32F1xx_HAL_Driver/Src/stm32f1xx_hal_exti.c **** HAL_StatusTypeDef HAL_EXTI_ClearConfigLine(EXTI_HandleTypeDef *hexti)
 317:Drivers/STM32F1xx_HAL_Driver/Src/stm32f1xx_hal_exti.c **** {
 453              		.loc 1 317 1 is_stmt 1 view -0
 454              		.cfi_startproc
 455              		@ args = 0, pretend = 0, frame = 0
 456              		@ frame_needed = 0, uses_anonymous_args = 0
 457              		@ link register save eliminated.
 318:Drivers/STM32F1xx_HAL_Driver/Src/stm32f1xx_hal_exti.c ****   uint32_t regval;
 458              		.loc 1 318 3 view .LVU147
 319:Drivers/STM32F1xx_HAL_Driver/Src/stm32f1xx_hal_exti.c ****   uint32_t linepos;
 459              		.loc 1 319 3 view .LVU148
 320:Drivers/STM32F1xx_HAL_Driver/Src/stm32f1xx_hal_exti.c ****   uint32_t maskline;
 460              		.loc 1 320 3 view .LVU149
 321:Drivers/STM32F1xx_HAL_Driver/Src/stm32f1xx_hal_exti.c **** 
 322:Drivers/STM32F1xx_HAL_Driver/Src/stm32f1xx_hal_exti.c ****   /* Check null pointer */
 323:Drivers/STM32F1xx_HAL_Driver/Src/stm32f1xx_hal_exti.c ****   if (hexti == NULL)
 461              		.loc 1 323 3 view .LVU150
 462              		.loc 1 323 6 is_stmt 0 view .LVU151
 463 0000 0028     		cmp	r0, #0
 464 0002 34D0     		beq	.L40
 317:Drivers/STM32F1xx_HAL_Driver/Src/stm32f1xx_hal_exti.c ****   uint32_t regval;
 465              		.loc 1 317 1 view .LVU152
 466 0004 70B4     		push	{r4, r5, r6}
 467              		.cfi_def_cfa_offset 12
 468              		.cfi_offset 4, -12
 469              		.cfi_offset 5, -8
 470              		.cfi_offset 6, -4
 471 0006 0446     		mov	r4, r0
 324:Drivers/STM32F1xx_HAL_Driver/Src/stm32f1xx_hal_exti.c ****   {
 325:Drivers/STM32F1xx_HAL_Driver/Src/stm32f1xx_hal_exti.c ****     return HAL_ERROR;
 326:Drivers/STM32F1xx_HAL_Driver/Src/stm32f1xx_hal_exti.c ****   }
 327:Drivers/STM32F1xx_HAL_Driver/Src/stm32f1xx_hal_exti.c **** 
 328:Drivers/STM32F1xx_HAL_Driver/Src/stm32f1xx_hal_exti.c ****   /* Check the parameter */
 329:Drivers/STM32F1xx_HAL_Driver/Src/stm32f1xx_hal_exti.c ****   assert_param(IS_EXTI_LINE(hexti->Line));
 472              		.loc 1 329 3 is_stmt 1 view .LVU153
 330:Drivers/STM32F1xx_HAL_Driver/Src/stm32f1xx_hal_exti.c **** 
 331:Drivers/STM32F1xx_HAL_Driver/Src/stm32f1xx_hal_exti.c ****   /* compute line mask */
 332:Drivers/STM32F1xx_HAL_Driver/Src/stm32f1xx_hal_exti.c ****   linepos = (hexti->Line & EXTI_PIN_MASK);
 473              		.loc 1 332 3 view .LVU154
 474              		.loc 1 332 19 is_stmt 0 view .LVU155
 475 0008 0668     		ldr	r6, [r0]
 476              		.loc 1 332 11 view .LVU156
 477 000a 06F01F00 		and	r0, r6, #31
 478              	.LVL34:
 333:Drivers/STM32F1xx_HAL_Driver/Src/stm32f1xx_hal_exti.c ****   maskline = (1uL << linepos);
 479              		.loc 1 333 3 is_stmt 1 view .LVU157
ARM GAS  C:\Users\84886\AppData\Local\Temp\ccU4Suzq.s 			page 16


 480              		.loc 1 333 12 is_stmt 0 view .LVU158
 481 000e 0123     		movs	r3, #1
 482 0010 8340     		lsls	r3, r3, r0
 483              	.LVL35:
 334:Drivers/STM32F1xx_HAL_Driver/Src/stm32f1xx_hal_exti.c **** 
 335:Drivers/STM32F1xx_HAL_Driver/Src/stm32f1xx_hal_exti.c ****   /* 1] Clear interrupt mode */
 336:Drivers/STM32F1xx_HAL_Driver/Src/stm32f1xx_hal_exti.c ****   EXTI->IMR = (EXTI->IMR & ~maskline);
 484              		.loc 1 336 3 is_stmt 1 view .LVU159
 485              		.loc 1 336 20 is_stmt 0 view .LVU160
 486 0012 194A     		ldr	r2, .L48
 487 0014 1168     		ldr	r1, [r2]
 488              		.loc 1 336 28 view .LVU161
 489 0016 DD43     		mvns	r5, r3
 490              		.loc 1 336 26 view .LVU162
 491 0018 21EA0301 		bic	r1, r1, r3
 492              		.loc 1 336 13 view .LVU163
 493 001c 1160     		str	r1, [r2]
 337:Drivers/STM32F1xx_HAL_Driver/Src/stm32f1xx_hal_exti.c **** 
 338:Drivers/STM32F1xx_HAL_Driver/Src/stm32f1xx_hal_exti.c ****   /* 2] Clear event mode */
 339:Drivers/STM32F1xx_HAL_Driver/Src/stm32f1xx_hal_exti.c ****   EXTI->EMR = (EXTI->EMR & ~maskline);
 494              		.loc 1 339 3 is_stmt 1 view .LVU164
 495              		.loc 1 339 20 is_stmt 0 view .LVU165
 496 001e 5168     		ldr	r1, [r2, #4]
 497              		.loc 1 339 26 view .LVU166
 498 0020 21EA0303 		bic	r3, r1, r3
 499              	.LVL36:
 500              		.loc 1 339 13 view .LVU167
 501 0024 5360     		str	r3, [r2, #4]
 340:Drivers/STM32F1xx_HAL_Driver/Src/stm32f1xx_hal_exti.c **** 
 341:Drivers/STM32F1xx_HAL_Driver/Src/stm32f1xx_hal_exti.c ****   /* 3] Clear triggers in case of configurable lines */
 342:Drivers/STM32F1xx_HAL_Driver/Src/stm32f1xx_hal_exti.c ****   if ((hexti->Line & EXTI_CONFIG) != 0x00u)
 502              		.loc 1 342 3 is_stmt 1 view .LVU168
 503              		.loc 1 342 13 is_stmt 0 view .LVU169
 504 0026 2368     		ldr	r3, [r4]
 505              		.loc 1 342 6 view .LVU170
 506 0028 13F0007F 		tst	r3, #33554432
 507 002c 21D0     		beq	.L41
 343:Drivers/STM32F1xx_HAL_Driver/Src/stm32f1xx_hal_exti.c ****   {
 344:Drivers/STM32F1xx_HAL_Driver/Src/stm32f1xx_hal_exti.c ****     EXTI->RTSR = (EXTI->RTSR & ~maskline);
 508              		.loc 1 344 5 is_stmt 1 view .LVU171
 509              		.loc 1 344 23 is_stmt 0 view .LVU172
 510 002e 1346     		mov	r3, r2
 511 0030 9268     		ldr	r2, [r2, #8]
 512              		.loc 1 344 30 view .LVU173
 513 0032 2A40     		ands	r2, r2, r5
 514              		.loc 1 344 16 view .LVU174
 515 0034 9A60     		str	r2, [r3, #8]
 345:Drivers/STM32F1xx_HAL_Driver/Src/stm32f1xx_hal_exti.c ****     EXTI->FTSR = (EXTI->FTSR & ~maskline);
 516              		.loc 1 345 5 is_stmt 1 view .LVU175
 517              		.loc 1 345 23 is_stmt 0 view .LVU176
 518 0036 DA68     		ldr	r2, [r3, #12]
 519              		.loc 1 345 30 view .LVU177
 520 0038 1540     		ands	r5, r5, r2
 521              	.LVL37:
 522              		.loc 1 345 16 view .LVU178
 523 003a DD60     		str	r5, [r3, #12]
 346:Drivers/STM32F1xx_HAL_Driver/Src/stm32f1xx_hal_exti.c **** 
ARM GAS  C:\Users\84886\AppData\Local\Temp\ccU4Suzq.s 			page 17


 347:Drivers/STM32F1xx_HAL_Driver/Src/stm32f1xx_hal_exti.c ****     /* Get Gpio port selection for gpio lines */
 348:Drivers/STM32F1xx_HAL_Driver/Src/stm32f1xx_hal_exti.c ****     if ((hexti->Line & EXTI_GPIO) == EXTI_GPIO)
 524              		.loc 1 348 5 is_stmt 1 view .LVU179
 525              		.loc 1 348 15 is_stmt 0 view .LVU180
 526 003c 2368     		ldr	r3, [r4]
 527              		.loc 1 348 22 view .LVU181
 528 003e 03F0C063 		and	r3, r3, #100663296
 529              		.loc 1 348 8 view .LVU182
 530 0042 B3F1C06F 		cmp	r3, #100663296
 531 0046 01D0     		beq	.L47
 349:Drivers/STM32F1xx_HAL_Driver/Src/stm32f1xx_hal_exti.c ****     {
 350:Drivers/STM32F1xx_HAL_Driver/Src/stm32f1xx_hal_exti.c ****       assert_param(IS_EXTI_GPIO_PIN(linepos));
 351:Drivers/STM32F1xx_HAL_Driver/Src/stm32f1xx_hal_exti.c **** 
 352:Drivers/STM32F1xx_HAL_Driver/Src/stm32f1xx_hal_exti.c ****       regval = AFIO->EXTICR[linepos >> 2u];
 353:Drivers/STM32F1xx_HAL_Driver/Src/stm32f1xx_hal_exti.c ****       regval &= ~(AFIO_EXTICR1_EXTI0 << (AFIO_EXTICR1_EXTI1_Pos * (linepos & 0x03u)));
 354:Drivers/STM32F1xx_HAL_Driver/Src/stm32f1xx_hal_exti.c ****       AFIO->EXTICR[linepos >> 2u] = regval;
 355:Drivers/STM32F1xx_HAL_Driver/Src/stm32f1xx_hal_exti.c ****     }
 356:Drivers/STM32F1xx_HAL_Driver/Src/stm32f1xx_hal_exti.c ****   }
 357:Drivers/STM32F1xx_HAL_Driver/Src/stm32f1xx_hal_exti.c **** 
 358:Drivers/STM32F1xx_HAL_Driver/Src/stm32f1xx_hal_exti.c ****   return HAL_OK;
 532              		.loc 1 358 10 view .LVU183
 533 0048 0020     		movs	r0, #0
 534              	.LVL38:
 535              		.loc 1 358 10 view .LVU184
 536 004a 13E0     		b	.L39
 537              	.LVL39:
 538              	.L47:
 350:Drivers/STM32F1xx_HAL_Driver/Src/stm32f1xx_hal_exti.c **** 
 539              		.loc 1 350 7 is_stmt 1 view .LVU185
 352:Drivers/STM32F1xx_HAL_Driver/Src/stm32f1xx_hal_exti.c ****       regval &= ~(AFIO_EXTICR1_EXTI0 << (AFIO_EXTICR1_EXTI1_Pos * (linepos & 0x03u)));
 540              		.loc 1 352 7 view .LVU186
 352:Drivers/STM32F1xx_HAL_Driver/Src/stm32f1xx_hal_exti.c ****       regval &= ~(AFIO_EXTICR1_EXTI0 << (AFIO_EXTICR1_EXTI1_Pos * (linepos & 0x03u)));
 541              		.loc 1 352 37 is_stmt 0 view .LVU187
 542 004c 8008     		lsrs	r0, r0, #2
 543              	.LVL40:
 352:Drivers/STM32F1xx_HAL_Driver/Src/stm32f1xx_hal_exti.c ****       regval &= ~(AFIO_EXTICR1_EXTI0 << (AFIO_EXTICR1_EXTI1_Pos * (linepos & 0x03u)));
 544              		.loc 1 352 14 view .LVU188
 545 004e 0B49     		ldr	r1, .L48+4
 546 0050 0230     		adds	r0, r0, #2
 547 0052 51F82030 		ldr	r3, [r1, r0, lsl #2]
 548              	.LVL41:
 353:Drivers/STM32F1xx_HAL_Driver/Src/stm32f1xx_hal_exti.c ****       AFIO->EXTICR[linepos >> 2u] = regval;
 549              		.loc 1 353 7 is_stmt 1 view .LVU189
 353:Drivers/STM32F1xx_HAL_Driver/Src/stm32f1xx_hal_exti.c ****       AFIO->EXTICR[linepos >> 2u] = regval;
 550              		.loc 1 353 76 is_stmt 0 view .LVU190
 551 0056 06F00306 		and	r6, r6, #3
 552              	.LVL42:
 353:Drivers/STM32F1xx_HAL_Driver/Src/stm32f1xx_hal_exti.c ****       AFIO->EXTICR[linepos >> 2u] = regval;
 553              		.loc 1 353 65 view .LVU191
 554 005a B600     		lsls	r6, r6, #2
 353:Drivers/STM32F1xx_HAL_Driver/Src/stm32f1xx_hal_exti.c ****       AFIO->EXTICR[linepos >> 2u] = regval;
 555              		.loc 1 353 38 view .LVU192
 556 005c 0F22     		movs	r2, #15
 557 005e 02FA06F6 		lsl	r6, r2, r6
 353:Drivers/STM32F1xx_HAL_Driver/Src/stm32f1xx_hal_exti.c ****       AFIO->EXTICR[linepos >> 2u] = regval;
 558              		.loc 1 353 14 view .LVU193
 559 0062 23EA0606 		bic	r6, r3, r6
ARM GAS  C:\Users\84886\AppData\Local\Temp\ccU4Suzq.s 			page 18


 560              	.LVL43:
 354:Drivers/STM32F1xx_HAL_Driver/Src/stm32f1xx_hal_exti.c ****     }
 561              		.loc 1 354 7 is_stmt 1 view .LVU194
 354:Drivers/STM32F1xx_HAL_Driver/Src/stm32f1xx_hal_exti.c ****     }
 562              		.loc 1 354 35 is_stmt 0 view .LVU195
 563 0066 41F82060 		str	r6, [r1, r0, lsl #2]
 564              		.loc 1 358 10 view .LVU196
 565 006a 0020     		movs	r0, #0
 566 006c 02E0     		b	.L39
 567              	.LVL44:
 568              	.L40:
 569              		.cfi_def_cfa_offset 0
 570              		.cfi_restore 4
 571              		.cfi_restore 5
 572              		.cfi_restore 6
 325:Drivers/STM32F1xx_HAL_Driver/Src/stm32f1xx_hal_exti.c ****   }
 573              		.loc 1 325 12 view .LVU197
 574 006e 0120     		movs	r0, #1
 575              	.LVL45:
 359:Drivers/STM32F1xx_HAL_Driver/Src/stm32f1xx_hal_exti.c **** }
 576              		.loc 1 359 1 view .LVU198
 577 0070 7047     		bx	lr
 578              	.LVL46:
 579              	.L41:
 580              		.cfi_def_cfa_offset 12
 581              		.cfi_offset 4, -12
 582              		.cfi_offset 5, -8
 583              		.cfi_offset 6, -4
 358:Drivers/STM32F1xx_HAL_Driver/Src/stm32f1xx_hal_exti.c **** }
 584              		.loc 1 358 10 view .LVU199
 585 0072 0020     		movs	r0, #0
 586              	.LVL47:
 587              	.L39:
 588              		.loc 1 359 1 view .LVU200
 589 0074 70BC     		pop	{r4, r5, r6}
 590              		.cfi_restore 6
 591              		.cfi_restore 5
 592              		.cfi_restore 4
 593              		.cfi_def_cfa_offset 0
 594              	.LVL48:
 595              		.loc 1 359 1 view .LVU201
 596 0076 7047     		bx	lr
 597              	.L49:
 598              		.align	2
 599              	.L48:
 600 0078 00040140 		.word	1073808384
 601 007c 00000140 		.word	1073807360
 602              		.cfi_endproc
 603              	.LFE67:
 605              		.section	.text.HAL_EXTI_RegisterCallback,"ax",%progbits
 606              		.align	1
 607              		.global	HAL_EXTI_RegisterCallback
 608              		.syntax unified
 609              		.thumb
 610              		.thumb_func
 611              		.fpu softvfp
 613              	HAL_EXTI_RegisterCallback:
ARM GAS  C:\Users\84886\AppData\Local\Temp\ccU4Suzq.s 			page 19


 614              	.LVL49:
 615              	.LFB68:
 360:Drivers/STM32F1xx_HAL_Driver/Src/stm32f1xx_hal_exti.c **** 
 361:Drivers/STM32F1xx_HAL_Driver/Src/stm32f1xx_hal_exti.c **** /**
 362:Drivers/STM32F1xx_HAL_Driver/Src/stm32f1xx_hal_exti.c ****   * @brief  Register callback for a dedicated Exti line.
 363:Drivers/STM32F1xx_HAL_Driver/Src/stm32f1xx_hal_exti.c ****   * @param  hexti Exti handle.
 364:Drivers/STM32F1xx_HAL_Driver/Src/stm32f1xx_hal_exti.c ****   * @param  CallbackID User callback identifier.
 365:Drivers/STM32F1xx_HAL_Driver/Src/stm32f1xx_hal_exti.c ****   *         This parameter can be one of @arg @ref EXTI_CallbackIDTypeDef values.
 366:Drivers/STM32F1xx_HAL_Driver/Src/stm32f1xx_hal_exti.c ****   * @param  pPendingCbfn function pointer to be stored as callback.
 367:Drivers/STM32F1xx_HAL_Driver/Src/stm32f1xx_hal_exti.c ****   * @retval HAL Status.
 368:Drivers/STM32F1xx_HAL_Driver/Src/stm32f1xx_hal_exti.c ****   */
 369:Drivers/STM32F1xx_HAL_Driver/Src/stm32f1xx_hal_exti.c **** HAL_StatusTypeDef HAL_EXTI_RegisterCallback(EXTI_HandleTypeDef *hexti, EXTI_CallbackIDTypeDef Callb
 370:Drivers/STM32F1xx_HAL_Driver/Src/stm32f1xx_hal_exti.c **** {
 616              		.loc 1 370 1 is_stmt 1 view -0
 617              		.cfi_startproc
 618              		@ args = 0, pretend = 0, frame = 0
 619              		@ frame_needed = 0, uses_anonymous_args = 0
 620              		@ link register save eliminated.
 621              		.loc 1 370 1 is_stmt 0 view .LVU203
 622 0000 0346     		mov	r3, r0
 371:Drivers/STM32F1xx_HAL_Driver/Src/stm32f1xx_hal_exti.c ****   HAL_StatusTypeDef status = HAL_OK;
 623              		.loc 1 371 3 is_stmt 1 view .LVU204
 624              	.LVL50:
 372:Drivers/STM32F1xx_HAL_Driver/Src/stm32f1xx_hal_exti.c **** 
 373:Drivers/STM32F1xx_HAL_Driver/Src/stm32f1xx_hal_exti.c ****   switch (CallbackID)
 625              		.loc 1 373 3 view .LVU205
 626 0002 0846     		mov	r0, r1
 627              	.LVL51:
 628              		.loc 1 373 3 is_stmt 0 view .LVU206
 629 0004 09B9     		cbnz	r1, .L52
 374:Drivers/STM32F1xx_HAL_Driver/Src/stm32f1xx_hal_exti.c ****   {
 375:Drivers/STM32F1xx_HAL_Driver/Src/stm32f1xx_hal_exti.c ****     case  HAL_EXTI_COMMON_CB_ID:
 376:Drivers/STM32F1xx_HAL_Driver/Src/stm32f1xx_hal_exti.c ****       hexti->PendingCallback = pPendingCbfn;
 630              		.loc 1 376 7 is_stmt 1 view .LVU207
 631              		.loc 1 376 30 is_stmt 0 view .LVU208
 632 0006 5A60     		str	r2, [r3, #4]
 377:Drivers/STM32F1xx_HAL_Driver/Src/stm32f1xx_hal_exti.c ****       break;
 633              		.loc 1 377 7 is_stmt 1 view .LVU209
 634 0008 7047     		bx	lr
 635              	.L52:
 378:Drivers/STM32F1xx_HAL_Driver/Src/stm32f1xx_hal_exti.c **** 
 379:Drivers/STM32F1xx_HAL_Driver/Src/stm32f1xx_hal_exti.c ****     default:
 380:Drivers/STM32F1xx_HAL_Driver/Src/stm32f1xx_hal_exti.c ****       status = HAL_ERROR;
 636              		.loc 1 380 14 is_stmt 0 view .LVU210
 637 000a 0120     		movs	r0, #1
 638              	.LVL52:
 381:Drivers/STM32F1xx_HAL_Driver/Src/stm32f1xx_hal_exti.c ****       break;
 382:Drivers/STM32F1xx_HAL_Driver/Src/stm32f1xx_hal_exti.c ****   }
 383:Drivers/STM32F1xx_HAL_Driver/Src/stm32f1xx_hal_exti.c **** 
 384:Drivers/STM32F1xx_HAL_Driver/Src/stm32f1xx_hal_exti.c ****   return status;
 639              		.loc 1 384 3 is_stmt 1 view .LVU211
 385:Drivers/STM32F1xx_HAL_Driver/Src/stm32f1xx_hal_exti.c **** }
 640              		.loc 1 385 1 is_stmt 0 view .LVU212
 641 000c 7047     		bx	lr
 642              		.cfi_endproc
 643              	.LFE68:
 645              		.section	.text.HAL_EXTI_GetHandle,"ax",%progbits
ARM GAS  C:\Users\84886\AppData\Local\Temp\ccU4Suzq.s 			page 20


 646              		.align	1
 647              		.global	HAL_EXTI_GetHandle
 648              		.syntax unified
 649              		.thumb
 650              		.thumb_func
 651              		.fpu softvfp
 653              	HAL_EXTI_GetHandle:
 654              	.LVL53:
 655              	.LFB69:
 386:Drivers/STM32F1xx_HAL_Driver/Src/stm32f1xx_hal_exti.c **** 
 387:Drivers/STM32F1xx_HAL_Driver/Src/stm32f1xx_hal_exti.c **** /**
 388:Drivers/STM32F1xx_HAL_Driver/Src/stm32f1xx_hal_exti.c ****   * @brief  Store line number as handle private field.
 389:Drivers/STM32F1xx_HAL_Driver/Src/stm32f1xx_hal_exti.c ****   * @param  hexti Exti handle.
 390:Drivers/STM32F1xx_HAL_Driver/Src/stm32f1xx_hal_exti.c ****   * @param  ExtiLine Exti line number.
 391:Drivers/STM32F1xx_HAL_Driver/Src/stm32f1xx_hal_exti.c ****   *         This parameter can be from 0 to @ref EXTI_LINE_NB.
 392:Drivers/STM32F1xx_HAL_Driver/Src/stm32f1xx_hal_exti.c ****   * @retval HAL Status.
 393:Drivers/STM32F1xx_HAL_Driver/Src/stm32f1xx_hal_exti.c ****   */
 394:Drivers/STM32F1xx_HAL_Driver/Src/stm32f1xx_hal_exti.c **** HAL_StatusTypeDef HAL_EXTI_GetHandle(EXTI_HandleTypeDef *hexti, uint32_t ExtiLine)
 395:Drivers/STM32F1xx_HAL_Driver/Src/stm32f1xx_hal_exti.c **** {
 656              		.loc 1 395 1 is_stmt 1 view -0
 657              		.cfi_startproc
 658              		@ args = 0, pretend = 0, frame = 0
 659              		@ frame_needed = 0, uses_anonymous_args = 0
 660              		@ link register save eliminated.
 396:Drivers/STM32F1xx_HAL_Driver/Src/stm32f1xx_hal_exti.c ****   /* Check the parameters */
 397:Drivers/STM32F1xx_HAL_Driver/Src/stm32f1xx_hal_exti.c ****   assert_param(IS_EXTI_LINE(ExtiLine));
 661              		.loc 1 397 3 view .LVU214
 398:Drivers/STM32F1xx_HAL_Driver/Src/stm32f1xx_hal_exti.c **** 
 399:Drivers/STM32F1xx_HAL_Driver/Src/stm32f1xx_hal_exti.c ****   /* Check null pointer */
 400:Drivers/STM32F1xx_HAL_Driver/Src/stm32f1xx_hal_exti.c ****   if (hexti == NULL)
 662              		.loc 1 400 3 view .LVU215
 663              		.loc 1 400 6 is_stmt 0 view .LVU216
 664 0000 10B1     		cbz	r0, .L55
 401:Drivers/STM32F1xx_HAL_Driver/Src/stm32f1xx_hal_exti.c ****   {
 402:Drivers/STM32F1xx_HAL_Driver/Src/stm32f1xx_hal_exti.c ****     return HAL_ERROR;
 403:Drivers/STM32F1xx_HAL_Driver/Src/stm32f1xx_hal_exti.c ****   }
 404:Drivers/STM32F1xx_HAL_Driver/Src/stm32f1xx_hal_exti.c ****   else
 405:Drivers/STM32F1xx_HAL_Driver/Src/stm32f1xx_hal_exti.c ****   {
 406:Drivers/STM32F1xx_HAL_Driver/Src/stm32f1xx_hal_exti.c ****     /* Store line number as handle private field */
 407:Drivers/STM32F1xx_HAL_Driver/Src/stm32f1xx_hal_exti.c ****     hexti->Line = ExtiLine;
 665              		.loc 1 407 5 is_stmt 1 view .LVU217
 666              		.loc 1 407 17 is_stmt 0 view .LVU218
 667 0002 0160     		str	r1, [r0]
 408:Drivers/STM32F1xx_HAL_Driver/Src/stm32f1xx_hal_exti.c **** 
 409:Drivers/STM32F1xx_HAL_Driver/Src/stm32f1xx_hal_exti.c ****     return HAL_OK;
 668              		.loc 1 409 5 is_stmt 1 view .LVU219
 669              		.loc 1 409 12 is_stmt 0 view .LVU220
 670 0004 0020     		movs	r0, #0
 671              	.LVL54:
 672              		.loc 1 409 12 view .LVU221
 673 0006 7047     		bx	lr
 674              	.LVL55:
 675              	.L55:
 402:Drivers/STM32F1xx_HAL_Driver/Src/stm32f1xx_hal_exti.c ****   }
 676              		.loc 1 402 12 view .LVU222
 677 0008 0120     		movs	r0, #1
 678              	.LVL56:
ARM GAS  C:\Users\84886\AppData\Local\Temp\ccU4Suzq.s 			page 21


 410:Drivers/STM32F1xx_HAL_Driver/Src/stm32f1xx_hal_exti.c ****   }
 411:Drivers/STM32F1xx_HAL_Driver/Src/stm32f1xx_hal_exti.c **** }
 679              		.loc 1 411 1 view .LVU223
 680 000a 7047     		bx	lr
 681              		.cfi_endproc
 682              	.LFE69:
 684              		.section	.text.HAL_EXTI_IRQHandler,"ax",%progbits
 685              		.align	1
 686              		.global	HAL_EXTI_IRQHandler
 687              		.syntax unified
 688              		.thumb
 689              		.thumb_func
 690              		.fpu softvfp
 692              	HAL_EXTI_IRQHandler:
 693              	.LVL57:
 694              	.LFB70:
 412:Drivers/STM32F1xx_HAL_Driver/Src/stm32f1xx_hal_exti.c **** 
 413:Drivers/STM32F1xx_HAL_Driver/Src/stm32f1xx_hal_exti.c **** /**
 414:Drivers/STM32F1xx_HAL_Driver/Src/stm32f1xx_hal_exti.c ****   * @}
 415:Drivers/STM32F1xx_HAL_Driver/Src/stm32f1xx_hal_exti.c ****   */
 416:Drivers/STM32F1xx_HAL_Driver/Src/stm32f1xx_hal_exti.c **** 
 417:Drivers/STM32F1xx_HAL_Driver/Src/stm32f1xx_hal_exti.c **** /** @addtogroup EXTI_Exported_Functions_Group2
 418:Drivers/STM32F1xx_HAL_Driver/Src/stm32f1xx_hal_exti.c ****   *  @brief EXTI IO functions.
 419:Drivers/STM32F1xx_HAL_Driver/Src/stm32f1xx_hal_exti.c ****   *
 420:Drivers/STM32F1xx_HAL_Driver/Src/stm32f1xx_hal_exti.c **** @verbatim
 421:Drivers/STM32F1xx_HAL_Driver/Src/stm32f1xx_hal_exti.c ****  ===============================================================================
 422:Drivers/STM32F1xx_HAL_Driver/Src/stm32f1xx_hal_exti.c ****                        ##### IO operation functions #####
 423:Drivers/STM32F1xx_HAL_Driver/Src/stm32f1xx_hal_exti.c ****  ===============================================================================
 424:Drivers/STM32F1xx_HAL_Driver/Src/stm32f1xx_hal_exti.c **** 
 425:Drivers/STM32F1xx_HAL_Driver/Src/stm32f1xx_hal_exti.c **** @endverbatim
 426:Drivers/STM32F1xx_HAL_Driver/Src/stm32f1xx_hal_exti.c ****   * @{
 427:Drivers/STM32F1xx_HAL_Driver/Src/stm32f1xx_hal_exti.c ****   */
 428:Drivers/STM32F1xx_HAL_Driver/Src/stm32f1xx_hal_exti.c **** 
 429:Drivers/STM32F1xx_HAL_Driver/Src/stm32f1xx_hal_exti.c **** /**
 430:Drivers/STM32F1xx_HAL_Driver/Src/stm32f1xx_hal_exti.c ****   * @brief  Handle EXTI interrupt request.
 431:Drivers/STM32F1xx_HAL_Driver/Src/stm32f1xx_hal_exti.c ****   * @param  hexti Exti handle.
 432:Drivers/STM32F1xx_HAL_Driver/Src/stm32f1xx_hal_exti.c ****   * @retval none.
 433:Drivers/STM32F1xx_HAL_Driver/Src/stm32f1xx_hal_exti.c ****   */
 434:Drivers/STM32F1xx_HAL_Driver/Src/stm32f1xx_hal_exti.c **** void HAL_EXTI_IRQHandler(EXTI_HandleTypeDef *hexti)
 435:Drivers/STM32F1xx_HAL_Driver/Src/stm32f1xx_hal_exti.c **** {
 695              		.loc 1 435 1 is_stmt 1 view -0
 696              		.cfi_startproc
 697              		@ args = 0, pretend = 0, frame = 0
 698              		@ frame_needed = 0, uses_anonymous_args = 0
 699              		.loc 1 435 1 is_stmt 0 view .LVU225
 700 0000 08B5     		push	{r3, lr}
 701              		.cfi_def_cfa_offset 8
 702              		.cfi_offset 3, -8
 703              		.cfi_offset 14, -4
 436:Drivers/STM32F1xx_HAL_Driver/Src/stm32f1xx_hal_exti.c ****   uint32_t regval;
 704              		.loc 1 436 3 is_stmt 1 view .LVU226
 437:Drivers/STM32F1xx_HAL_Driver/Src/stm32f1xx_hal_exti.c ****   uint32_t maskline;
 705              		.loc 1 437 3 view .LVU227
 438:Drivers/STM32F1xx_HAL_Driver/Src/stm32f1xx_hal_exti.c **** 
 439:Drivers/STM32F1xx_HAL_Driver/Src/stm32f1xx_hal_exti.c ****   /* Compute line mask */
 440:Drivers/STM32F1xx_HAL_Driver/Src/stm32f1xx_hal_exti.c ****   maskline = (1uL << (hexti->Line & EXTI_PIN_MASK));
 706              		.loc 1 440 3 view .LVU228
ARM GAS  C:\Users\84886\AppData\Local\Temp\ccU4Suzq.s 			page 22


 707              		.loc 1 440 28 is_stmt 0 view .LVU229
 708 0002 0368     		ldr	r3, [r0]
 709              		.loc 1 440 35 view .LVU230
 710 0004 03F01F02 		and	r2, r3, #31
 711              		.loc 1 440 12 view .LVU231
 712 0008 0123     		movs	r3, #1
 713 000a 9340     		lsls	r3, r3, r2
 714              	.LVL58:
 441:Drivers/STM32F1xx_HAL_Driver/Src/stm32f1xx_hal_exti.c **** 
 442:Drivers/STM32F1xx_HAL_Driver/Src/stm32f1xx_hal_exti.c ****   /* Get pending bit  */
 443:Drivers/STM32F1xx_HAL_Driver/Src/stm32f1xx_hal_exti.c ****   regval = (EXTI->PR & maskline);
 715              		.loc 1 443 3 is_stmt 1 view .LVU232
 716              		.loc 1 443 17 is_stmt 0 view .LVU233
 717 000c 044A     		ldr	r2, .L59
 718 000e 5269     		ldr	r2, [r2, #20]
 719              	.LVL59:
 444:Drivers/STM32F1xx_HAL_Driver/Src/stm32f1xx_hal_exti.c ****   if (regval != 0x00u)
 720              		.loc 1 444 3 is_stmt 1 view .LVU234
 721              		.loc 1 444 6 is_stmt 0 view .LVU235
 722 0010 1A42     		tst	r2, r3
 723 0012 04D0     		beq	.L56
 445:Drivers/STM32F1xx_HAL_Driver/Src/stm32f1xx_hal_exti.c ****   {
 446:Drivers/STM32F1xx_HAL_Driver/Src/stm32f1xx_hal_exti.c ****     /* Clear pending bit */
 447:Drivers/STM32F1xx_HAL_Driver/Src/stm32f1xx_hal_exti.c ****     EXTI->PR = maskline;
 724              		.loc 1 447 5 is_stmt 1 view .LVU236
 725              		.loc 1 447 14 is_stmt 0 view .LVU237
 726 0014 024A     		ldr	r2, .L59
 727              	.LVL60:
 728              		.loc 1 447 14 view .LVU238
 729 0016 5361     		str	r3, [r2, #20]
 448:Drivers/STM32F1xx_HAL_Driver/Src/stm32f1xx_hal_exti.c **** 
 449:Drivers/STM32F1xx_HAL_Driver/Src/stm32f1xx_hal_exti.c ****     /* Call callback */
 450:Drivers/STM32F1xx_HAL_Driver/Src/stm32f1xx_hal_exti.c ****     if (hexti->PendingCallback != NULL)
 730              		.loc 1 450 5 is_stmt 1 view .LVU239
 731              		.loc 1 450 14 is_stmt 0 view .LVU240
 732 0018 4368     		ldr	r3, [r0, #4]
 733              	.LVL61:
 734              		.loc 1 450 8 view .LVU241
 735 001a 03B1     		cbz	r3, .L56
 451:Drivers/STM32F1xx_HAL_Driver/Src/stm32f1xx_hal_exti.c ****     {
 452:Drivers/STM32F1xx_HAL_Driver/Src/stm32f1xx_hal_exti.c ****       hexti->PendingCallback();
 736              		.loc 1 452 7 is_stmt 1 view .LVU242
 737 001c 9847     		blx	r3
 738              	.LVL62:
 739              	.L56:
 453:Drivers/STM32F1xx_HAL_Driver/Src/stm32f1xx_hal_exti.c ****     }
 454:Drivers/STM32F1xx_HAL_Driver/Src/stm32f1xx_hal_exti.c ****   }
 455:Drivers/STM32F1xx_HAL_Driver/Src/stm32f1xx_hal_exti.c **** }
 740              		.loc 1 455 1 is_stmt 0 view .LVU243
 741 001e 08BD     		pop	{r3, pc}
 742              	.L60:
 743              		.align	2
 744              	.L59:
 745 0020 00040140 		.word	1073808384
 746              		.cfi_endproc
 747              	.LFE70:
 749              		.section	.text.HAL_EXTI_GetPending,"ax",%progbits
ARM GAS  C:\Users\84886\AppData\Local\Temp\ccU4Suzq.s 			page 23


 750              		.align	1
 751              		.global	HAL_EXTI_GetPending
 752              		.syntax unified
 753              		.thumb
 754              		.thumb_func
 755              		.fpu softvfp
 757              	HAL_EXTI_GetPending:
 758              	.LVL63:
 759              	.LFB71:
 456:Drivers/STM32F1xx_HAL_Driver/Src/stm32f1xx_hal_exti.c **** 
 457:Drivers/STM32F1xx_HAL_Driver/Src/stm32f1xx_hal_exti.c **** /**
 458:Drivers/STM32F1xx_HAL_Driver/Src/stm32f1xx_hal_exti.c ****   * @brief  Get interrupt pending bit of a dedicated line.
 459:Drivers/STM32F1xx_HAL_Driver/Src/stm32f1xx_hal_exti.c ****   * @param  hexti Exti handle.
 460:Drivers/STM32F1xx_HAL_Driver/Src/stm32f1xx_hal_exti.c ****   * @param  Edge Specify which pending edge as to be checked.
 461:Drivers/STM32F1xx_HAL_Driver/Src/stm32f1xx_hal_exti.c ****   *         This parameter can be one of the following values:
 462:Drivers/STM32F1xx_HAL_Driver/Src/stm32f1xx_hal_exti.c ****   *           @arg @ref EXTI_TRIGGER_RISING_FALLING
 463:Drivers/STM32F1xx_HAL_Driver/Src/stm32f1xx_hal_exti.c ****   *         This parameter is kept for compatibility with other series.
 464:Drivers/STM32F1xx_HAL_Driver/Src/stm32f1xx_hal_exti.c ****   * @retval 1 if interrupt is pending else 0.
 465:Drivers/STM32F1xx_HAL_Driver/Src/stm32f1xx_hal_exti.c ****   */
 466:Drivers/STM32F1xx_HAL_Driver/Src/stm32f1xx_hal_exti.c **** uint32_t HAL_EXTI_GetPending(EXTI_HandleTypeDef *hexti, uint32_t Edge)
 467:Drivers/STM32F1xx_HAL_Driver/Src/stm32f1xx_hal_exti.c **** {
 760              		.loc 1 467 1 is_stmt 1 view -0
 761              		.cfi_startproc
 762              		@ args = 0, pretend = 0, frame = 0
 763              		@ frame_needed = 0, uses_anonymous_args = 0
 764              		@ link register save eliminated.
 468:Drivers/STM32F1xx_HAL_Driver/Src/stm32f1xx_hal_exti.c ****   uint32_t regval;
 765              		.loc 1 468 3 view .LVU245
 469:Drivers/STM32F1xx_HAL_Driver/Src/stm32f1xx_hal_exti.c ****   uint32_t maskline;
 766              		.loc 1 469 3 view .LVU246
 470:Drivers/STM32F1xx_HAL_Driver/Src/stm32f1xx_hal_exti.c ****   uint32_t linepos;
 767              		.loc 1 470 3 view .LVU247
 471:Drivers/STM32F1xx_HAL_Driver/Src/stm32f1xx_hal_exti.c **** 
 472:Drivers/STM32F1xx_HAL_Driver/Src/stm32f1xx_hal_exti.c ****   /* Check parameters */
 473:Drivers/STM32F1xx_HAL_Driver/Src/stm32f1xx_hal_exti.c ****   assert_param(IS_EXTI_LINE(hexti->Line));
 768              		.loc 1 473 3 view .LVU248
 474:Drivers/STM32F1xx_HAL_Driver/Src/stm32f1xx_hal_exti.c ****   assert_param(IS_EXTI_CONFIG_LINE(hexti->Line));
 769              		.loc 1 474 3 view .LVU249
 475:Drivers/STM32F1xx_HAL_Driver/Src/stm32f1xx_hal_exti.c ****   assert_param(IS_EXTI_PENDING_EDGE(Edge));
 770              		.loc 1 475 3 view .LVU250
 476:Drivers/STM32F1xx_HAL_Driver/Src/stm32f1xx_hal_exti.c **** 
 477:Drivers/STM32F1xx_HAL_Driver/Src/stm32f1xx_hal_exti.c ****   /* Prevent unused argument compilation warning */
 478:Drivers/STM32F1xx_HAL_Driver/Src/stm32f1xx_hal_exti.c ****   UNUSED(Edge);
 771              		.loc 1 478 3 view .LVU251
 479:Drivers/STM32F1xx_HAL_Driver/Src/stm32f1xx_hal_exti.c **** 
 480:Drivers/STM32F1xx_HAL_Driver/Src/stm32f1xx_hal_exti.c ****   /* Compute line mask */
 481:Drivers/STM32F1xx_HAL_Driver/Src/stm32f1xx_hal_exti.c ****   linepos = (hexti->Line & EXTI_PIN_MASK);
 772              		.loc 1 481 3 view .LVU252
 773              		.loc 1 481 19 is_stmt 0 view .LVU253
 774 0000 0368     		ldr	r3, [r0]
 775              		.loc 1 481 11 view .LVU254
 776 0002 03F01F03 		and	r3, r3, #31
 777              	.LVL64:
 482:Drivers/STM32F1xx_HAL_Driver/Src/stm32f1xx_hal_exti.c ****   maskline = (1uL << linepos);
 778              		.loc 1 482 3 is_stmt 1 view .LVU255
 779              		.loc 1 482 12 is_stmt 0 view .LVU256
 780 0006 0120     		movs	r0, #1
ARM GAS  C:\Users\84886\AppData\Local\Temp\ccU4Suzq.s 			page 24


 781              	.LVL65:
 782              		.loc 1 482 12 view .LVU257
 783 0008 00FA03F2 		lsl	r2, r0, r3
 784              	.LVL66:
 483:Drivers/STM32F1xx_HAL_Driver/Src/stm32f1xx_hal_exti.c **** 
 484:Drivers/STM32F1xx_HAL_Driver/Src/stm32f1xx_hal_exti.c ****   /* return 1 if bit is set else 0 */
 485:Drivers/STM32F1xx_HAL_Driver/Src/stm32f1xx_hal_exti.c ****   regval = ((EXTI->PR & maskline) >> linepos);
 785              		.loc 1 485 3 is_stmt 1 view .LVU258
 786              		.loc 1 485 18 is_stmt 0 view .LVU259
 787 000c 0249     		ldr	r1, .L62
 788              	.LVL67:
 789              		.loc 1 485 18 view .LVU260
 790 000e 4869     		ldr	r0, [r1, #20]
 791              		.loc 1 485 23 view .LVU261
 792 0010 1040     		ands	r0, r0, r2
 793              	.LVL68:
 486:Drivers/STM32F1xx_HAL_Driver/Src/stm32f1xx_hal_exti.c ****   return regval;
 794              		.loc 1 486 3 is_stmt 1 view .LVU262
 487:Drivers/STM32F1xx_HAL_Driver/Src/stm32f1xx_hal_exti.c **** }
 795              		.loc 1 487 1 is_stmt 0 view .LVU263
 796 0012 D840     		lsrs	r0, r0, r3
 797              	.LVL69:
 798              		.loc 1 487 1 view .LVU264
 799 0014 7047     		bx	lr
 800              	.L63:
 801 0016 00BF     		.align	2
 802              	.L62:
 803 0018 00040140 		.word	1073808384
 804              		.cfi_endproc
 805              	.LFE71:
 807              		.section	.text.HAL_EXTI_ClearPending,"ax",%progbits
 808              		.align	1
 809              		.global	HAL_EXTI_ClearPending
 810              		.syntax unified
 811              		.thumb
 812              		.thumb_func
 813              		.fpu softvfp
 815              	HAL_EXTI_ClearPending:
 816              	.LVL70:
 817              	.LFB72:
 488:Drivers/STM32F1xx_HAL_Driver/Src/stm32f1xx_hal_exti.c **** 
 489:Drivers/STM32F1xx_HAL_Driver/Src/stm32f1xx_hal_exti.c **** /**
 490:Drivers/STM32F1xx_HAL_Driver/Src/stm32f1xx_hal_exti.c ****   * @brief  Clear interrupt pending bit of a dedicated line.
 491:Drivers/STM32F1xx_HAL_Driver/Src/stm32f1xx_hal_exti.c ****   * @param  hexti Exti handle.
 492:Drivers/STM32F1xx_HAL_Driver/Src/stm32f1xx_hal_exti.c ****   * @param  Edge Specify which pending edge as to be clear.
 493:Drivers/STM32F1xx_HAL_Driver/Src/stm32f1xx_hal_exti.c ****   *         This parameter can be one of the following values:
 494:Drivers/STM32F1xx_HAL_Driver/Src/stm32f1xx_hal_exti.c ****   *           @arg @ref EXTI_TRIGGER_RISING_FALLING
 495:Drivers/STM32F1xx_HAL_Driver/Src/stm32f1xx_hal_exti.c ****   *         This parameter is kept for compatibility with other series.
 496:Drivers/STM32F1xx_HAL_Driver/Src/stm32f1xx_hal_exti.c ****   * @retval None.
 497:Drivers/STM32F1xx_HAL_Driver/Src/stm32f1xx_hal_exti.c ****   */
 498:Drivers/STM32F1xx_HAL_Driver/Src/stm32f1xx_hal_exti.c **** void HAL_EXTI_ClearPending(EXTI_HandleTypeDef *hexti, uint32_t Edge)
 499:Drivers/STM32F1xx_HAL_Driver/Src/stm32f1xx_hal_exti.c **** {
 818              		.loc 1 499 1 is_stmt 1 view -0
 819              		.cfi_startproc
 820              		@ args = 0, pretend = 0, frame = 0
 821              		@ frame_needed = 0, uses_anonymous_args = 0
 822              		@ link register save eliminated.
ARM GAS  C:\Users\84886\AppData\Local\Temp\ccU4Suzq.s 			page 25


 500:Drivers/STM32F1xx_HAL_Driver/Src/stm32f1xx_hal_exti.c ****   uint32_t maskline;
 823              		.loc 1 500 3 view .LVU266
 501:Drivers/STM32F1xx_HAL_Driver/Src/stm32f1xx_hal_exti.c **** 
 502:Drivers/STM32F1xx_HAL_Driver/Src/stm32f1xx_hal_exti.c ****   /* Check parameters */
 503:Drivers/STM32F1xx_HAL_Driver/Src/stm32f1xx_hal_exti.c ****   assert_param(IS_EXTI_LINE(hexti->Line));
 824              		.loc 1 503 3 view .LVU267
 504:Drivers/STM32F1xx_HAL_Driver/Src/stm32f1xx_hal_exti.c ****   assert_param(IS_EXTI_CONFIG_LINE(hexti->Line));
 825              		.loc 1 504 3 view .LVU268
 505:Drivers/STM32F1xx_HAL_Driver/Src/stm32f1xx_hal_exti.c ****   assert_param(IS_EXTI_PENDING_EDGE(Edge));
 826              		.loc 1 505 3 view .LVU269
 506:Drivers/STM32F1xx_HAL_Driver/Src/stm32f1xx_hal_exti.c **** 
 507:Drivers/STM32F1xx_HAL_Driver/Src/stm32f1xx_hal_exti.c ****   /* Prevent unused argument compilation warning */
 508:Drivers/STM32F1xx_HAL_Driver/Src/stm32f1xx_hal_exti.c ****   UNUSED(Edge);
 827              		.loc 1 508 3 view .LVU270
 509:Drivers/STM32F1xx_HAL_Driver/Src/stm32f1xx_hal_exti.c **** 
 510:Drivers/STM32F1xx_HAL_Driver/Src/stm32f1xx_hal_exti.c ****   /* Compute line mask */
 511:Drivers/STM32F1xx_HAL_Driver/Src/stm32f1xx_hal_exti.c ****   maskline = (1uL << (hexti->Line & EXTI_PIN_MASK));
 828              		.loc 1 511 3 view .LVU271
 829              		.loc 1 511 28 is_stmt 0 view .LVU272
 830 0000 0268     		ldr	r2, [r0]
 831              		.loc 1 511 35 view .LVU273
 832 0002 02F01F02 		and	r2, r2, #31
 833              		.loc 1 511 12 view .LVU274
 834 0006 0123     		movs	r3, #1
 835 0008 9340     		lsls	r3, r3, r2
 836              	.LVL71:
 512:Drivers/STM32F1xx_HAL_Driver/Src/stm32f1xx_hal_exti.c **** 
 513:Drivers/STM32F1xx_HAL_Driver/Src/stm32f1xx_hal_exti.c ****   /* Clear Pending bit */
 514:Drivers/STM32F1xx_HAL_Driver/Src/stm32f1xx_hal_exti.c ****   EXTI->PR =  maskline;
 837              		.loc 1 514 3 is_stmt 1 view .LVU275
 838              		.loc 1 514 12 is_stmt 0 view .LVU276
 839 000a 014A     		ldr	r2, .L65
 840 000c 5361     		str	r3, [r2, #20]
 515:Drivers/STM32F1xx_HAL_Driver/Src/stm32f1xx_hal_exti.c **** }
 841              		.loc 1 515 1 view .LVU277
 842 000e 7047     		bx	lr
 843              	.L66:
 844              		.align	2
 845              	.L65:
 846 0010 00040140 		.word	1073808384
 847              		.cfi_endproc
 848              	.LFE72:
 850              		.section	.text.HAL_EXTI_GenerateSWI,"ax",%progbits
 851              		.align	1
 852              		.global	HAL_EXTI_GenerateSWI
 853              		.syntax unified
 854              		.thumb
 855              		.thumb_func
 856              		.fpu softvfp
 858              	HAL_EXTI_GenerateSWI:
 859              	.LVL72:
 860              	.LFB73:
 516:Drivers/STM32F1xx_HAL_Driver/Src/stm32f1xx_hal_exti.c **** 
 517:Drivers/STM32F1xx_HAL_Driver/Src/stm32f1xx_hal_exti.c **** /**
 518:Drivers/STM32F1xx_HAL_Driver/Src/stm32f1xx_hal_exti.c ****   * @brief  Generate a software interrupt for a dedicated line.
 519:Drivers/STM32F1xx_HAL_Driver/Src/stm32f1xx_hal_exti.c ****   * @param  hexti Exti handle.
 520:Drivers/STM32F1xx_HAL_Driver/Src/stm32f1xx_hal_exti.c ****   * @retval None.
ARM GAS  C:\Users\84886\AppData\Local\Temp\ccU4Suzq.s 			page 26


 521:Drivers/STM32F1xx_HAL_Driver/Src/stm32f1xx_hal_exti.c ****   */
 522:Drivers/STM32F1xx_HAL_Driver/Src/stm32f1xx_hal_exti.c **** void HAL_EXTI_GenerateSWI(EXTI_HandleTypeDef *hexti)
 523:Drivers/STM32F1xx_HAL_Driver/Src/stm32f1xx_hal_exti.c **** {
 861              		.loc 1 523 1 is_stmt 1 view -0
 862              		.cfi_startproc
 863              		@ args = 0, pretend = 0, frame = 0
 864              		@ frame_needed = 0, uses_anonymous_args = 0
 865              		@ link register save eliminated.
 524:Drivers/STM32F1xx_HAL_Driver/Src/stm32f1xx_hal_exti.c ****   uint32_t maskline;
 866              		.loc 1 524 3 view .LVU279
 525:Drivers/STM32F1xx_HAL_Driver/Src/stm32f1xx_hal_exti.c **** 
 526:Drivers/STM32F1xx_HAL_Driver/Src/stm32f1xx_hal_exti.c ****   /* Check parameters */
 527:Drivers/STM32F1xx_HAL_Driver/Src/stm32f1xx_hal_exti.c ****   assert_param(IS_EXTI_LINE(hexti->Line));
 867              		.loc 1 527 3 view .LVU280
 528:Drivers/STM32F1xx_HAL_Driver/Src/stm32f1xx_hal_exti.c ****   assert_param(IS_EXTI_CONFIG_LINE(hexti->Line));
 868              		.loc 1 528 3 view .LVU281
 529:Drivers/STM32F1xx_HAL_Driver/Src/stm32f1xx_hal_exti.c **** 
 530:Drivers/STM32F1xx_HAL_Driver/Src/stm32f1xx_hal_exti.c ****   /* Compute line mask */
 531:Drivers/STM32F1xx_HAL_Driver/Src/stm32f1xx_hal_exti.c ****   maskline = (1uL << (hexti->Line & EXTI_PIN_MASK));
 869              		.loc 1 531 3 view .LVU282
 870              		.loc 1 531 28 is_stmt 0 view .LVU283
 871 0000 0268     		ldr	r2, [r0]
 872              		.loc 1 531 35 view .LVU284
 873 0002 02F01F02 		and	r2, r2, #31
 874              		.loc 1 531 12 view .LVU285
 875 0006 0123     		movs	r3, #1
 876 0008 9340     		lsls	r3, r3, r2
 877              	.LVL73:
 532:Drivers/STM32F1xx_HAL_Driver/Src/stm32f1xx_hal_exti.c **** 
 533:Drivers/STM32F1xx_HAL_Driver/Src/stm32f1xx_hal_exti.c ****   /* Generate Software interrupt */
 534:Drivers/STM32F1xx_HAL_Driver/Src/stm32f1xx_hal_exti.c ****   EXTI->SWIER = maskline;
 878              		.loc 1 534 3 is_stmt 1 view .LVU286
 879              		.loc 1 534 15 is_stmt 0 view .LVU287
 880 000a 014A     		ldr	r2, .L68
 881 000c 1361     		str	r3, [r2, #16]
 535:Drivers/STM32F1xx_HAL_Driver/Src/stm32f1xx_hal_exti.c **** }
 882              		.loc 1 535 1 view .LVU288
 883 000e 7047     		bx	lr
 884              	.L69:
 885              		.align	2
 886              	.L68:
 887 0010 00040140 		.word	1073808384
 888              		.cfi_endproc
 889              	.LFE73:
 891              		.text
 892              	.Letext0:
 893              		.file 2 "c:\\users\\84886\\desktop\\project stm32\\tool\\arm-gnu-toolchain-12.2.mpacbti-rel1-mingw
 894              		.file 3 "c:\\users\\84886\\desktop\\project stm32\\tool\\arm-gnu-toolchain-12.2.mpacbti-rel1-mingw
 895              		.file 4 "Drivers/CMSIS/Include/core_cm3.h"
 896              		.file 5 "Drivers/CMSIS/Device/ST/STM32F1xx/Include/system_stm32f1xx.h"
 897              		.file 6 "Drivers/CMSIS/Device/ST/STM32F1xx/Include/stm32f103xb.h"
 898              		.file 7 "Drivers/STM32F1xx_HAL_Driver/Inc/stm32f1xx_hal_def.h"
 899              		.file 8 "Drivers/STM32F1xx_HAL_Driver/Inc/stm32f1xx_hal_exti.h"
 900              		.file 9 "Drivers/STM32F1xx_HAL_Driver/Inc/stm32f1xx_hal.h"
ARM GAS  C:\Users\84886\AppData\Local\Temp\ccU4Suzq.s 			page 27


DEFINED SYMBOLS
                            *ABS*:00000000 stm32f1xx_hal_exti.c
C:\Users\84886\AppData\Local\Temp\ccU4Suzq.s:16     .text.HAL_EXTI_SetConfigLine:00000000 $t
C:\Users\84886\AppData\Local\Temp\ccU4Suzq.s:24     .text.HAL_EXTI_SetConfigLine:00000000 HAL_EXTI_SetConfigLine
C:\Users\84886\AppData\Local\Temp\ccU4Suzq.s:242    .text.HAL_EXTI_SetConfigLine:000000d0 $d
C:\Users\84886\AppData\Local\Temp\ccU4Suzq.s:248    .text.HAL_EXTI_GetConfigLine:00000000 $t
C:\Users\84886\AppData\Local\Temp\ccU4Suzq.s:255    .text.HAL_EXTI_GetConfigLine:00000000 HAL_EXTI_GetConfigLine
C:\Users\84886\AppData\Local\Temp\ccU4Suzq.s:437    .text.HAL_EXTI_GetConfigLine:000000a0 $d
C:\Users\84886\AppData\Local\Temp\ccU4Suzq.s:443    .text.HAL_EXTI_ClearConfigLine:00000000 $t
C:\Users\84886\AppData\Local\Temp\ccU4Suzq.s:450    .text.HAL_EXTI_ClearConfigLine:00000000 HAL_EXTI_ClearConfigLine
C:\Users\84886\AppData\Local\Temp\ccU4Suzq.s:600    .text.HAL_EXTI_ClearConfigLine:00000078 $d
C:\Users\84886\AppData\Local\Temp\ccU4Suzq.s:606    .text.HAL_EXTI_RegisterCallback:00000000 $t
C:\Users\84886\AppData\Local\Temp\ccU4Suzq.s:613    .text.HAL_EXTI_RegisterCallback:00000000 HAL_EXTI_RegisterCallback
C:\Users\84886\AppData\Local\Temp\ccU4Suzq.s:646    .text.HAL_EXTI_GetHandle:00000000 $t
C:\Users\84886\AppData\Local\Temp\ccU4Suzq.s:653    .text.HAL_EXTI_GetHandle:00000000 HAL_EXTI_GetHandle
C:\Users\84886\AppData\Local\Temp\ccU4Suzq.s:685    .text.HAL_EXTI_IRQHandler:00000000 $t
C:\Users\84886\AppData\Local\Temp\ccU4Suzq.s:692    .text.HAL_EXTI_IRQHandler:00000000 HAL_EXTI_IRQHandler
C:\Users\84886\AppData\Local\Temp\ccU4Suzq.s:745    .text.HAL_EXTI_IRQHandler:00000020 $d
C:\Users\84886\AppData\Local\Temp\ccU4Suzq.s:750    .text.HAL_EXTI_GetPending:00000000 $t
C:\Users\84886\AppData\Local\Temp\ccU4Suzq.s:757    .text.HAL_EXTI_GetPending:00000000 HAL_EXTI_GetPending
C:\Users\84886\AppData\Local\Temp\ccU4Suzq.s:803    .text.HAL_EXTI_GetPending:00000018 $d
C:\Users\84886\AppData\Local\Temp\ccU4Suzq.s:808    .text.HAL_EXTI_ClearPending:00000000 $t
C:\Users\84886\AppData\Local\Temp\ccU4Suzq.s:815    .text.HAL_EXTI_ClearPending:00000000 HAL_EXTI_ClearPending
C:\Users\84886\AppData\Local\Temp\ccU4Suzq.s:846    .text.HAL_EXTI_ClearPending:00000010 $d
C:\Users\84886\AppData\Local\Temp\ccU4Suzq.s:851    .text.HAL_EXTI_GenerateSWI:00000000 $t
C:\Users\84886\AppData\Local\Temp\ccU4Suzq.s:858    .text.HAL_EXTI_GenerateSWI:00000000 HAL_EXTI_GenerateSWI
C:\Users\84886\AppData\Local\Temp\ccU4Suzq.s:887    .text.HAL_EXTI_GenerateSWI:00000010 $d

NO UNDEFINED SYMBOLS
